[0.962s] DEBUG:colcon:Command line arguments: ['/usr/bin/colcon', 'build', '--packages-select', 'turtle_hunter_bringup', '--symlink-install']
[0.963s] DEBUG:colcon:Parsed command line arguments: Namespace(log_base=None, log_level=None, verb_name='build', build_base='build', install_base='install', merge_install=False, symlink_install=True, test_result_base=None, continue_on_error=False, executor='parallel', parallel_workers=16, event_handlers=None, ignore_user_meta=False, metas=['./colcon.meta'], base_paths=['.'], packages_ignore=None, packages_ignore_regex=None, paths=None, packages_up_to=None, packages_up_to_regex=None, packages_above=None, packages_above_and_dependencies=None, packages_above_depth=None, packages_select_by_dep=None, packages_skip_by_dep=None, packages_skip_up_to=None, packages_select_build_failed=False, packages_skip_build_finished=False, packages_select_test_failures=False, packages_skip_test_passed=False, packages_select=['turtle_hunter_bringup'], packages_skip=None, packages_select_regex=None, packages_skip_regex=None, packages_start=None, packages_end=None, allow_overriding=[], cmake_args=None, cmake_target=None, cmake_target_skip_unavailable=False, cmake_clean_cache=False, cmake_clean_first=False, cmake_force_configure=False, ament_cmake_args=None, catkin_cmake_args=None, catkin_skip_building_tests=False, verb_parser=<colcon_defaults.argument_parser.defaults.DefaultArgumentsDecorator object at 0x7ff7ca1290c0>, verb_extension=<colcon_core.verb.build.BuildVerb object at 0x7ff7caa94d60>, main=<bound method BuildVerb.main of <colcon_core.verb.build.BuildVerb object at 0x7ff7caa94d60>>)
[1.033s] Level 1:colcon.colcon_core.package_discovery:discover_packages(colcon_meta) check parameters
[1.033s] Level 1:colcon.colcon_core.package_discovery:discover_packages(recursive) check parameters
[1.033s] Level 1:colcon.colcon_core.package_discovery:discover_packages(ignore) check parameters
[1.033s] Level 1:colcon.colcon_core.package_discovery:discover_packages(path) check parameters
[1.033s] Level 1:colcon.colcon_core.package_discovery:discover_packages(colcon_meta) discover
[1.033s] Level 1:colcon.colcon_core.package_discovery:discover_packages(recursive) discover
[1.033s] INFO:colcon.colcon_core.package_discovery:Crawling recursively for packages in '/home/bojan/ros2_project_04'
[1.033s] Level 1:colcon.colcon_core.package_identification:_identify(.) by extensions ['ignore', 'ignore_ament_install']
[1.033s] Level 1:colcon.colcon_core.package_identification:_identify(.) by extension 'ignore'
[1.033s] Level 1:colcon.colcon_core.package_identification:_identify(.) by extension 'ignore_ament_install'
[1.033s] Level 1:colcon.colcon_core.package_identification:_identify(.) by extensions ['colcon_pkg']
[1.033s] Level 1:colcon.colcon_core.package_identification:_identify(.) by extension 'colcon_pkg'
[1.033s] Level 1:colcon.colcon_core.package_identification:_identify(.) by extensions ['colcon_meta']
[1.034s] Level 1:colcon.colcon_core.package_identification:_identify(.) by extension 'colcon_meta'
[1.034s] Level 1:colcon.colcon_core.package_identification:_identify(.) by extensions ['ros']
[1.034s] Level 1:colcon.colcon_core.package_identification:_identify(.) by extension 'ros'
[1.062s] Level 1:colcon.colcon_core.package_identification:_identify(.) by extensions ['cmake', 'python']
[1.062s] Level 1:colcon.colcon_core.package_identification:_identify(.) by extension 'cmake'
[1.062s] Level 1:colcon.colcon_core.package_identification:_identify(.) by extension 'python'
[1.063s] Level 1:colcon.colcon_core.package_identification:_identify(.) by extensions ['python_setup_py']
[1.063s] Level 1:colcon.colcon_core.package_identification:_identify(.) by extension 'python_setup_py'
[1.063s] Level 1:colcon.colcon_core.package_identification:_identify(build) by extensions ['ignore', 'ignore_ament_install']
[1.063s] Level 1:colcon.colcon_core.package_identification:_identify(build) by extension 'ignore'
[1.063s] Level 1:colcon.colcon_core.package_identification:_identify(build) ignored
[1.063s] Level 1:colcon.colcon_core.package_identification:_identify(install) by extensions ['ignore', 'ignore_ament_install']
[1.063s] Level 1:colcon.colcon_core.package_identification:_identify(install) by extension 'ignore'
[1.063s] Level 1:colcon.colcon_core.package_identification:_identify(install) ignored
[1.063s] Level 1:colcon.colcon_core.package_identification:_identify(log) by extensions ['ignore', 'ignore_ament_install']
[1.063s] Level 1:colcon.colcon_core.package_identification:_identify(log) by extension 'ignore'
[1.063s] Level 1:colcon.colcon_core.package_identification:_identify(log) ignored
[1.063s] Level 1:colcon.colcon_core.package_identification:_identify(src) by extensions ['ignore', 'ignore_ament_install']
[1.063s] Level 1:colcon.colcon_core.package_identification:_identify(src) by extension 'ignore'
[1.063s] Level 1:colcon.colcon_core.package_identification:_identify(src) by extension 'ignore_ament_install'
[1.064s] Level 1:colcon.colcon_core.package_identification:_identify(src) by extensions ['colcon_pkg']
[1.064s] Level 1:colcon.colcon_core.package_identification:_identify(src) by extension 'colcon_pkg'
[1.064s] Level 1:colcon.colcon_core.package_identification:_identify(src) by extensions ['colcon_meta']
[1.064s] Level 1:colcon.colcon_core.package_identification:_identify(src) by extension 'colcon_meta'
[1.064s] Level 1:colcon.colcon_core.package_identification:_identify(src) by extensions ['ros']
[1.064s] Level 1:colcon.colcon_core.package_identification:_identify(src) by extension 'ros'
[1.064s] Level 1:colcon.colcon_core.package_identification:_identify(src) by extensions ['cmake', 'python']
[1.064s] Level 1:colcon.colcon_core.package_identification:_identify(src) by extension 'cmake'
[1.064s] Level 1:colcon.colcon_core.package_identification:_identify(src) by extension 'python'
[1.064s] Level 1:colcon.colcon_core.package_identification:_identify(src) by extensions ['python_setup_py']
[1.064s] Level 1:colcon.colcon_core.package_identification:_identify(src) by extension 'python_setup_py'
[1.070s] Level 1:colcon.colcon_core.package_identification:_identify(src/turtle_hunter) by extensions ['ignore', 'ignore_ament_install']
[1.070s] Level 1:colcon.colcon_core.package_identification:_identify(src/turtle_hunter) by extension 'ignore'
[1.070s] Level 1:colcon.colcon_core.package_identification:_identify(src/turtle_hunter) by extension 'ignore_ament_install'
[1.070s] Level 1:colcon.colcon_core.package_identification:_identify(src/turtle_hunter) by extensions ['colcon_pkg']
[1.070s] Level 1:colcon.colcon_core.package_identification:_identify(src/turtle_hunter) by extension 'colcon_pkg'
[1.070s] Level 1:colcon.colcon_core.package_identification:_identify(src/turtle_hunter) by extensions ['colcon_meta']
[1.070s] Level 1:colcon.colcon_core.package_identification:_identify(src/turtle_hunter) by extension 'colcon_meta'
[1.070s] Level 1:colcon.colcon_core.package_identification:_identify(src/turtle_hunter) by extensions ['ros']
[1.070s] Level 1:colcon.colcon_core.package_identification:_identify(src/turtle_hunter) by extension 'ros'
[1.073s] DEBUG:colcon.colcon_core.package_identification:Package 'src/turtle_hunter' with type 'ros.ament_python' and name 'turtle_hunter'
[1.073s] Level 1:colcon.colcon_core.package_identification:_identify(src/turtle_hunter_bringup) by extensions ['ignore', 'ignore_ament_install']
[1.073s] Level 1:colcon.colcon_core.package_identification:_identify(src/turtle_hunter_bringup) by extension 'ignore'
[1.073s] Level 1:colcon.colcon_core.package_identification:_identify(src/turtle_hunter_bringup) by extension 'ignore_ament_install'
[1.073s] Level 1:colcon.colcon_core.package_identification:_identify(src/turtle_hunter_bringup) by extensions ['colcon_pkg']
[1.073s] Level 1:colcon.colcon_core.package_identification:_identify(src/turtle_hunter_bringup) by extension 'colcon_pkg'
[1.073s] Level 1:colcon.colcon_core.package_identification:_identify(src/turtle_hunter_bringup) by extensions ['colcon_meta']
[1.073s] Level 1:colcon.colcon_core.package_identification:_identify(src/turtle_hunter_bringup) by extension 'colcon_meta'
[1.073s] Level 1:colcon.colcon_core.package_identification:_identify(src/turtle_hunter_bringup) by extensions ['ros']
[1.073s] Level 1:colcon.colcon_core.package_identification:_identify(src/turtle_hunter_bringup) by extension 'ros'
[1.074s] DEBUG:colcon.colcon_core.package_identification:Package 'src/turtle_hunter_bringup' with type 'ros.ament_cmake' and name 'turtle_hunter_bringup'
[1.074s] Level 1:colcon.colcon_core.package_identification:_identify(src/turtle_hunter_interfaces) by extensions ['ignore', 'ignore_ament_install']
[1.074s] Level 1:colcon.colcon_core.package_identification:_identify(src/turtle_hunter_interfaces) by extension 'ignore'
[1.074s] Level 1:colcon.colcon_core.package_identification:_identify(src/turtle_hunter_interfaces) by extension 'ignore_ament_install'
[1.074s] Level 1:colcon.colcon_core.package_identification:_identify(src/turtle_hunter_interfaces) by extensions ['colcon_pkg']
[1.080s] Level 1:colcon.colcon_core.package_identification:_identify(src/turtle_hunter_interfaces) by extension 'colcon_pkg'
[1.080s] Level 1:colcon.colcon_core.package_identification:_identify(src/turtle_hunter_interfaces) by extensions ['colcon_meta']
[1.080s] Level 1:colcon.colcon_core.package_identification:_identify(src/turtle_hunter_interfaces) by extension 'colcon_meta'
[1.080s] Level 1:colcon.colcon_core.package_identification:_identify(src/turtle_hunter_interfaces) by extensions ['ros']
[1.080s] Level 1:colcon.colcon_core.package_identification:_identify(src/turtle_hunter_interfaces) by extension 'ros'
[1.080s] DEBUG:colcon.colcon_core.package_identification:Package 'src/turtle_hunter_interfaces' with type 'ros.ament_cmake' and name 'turtle_hunter_interfaces'
[1.080s] Level 1:colcon.colcon_core.package_discovery:discover_packages(recursive) using defaults
[1.081s] Level 1:colcon.colcon_core.package_discovery:discover_packages(ignore) discover
[1.081s] Level 1:colcon.colcon_core.package_discovery:discover_packages(ignore) using defaults
[1.081s] Level 1:colcon.colcon_core.package_discovery:discover_packages(path) discover
[1.081s] Level 1:colcon.colcon_core.package_discovery:discover_packages(path) using defaults
[1.130s] INFO:colcon.colcon_core.package_selection:Skipping not selected package 'turtle_hunter' in 'src/turtle_hunter'
[1.130s] INFO:colcon.colcon_core.package_selection:Skipping not selected package 'turtle_hunter_interfaces' in 'src/turtle_hunter_interfaces'
[1.131s] Level 1:colcon.colcon_core.package_discovery:discover_packages(prefix_path) check parameters
[1.131s] Level 1:colcon.colcon_core.package_discovery:discover_packages(prefix_path) discover
[1.134s] DEBUG:colcon.colcon_installed_package_information.package_discovery:Found 3 installed packages in /home/bojan/ros2_project_04/install
[1.140s] DEBUG:colcon.colcon_installed_package_information.package_discovery:Found 2 installed packages in /home/bojan/ros2_project_03/install
[1.141s] DEBUG:colcon.colcon_installed_package_information.package_discovery:Found 3 installed packages in /home/bojan/ros2_project_02/install
[1.142s] DEBUG:colcon.colcon_installed_package_information.package_discovery:Found 5 installed packages in /home/bojan/ros2_project_01/install
[1.143s] DEBUG:colcon.colcon_installed_package_information.package_discovery:Found 270 installed packages in /opt/ros/humble
[1.150s] Level 1:colcon.colcon_core.package_discovery:discover_packages(prefix_path) using defaults
[1.270s] Level 5:colcon.colcon_core.verb:set package 'turtle_hunter_bringup' build argument 'cmake_args' from command line to 'None'
[1.270s] Level 5:colcon.colcon_core.verb:set package 'turtle_hunter_bringup' build argument 'cmake_target' from command line to 'None'
[1.270s] Level 5:colcon.colcon_core.verb:set package 'turtle_hunter_bringup' build argument 'cmake_target_skip_unavailable' from command line to 'False'
[1.270s] Level 5:colcon.colcon_core.verb:set package 'turtle_hunter_bringup' build argument 'cmake_clean_cache' from command line to 'False'
[1.270s] Level 5:colcon.colcon_core.verb:set package 'turtle_hunter_bringup' build argument 'cmake_clean_first' from command line to 'False'
[1.270s] Level 5:colcon.colcon_core.verb:set package 'turtle_hunter_bringup' build argument 'cmake_force_configure' from command line to 'False'
[1.270s] Level 5:colcon.colcon_core.verb:set package 'turtle_hunter_bringup' build argument 'ament_cmake_args' from command line to 'None'
[1.270s] Level 5:colcon.colcon_core.verb:set package 'turtle_hunter_bringup' build argument 'catkin_cmake_args' from command line to 'None'
[1.270s] Level 5:colcon.colcon_core.verb:set package 'turtle_hunter_bringup' build argument 'catkin_skip_building_tests' from command line to 'False'
[1.271s] DEBUG:colcon.colcon_core.verb:Building package 'turtle_hunter_bringup' with the following arguments: {'ament_cmake_args': None, 'build_base': '/home/bojan/ros2_project_04/build/turtle_hunter_bringup', 'catkin_cmake_args': None, 'catkin_skip_building_tests': False, 'cmake_args': None, 'cmake_clean_cache': False, 'cmake_clean_first': False, 'cmake_force_configure': False, 'cmake_target': None, 'cmake_target_skip_unavailable': False, 'install_base': '/home/bojan/ros2_project_04/install/turtle_hunter_bringup', 'merge_install': False, 'path': '/home/bojan/ros2_project_04/src/turtle_hunter_bringup', 'symlink_install': True, 'test_result_base': None}
[1.272s] INFO:colcon.colcon_core.executor:Executing jobs using 'parallel' executor
[1.290s] DEBUG:colcon.colcon_parallel_executor.executor.parallel:run_until_complete
[1.290s] INFO:colcon.colcon_ros.task.ament_cmake.build:Building ROS package in '/home/bojan/ros2_project_04/src/turtle_hunter_bringup' with build type 'ament_cmake'
[1.291s] INFO:colcon.colcon_cmake.task.cmake.build:Building CMake package in '/home/bojan/ros2_project_04/src/turtle_hunter_bringup'
[1.301s] INFO:colcon.colcon_core.plugin_system:Skipping extension 'colcon_core.shell.bat': Not used on non-Windows systems
[1.302s] INFO:colcon.colcon_core.shell:Skip shell extension 'powershell' for command environment: Not usable outside of PowerShell
[1.302s] DEBUG:colcon.colcon_core.shell:Skip shell extension 'dsv' for command environment
[1.812s] DEBUG:colcon.colcon_core.event_handler.log_command:Invoking command in '/home/bojan/ros2_project_04/build/turtle_hunter_bringup': AMENT_PREFIX_PATH=/home/bojan/ros2_project_04/install/turtle_hunter:/home/bojan/ros2_project_04/install/turtle_hunter_bringup:/home/bojan/ros2_project_04/install/turtle_hunter_interfaces:/home/bojan/ros2_project_03/install/robot_media_bringup:/home/bojan/ros2_project_03/install/robot_media:/home/bojan/ros2_project_01/install/robot_pkg_py:/home/bojan/ros2_project_01/install/robot_pkg_cpp:/home/bojan/ros2_project_01/install/robot_interfaces:/home/bojan/ros2_project_01/install/num_pkg_py:/home/bojan/ros2_project_01/install/num_pkg_cpp:/home/bojan/ros2_project_02/install/my_robot:/home/bojan/ros2_project_02/install/my_robot_interfaces:/home/bojan/ros2_project_02/install/my_robot_bringup:/opt/ros/humble CMAKE_PREFIX_PATH=${CMAKE_PREFIX_PATH}:/home/bojan/ros2_project_04/install/turtle_hunter:/home/bojan/ros2_project_03/install/robot_media:/home/bojan/ros2_project_01/install/robot_pkg_py:/home/bojan/ros2_project_01/install/num_pkg_py:/opt/ros/humble PYTHONPATH=/home/bojan/ros2_project_04/build/turtle_hunter:/home/bojan/ros2_project_04/install/turtle_hunter/lib/python3.10/site-packages:/home/bojan/ros2_project_04/install/turtle_hunter_interfaces/local/lib/python3.10/dist-packages:/home/bojan/ros2_project_03/build/robot_media:/home/bojan/ros2_project_03/install/robot_media/lib/python3.10/site-packages:/home/bojan/ros2_project_01/build/robot_pkg_py:/home/bojan/ros2_project_01/install/robot_pkg_py/lib/python3.10/site-packages:/home/bojan/ros2_project_01/install/robot_interfaces/local/lib/python3.10/dist-packages:/home/bojan/ros2_project_01/build/num_pkg_py:/home/bojan/ros2_project_01/install/num_pkg_py/lib/python3.10/site-packages:/home/bojan/ros2_project_02/install/my_robot_interfaces/local/lib/python3.10/dist-packages:/opt/ros/humble/lib/python3.10/site-packages:/opt/ros/humble/local/lib/python3.10/dist-packages WSLENV=ELECTRON_RUN_AS_NODE/w: /usr/bin/cmake --build /home/bojan/ros2_project_04/build/turtle_hunter_bringup -- -j16 -l16
[1.971s] DEBUG:colcon.colcon_core.event_handler.log_command:Invoked command in '/home/bojan/ros2_project_04/build/turtle_hunter_bringup' returned '0': AMENT_PREFIX_PATH=/home/bojan/ros2_project_04/install/turtle_hunter:/home/bojan/ros2_project_04/install/turtle_hunter_bringup:/home/bojan/ros2_project_04/install/turtle_hunter_interfaces:/home/bojan/ros2_project_03/install/robot_media_bringup:/home/bojan/ros2_project_03/install/robot_media:/home/bojan/ros2_project_01/install/robot_pkg_py:/home/bojan/ros2_project_01/install/robot_pkg_cpp:/home/bojan/ros2_project_01/install/robot_interfaces:/home/bojan/ros2_project_01/install/num_pkg_py:/home/bojan/ros2_project_01/install/num_pkg_cpp:/home/bojan/ros2_project_02/install/my_robot:/home/bojan/ros2_project_02/install/my_robot_interfaces:/home/bojan/ros2_project_02/install/my_robot_bringup:/opt/ros/humble CMAKE_PREFIX_PATH=${CMAKE_PREFIX_PATH}:/home/bojan/ros2_project_04/install/turtle_hunter:/home/bojan/ros2_project_03/install/robot_media:/home/bojan/ros2_project_01/install/robot_pkg_py:/home/bojan/ros2_project_01/install/num_pkg_py:/opt/ros/humble PYTHONPATH=/home/bojan/ros2_project_04/build/turtle_hunter:/home/bojan/ros2_project_04/install/turtle_hunter/lib/python3.10/site-packages:/home/bojan/ros2_project_04/install/turtle_hunter_interfaces/local/lib/python3.10/dist-packages:/home/bojan/ros2_project_03/build/robot_media:/home/bojan/ros2_project_03/install/robot_media/lib/python3.10/site-packages:/home/bojan/ros2_project_01/build/robot_pkg_py:/home/bojan/ros2_project_01/install/robot_pkg_py/lib/python3.10/site-packages:/home/bojan/ros2_project_01/install/robot_interfaces/local/lib/python3.10/dist-packages:/home/bojan/ros2_project_01/build/num_pkg_py:/home/bojan/ros2_project_01/install/num_pkg_py/lib/python3.10/site-packages:/home/bojan/ros2_project_02/install/my_robot_interfaces/local/lib/python3.10/dist-packages:/opt/ros/humble/lib/python3.10/site-packages:/opt/ros/humble/local/lib/python3.10/dist-packages WSLENV=ELECTRON_RUN_AS_NODE/w: /usr/bin/cmake --build /home/bojan/ros2_project_04/build/turtle_hunter_bringup -- -j16 -l16
[2.051s] DEBUG:colcon.colcon_core.event_handler.log_command:Invoking command in '/home/bojan/ros2_project_04/build/turtle_hunter_bringup': AMENT_PREFIX_PATH=/home/bojan/ros2_project_04/install/turtle_hunter:/home/bojan/ros2_project_04/install/turtle_hunter_bringup:/home/bojan/ros2_project_04/install/turtle_hunter_interfaces:/home/bojan/ros2_project_03/install/robot_media_bringup:/home/bojan/ros2_project_03/install/robot_media:/home/bojan/ros2_project_01/install/robot_pkg_py:/home/bojan/ros2_project_01/install/robot_pkg_cpp:/home/bojan/ros2_project_01/install/robot_interfaces:/home/bojan/ros2_project_01/install/num_pkg_py:/home/bojan/ros2_project_01/install/num_pkg_cpp:/home/bojan/ros2_project_02/install/my_robot:/home/bojan/ros2_project_02/install/my_robot_interfaces:/home/bojan/ros2_project_02/install/my_robot_bringup:/opt/ros/humble CMAKE_PREFIX_PATH=${CMAKE_PREFIX_PATH}:/home/bojan/ros2_project_04/install/turtle_hunter:/home/bojan/ros2_project_03/install/robot_media:/home/bojan/ros2_project_01/install/robot_pkg_py:/home/bojan/ros2_project_01/install/num_pkg_py:/opt/ros/humble PYTHONPATH=/home/bojan/ros2_project_04/build/turtle_hunter:/home/bojan/ros2_project_04/install/turtle_hunter/lib/python3.10/site-packages:/home/bojan/ros2_project_04/install/turtle_hunter_interfaces/local/lib/python3.10/dist-packages:/home/bojan/ros2_project_03/build/robot_media:/home/bojan/ros2_project_03/install/robot_media/lib/python3.10/site-packages:/home/bojan/ros2_project_01/build/robot_pkg_py:/home/bojan/ros2_project_01/install/robot_pkg_py/lib/python3.10/site-packages:/home/bojan/ros2_project_01/install/robot_interfaces/local/lib/python3.10/dist-packages:/home/bojan/ros2_project_01/build/num_pkg_py:/home/bojan/ros2_project_01/install/num_pkg_py/lib/python3.10/site-packages:/home/bojan/ros2_project_02/install/my_robot_interfaces/local/lib/python3.10/dist-packages:/opt/ros/humble/lib/python3.10/site-packages:/opt/ros/humble/local/lib/python3.10/dist-packages WSLENV=ELECTRON_RUN_AS_NODE/w: /usr/bin/cmake --install /home/bojan/ros2_project_04/build/turtle_hunter_bringup
[2.140s] Level 1:colcon.colcon_core.environment:create_environment_scripts_only(turtle_hunter_bringup)
[2.151s] Level 1:colcon.colcon_core.environment:checking '/home/bojan/ros2_project_04/install/turtle_hunter_bringup' for CMake module files
[2.152s] Level 1:colcon.colcon_core.environment:checking '/home/bojan/ros2_project_04/install/turtle_hunter_bringup' for CMake config files
[2.152s] Level 1:colcon.colcon_core.shell:create_environment_hook('turtle_hunter_bringup', 'cmake_prefix_path')
[2.153s] INFO:colcon.colcon_core.shell:Creating environment hook '/home/bojan/ros2_project_04/install/turtle_hunter_bringup/share/turtle_hunter_bringup/hook/cmake_prefix_path.ps1'
[2.160s] INFO:colcon.colcon_core.shell:Creating environment descriptor '/home/bojan/ros2_project_04/install/turtle_hunter_bringup/share/turtle_hunter_bringup/hook/cmake_prefix_path.dsv'
[2.161s] INFO:colcon.colcon_core.shell:Creating environment hook '/home/bojan/ros2_project_04/install/turtle_hunter_bringup/share/turtle_hunter_bringup/hook/cmake_prefix_path.sh'
[2.161s] Level 1:colcon.colcon_core.environment:checking '/home/bojan/ros2_project_04/install/turtle_hunter_bringup/bin'
[2.162s] Level 1:colcon.colcon_core.environment:checking '/home/bojan/ros2_project_04/install/turtle_hunter_bringup/lib/pkgconfig/turtle_hunter_bringup.pc'
[2.162s] Level 1:colcon.colcon_core.environment:checking '/home/bojan/ros2_project_04/install/turtle_hunter_bringup/lib/python3.10/site-packages'
[2.162s] Level 1:colcon.colcon_core.environment:checking '/home/bojan/ros2_project_04/install/turtle_hunter_bringup/bin'
[2.163s] INFO:colcon.colcon_core.shell:Creating package script '/home/bojan/ros2_project_04/install/turtle_hunter_bringup/share/turtle_hunter_bringup/package.ps1'
[2.164s] INFO:colcon.colcon_core.shell:Creating package descriptor '/home/bojan/ros2_project_04/install/turtle_hunter_bringup/share/turtle_hunter_bringup/package.dsv'
[2.170s] INFO:colcon.colcon_core.shell:Creating package script '/home/bojan/ros2_project_04/install/turtle_hunter_bringup/share/turtle_hunter_bringup/package.sh'
[2.171s] INFO:colcon.colcon_core.shell:Creating package script '/home/bojan/ros2_project_04/install/turtle_hunter_bringup/share/turtle_hunter_bringup/package.bash'
[2.171s] INFO:colcon.colcon_core.shell:Creating package script '/home/bojan/ros2_project_04/install/turtle_hunter_bringup/share/turtle_hunter_bringup/package.zsh'
[2.172s] Level 1:colcon.colcon_core.environment:create_file_with_runtime_dependencies(/home/bojan/ros2_project_04/install/turtle_hunter_bringup/share/colcon-core/packages/turtle_hunter_bringup)
[2.191s] DEBUG:colcon.colcon_core.event_handler.log_command:Invoked command in '/home/bojan/ros2_project_04/build/turtle_hunter_bringup' returned '0': AMENT_PREFIX_PATH=/home/bojan/ros2_project_04/install/turtle_hunter:/home/bojan/ros2_project_04/install/turtle_hunter_bringup:/home/bojan/ros2_project_04/install/turtle_hunter_interfaces:/home/bojan/ros2_project_03/install/robot_media_bringup:/home/bojan/ros2_project_03/install/robot_media:/home/bojan/ros2_project_01/install/robot_pkg_py:/home/bojan/ros2_project_01/install/robot_pkg_cpp:/home/bojan/ros2_project_01/install/robot_interfaces:/home/bojan/ros2_project_01/install/num_pkg_py:/home/bojan/ros2_project_01/install/num_pkg_cpp:/home/bojan/ros2_project_02/install/my_robot:/home/bojan/ros2_project_02/install/my_robot_interfaces:/home/bojan/ros2_project_02/install/my_robot_bringup:/opt/ros/humble CMAKE_PREFIX_PATH=${CMAKE_PREFIX_PATH}:/home/bojan/ros2_project_04/install/turtle_hunter:/home/bojan/ros2_project_03/install/robot_media:/home/bojan/ros2_project_01/install/robot_pkg_py:/home/bojan/ros2_project_01/install/num_pkg_py:/opt/ros/humble PYTHONPATH=/home/bojan/ros2_project_04/build/turtle_hunter:/home/bojan/ros2_project_04/install/turtle_hunter/lib/python3.10/site-packages:/home/bojan/ros2_project_04/install/turtle_hunter_interfaces/local/lib/python3.10/dist-packages:/home/bojan/ros2_project_03/build/robot_media:/home/bojan/ros2_project_03/install/robot_media/lib/python3.10/site-packages:/home/bojan/ros2_project_01/build/robot_pkg_py:/home/bojan/ros2_project_01/install/robot_pkg_py/lib/python3.10/site-packages:/home/bojan/ros2_project_01/install/robot_interfaces/local/lib/python3.10/dist-packages:/home/bojan/ros2_project_01/build/num_pkg_py:/home/bojan/ros2_project_01/install/num_pkg_py/lib/python3.10/site-packages:/home/bojan/ros2_project_02/install/my_robot_interfaces/local/lib/python3.10/dist-packages:/opt/ros/humble/lib/python3.10/site-packages:/opt/ros/humble/local/lib/python3.10/dist-packages WSLENV=ELECTRON_RUN_AS_NODE/w: /usr/bin/cmake --install /home/bojan/ros2_project_04/build/turtle_hunter_bringup
[2.243s] Level 1:colcon.colcon_core.environment:create_environment_scripts_only(turtle_hunter_bringup)
[2.251s] Level 1:colcon.colcon_core.environment:checking '/home/bojan/ros2_project_04/install/turtle_hunter_bringup' for CMake module files
[2.251s] Level 1:colcon.colcon_core.environment:checking '/home/bojan/ros2_project_04/install/turtle_hunter_bringup' for CMake config files
[2.251s] Level 1:colcon.colcon_core.shell:create_environment_hook('turtle_hunter_bringup', 'cmake_prefix_path')
[2.253s] INFO:colcon.colcon_core.shell:Creating environment hook '/home/bojan/ros2_project_04/install/turtle_hunter_bringup/share/turtle_hunter_bringup/hook/cmake_prefix_path.ps1'
[2.253s] INFO:colcon.colcon_core.shell:Creating environment descriptor '/home/bojan/ros2_project_04/install/turtle_hunter_bringup/share/turtle_hunter_bringup/hook/cmake_prefix_path.dsv'
[2.253s] INFO:colcon.colcon_core.shell:Creating environment hook '/home/bojan/ros2_project_04/install/turtle_hunter_bringup/share/turtle_hunter_bringup/hook/cmake_prefix_path.sh'
[2.260s] Level 1:colcon.colcon_core.environment:checking '/home/bojan/ros2_project_04/install/turtle_hunter_bringup/bin'
[2.260s] Level 1:colcon.colcon_core.environment:checking '/home/bojan/ros2_project_04/install/turtle_hunter_bringup/lib/pkgconfig/turtle_hunter_bringup.pc'
[2.260s] Level 1:colcon.colcon_core.environment:checking '/home/bojan/ros2_project_04/install/turtle_hunter_bringup/lib/python3.10/site-packages'
[2.260s] Level 1:colcon.colcon_core.environment:checking '/home/bojan/ros2_project_04/install/turtle_hunter_bringup/bin'
[2.262s] INFO:colcon.colcon_core.shell:Creating package script '/home/bojan/ros2_project_04/install/turtle_hunter_bringup/share/turtle_hunter_bringup/package.ps1'
[2.262s] INFO:colcon.colcon_core.shell:Creating package descriptor '/home/bojan/ros2_project_04/install/turtle_hunter_bringup/share/turtle_hunter_bringup/package.dsv'
[2.263s] INFO:colcon.colcon_core.shell:Creating package script '/home/bojan/ros2_project_04/install/turtle_hunter_bringup/share/turtle_hunter_bringup/package.sh'
[2.263s] INFO:colcon.colcon_core.shell:Creating package script '/home/bojan/ros2_project_04/install/turtle_hunter_bringup/share/turtle_hunter_bringup/package.bash'
[2.263s] INFO:colcon.colcon_core.shell:Creating package script '/home/bojan/ros2_project_04/install/turtle_hunter_bringup/share/turtle_hunter_bringup/package.zsh'
[2.263s] Level 1:colcon.colcon_core.environment:create_file_with_runtime_dependencies(/home/bojan/ros2_project_04/install/turtle_hunter_bringup/share/colcon-core/packages/turtle_hunter_bringup)
[2.264s] DEBUG:colcon.colcon_parallel_executor.executor.parallel:closing loop
[2.264s] DEBUG:colcon.colcon_parallel_executor.executor.parallel:loop closed
[2.292s] DEBUG:colcon.colcon_parallel_executor.executor.parallel:run_until_complete finished with '0'
[2.292s] DEBUG:colcon.colcon_core.event_reactor:joining thread
[2.423s] INFO:colcon.colcon_core.plugin_system:Skipping extension 'colcon_notification.desktop_notification.notify_send': Could not find 'notify-send'
[2.423s] INFO:colcon.colcon_core.plugin_system:Skipping extension 'colcon_notification.desktop_notification.terminal_notifier': Not used on non-Darwin systems
[2.424s] INFO:colcon.colcon_core.plugin_system:Skipping extension 'colcon_notification.desktop_notification.win32': Not used on non-Windows systems
[2.424s] INFO:colcon.colcon_notification.desktop_notification:Sending desktop notification using 'notify2'
[2.424s] DEBUG:colcon.colcon_notification.desktop_notification.notify2:Failed to initialize notify2: org.freedesktop.DBus.Error.FileNotFound: Failed to connect to socket /run/user/1000/bus: No such file or directory
[2.430s] DEBUG:colcon.colcon_core.event_reactor:joined thread
[2.431s] INFO:colcon.colcon_core.shell:Creating prefix script '/home/bojan/ros2_project_04/install/local_setup.ps1'
[2.432s] INFO:colcon.colcon_core.shell:Creating prefix util module '/home/bojan/ros2_project_04/install/_local_setup_util_ps1.py'
[2.434s] INFO:colcon.colcon_core.shell:Creating prefix chain script '/home/bojan/ros2_project_04/install/setup.ps1'
[2.441s] INFO:colcon.colcon_core.shell:Creating prefix script '/home/bojan/ros2_project_04/install/local_setup.sh'
[2.442s] INFO:colcon.colcon_core.shell:Creating prefix util module '/home/bojan/ros2_project_04/install/_local_setup_util_sh.py'
[2.442s] INFO:colcon.colcon_core.shell:Creating prefix chain script '/home/bojan/ros2_project_04/install/setup.sh'
[2.450s] INFO:colcon.colcon_core.shell:Creating prefix script '/home/bojan/ros2_project_04/install/local_setup.bash'
[2.450s] INFO:colcon.colcon_core.shell:Creating prefix chain script '/home/bojan/ros2_project_04/install/setup.bash'
[2.452s] INFO:colcon.colcon_core.shell:Creating prefix script '/home/bojan/ros2_project_04/install/local_setup.zsh'
[2.453s] INFO:colcon.colcon_core.shell:Creating prefix chain script '/home/bojan/ros2_project_04/install/setup.zsh'
