running develop
/usr/lib/python3/dist-packages/setuptools/command/easy_install.py:158: EasyInstallDeprecationWarning: easy_install command is deprecated. Use build and pip and other standards-based tools.
  warnings.warn(
/usr/lib/python3/dist-packages/setuptools/command/install.py:34: SetuptoolsDeprecationWarning: setup.py install is deprecated. Use build and pip and other standards-based tools.
  warnings.warn(
/usr/lib/python3/dist-packages/pkg_resources/__init__.py:116: PkgResourcesDeprecationWarning: 1.1build1 is an invalid version and will not be supported in a future release
  warnings.warn(
Removing /home/bojan/ros2_project_04/install/turtle_hunter/lib/python3.10/site-packages/turtle-hunter.egg-link (link to .)
running egg_info
writing ../../build/turtle_hunter/turtle_hunter.egg-info/PKG-INFO
writing dependency_links to ../../build/turtle_hunter/turtle_hunter.egg-info/dependency_links.txt
writing entry points to ../../build/turtle_hunter/turtle_hunter.egg-info/entry_points.txt
writing requirements to ../../build/turtle_hunter/turtle_hunter.egg-info/requires.txt
writing top-level names to ../../build/turtle_hunter/turtle_hunter.egg-info/top_level.txt
reading manifest file '../../build/turtle_hunter/turtle_hunter.egg-info/SOURCES.txt'
writing manifest file '../../build/turtle_hunter/turtle_hunter.egg-info/SOURCES.txt'
/usr/lib/python3/dist-packages/setuptools/command/install.py:34: SetuptoolsDeprecationWarning: setup.py install is deprecated. Use build and pip and other standards-based tools.
  warnings.warn(
running build
running build_py
creating /home/bojan/ros2_project_04/build/turtle_hunter/build
creating /home/bojan/ros2_project_04/build/turtle_hunter/build/lib
creating /home/bojan/ros2_project_04/build/turtle_hunter/build/lib/turtle_hunter
copying turtle_hunter/__init__.py -> /home/bojan/ros2_project_04/build/turtle_hunter/build/lib/turtle_hunter
copying turtle_hunter/turtle_spawner.py -> /home/bojan/ros2_project_04/build/turtle_hunter/build/lib/turtle_hunter
copying turtle_hunter/turtle_controller.py -> /home/bojan/ros2_project_04/build/turtle_hunter/build/lib/turtle_hunter
running install
running install_lib
creating /home/bojan/ros2_project_04/install/turtle_hunter/lib/python3.10/site-packages/turtle_hunter
copying /home/bojan/ros2_project_04/build/turtle_hunter/build/lib/turtle_hunter/__init__.py -> /home/bojan/ros2_project_04/install/turtle_hunter/lib/python3.10/site-packages/turtle_hunter
copying /home/bojan/ros2_project_04/build/turtle_hunter/build/lib/turtle_hunter/turtle_spawner.py -> /home/bojan/ros2_project_04/install/turtle_hunter/lib/python3.10/site-packages/turtle_hunter
copying /home/bojan/ros2_project_04/build/turtle_hunter/build/lib/turtle_hunter/turtle_controller.py -> /home/bojan/ros2_project_04/install/turtle_hunter/lib/python3.10/site-packages/turtle_hunter
byte-compiling /home/bojan/ros2_project_04/install/turtle_hunter/lib/python3.10/site-packages/turtle_hunter/__init__.py to __init__.cpython-310.pyc
byte-compiling /home/bojan/ros2_project_04/install/turtle_hunter/lib/python3.10/site-packages/turtle_hunter/turtle_spawner.py to turtle_spawner.cpython-310.pyc
byte-compiling /home/bojan/ros2_project_04/install/turtle_hunter/lib/python3.10/site-packages/turtle_hunter/turtle_controller.py to turtle_controller.cpython-310.pyc
running install_data
running install_egg_info
Copying ../../build/turtle_hunter/turtle_hunter.egg-info to /home/bojan/ros2_project_04/install/turtle_hunter/lib/python3.10/site-packages/turtle_hunter-0.0.0-py3.10.egg-info
running install_scripts
Installing turtle_controller script to /home/bojan/ros2_project_04/install/turtle_hunter/lib/turtle_hunter
Installing turtle_spawner script to /home/bojan/ros2_project_04/install/turtle_hunter/lib/turtle_hunter
writing list of installed files to '/home/bojan/ros2_project_04/build/turtle_hunter/install.log'
