[0.047s] Invoking command in '/home/bojan/ros2_project_04/build/turtle_hunter_interfaces': CMAKE_PREFIX_PATH=${CMAKE_PREFIX_PATH}:/home/bojan/ros2_project_04/install/turtle_hunter:/home/bojan/ros2_project_03/install/robot_media:/home/bojan/ros2_project_01/install/robot_pkg_py:/home/bojan/ros2_project_01/install/num_pkg_py:/opt/ros/humble WSLENV=ELECTRON_RUN_AS_NODE/w: /usr/bin/cmake /home/bojan/ros2_project_04/src/turtle_hunter_interfaces -DCMAKE_INSTALL_PREFIX=/home/bojan/ros2_project_04/install/turtle_hunter_interfaces
[0.056s] [33mCMake Warning (dev) at CMakeLists.txt:13:
[0.056s]   Syntax Warning in cmake code at column 19
[0.056s] 
[0.056s]   Argument not separated from preceding token by whitespace.
[0.056s] This warning is for project developers.  Use -Wno-dev to suppress it.
[0.056s] [0m
[0.477s] -- The C compiler identification is GNU 11.3.0
[1.687s] -- The CXX compiler identification is GNU 11.3.0
[2.432s] -- Detecting C compiler ABI info
[2.695s] -- Detecting C compiler ABI info - done
[2.701s] -- Check for working C compiler: /usr/bin/cc - skipped
[2.708s] -- Detecting C compile features
[2.710s] -- Detecting C compile features - done
[2.715s] -- Detecting CXX compiler ABI info
[2.988s] -- Detecting CXX compiler ABI info - done
[2.995s] -- Check for working CXX compiler: /usr/bin/c++ - skipped
[2.995s] -- Detecting CXX compile features
[2.996s] -- Detecting CXX compile features - done
[3.010s] -- Found ament_cmake: 1.3.3 (/opt/ros/humble/share/ament_cmake/cmake)
[3.288s] -- Found Python3: /usr/bin/python3.10 (found version "3.10.6") found components: Interpreter 
[3.511s] -- Found rosidl_default_generators: 1.2.0 (/opt/ros/humble/share/rosidl_default_generators/cmake)
[3.524s] -- Using all available rosidl_typesupport_c: rosidl_typesupport_fastrtps_c;rosidl_typesupport_introspection_c
[3.545s] -- Found rosidl_adapter: 3.1.4 (/opt/ros/humble/share/rosidl_adapter/cmake)
[4.004s] -- Using all available rosidl_typesupport_cpp: rosidl_typesupport_fastrtps_cpp;rosidl_typesupport_introspection_cpp
[4.079s] [31mCMake Error at /opt/ros/humble/share/rosidl_cmake/cmake/rosidl_generate_interfaces.cmake:93 (message):
[4.079s]   rosidl_generate_interfaces() the passed file ',' doesn't exist relative to
[4.079s]   the CMAKE_CURRENT_SOURCE_DIR
[4.079s]   '/home/bojan/ros2_project_04/src/turtle_hunter_interfaces'
[4.079s] Call Stack (most recent call first):
[4.079s]   CMakeLists.txt:12 (rosidl_generate_interfaces)
[4.079s] 
[4.079s] [0m
[4.079s] -- Configuring incomplete, errors occurred!
[4.079s] See also "/home/bojan/ros2_project_04/build/turtle_hunter_interfaces/CMakeFiles/CMakeOutput.log".
[4.087s] Invoked command in '/home/bojan/ros2_project_04/build/turtle_hunter_interfaces' returned '1': CMAKE_PREFIX_PATH=${CMAKE_PREFIX_PATH}:/home/bojan/ros2_project_04/install/turtle_hunter:/home/bojan/ros2_project_03/install/robot_media:/home/bojan/ros2_project_01/install/robot_pkg_py:/home/bojan/ros2_project_01/install/num_pkg_py:/opt/ros/humble WSLENV=ELECTRON_RUN_AS_NODE/w: /usr/bin/cmake /home/bojan/ros2_project_04/src/turtle_hunter_interfaces -DCMAKE_INSTALL_PREFIX=/home/bojan/ros2_project_04/install/turtle_hunter_interfaces
