[0.651s] Invoking command in '/home/bojan/ros2_project_04/build/turtle_hunter_interfaces': CMAKE_PREFIX_PATH=${CMAKE_PREFIX_PATH}:/home/bojan/ros2_project_04/install/turtle_hunter:/home/bojan/ros2_project_03/install/robot_media:/home/bojan/ros2_project_01/install/robot_pkg_py:/home/bojan/ros2_project_01/install/num_pkg_py:/opt/ros/humble WSLENV=ELECTRON_RUN_AS_NODE/w: /usr/bin/cmake /home/bojan/ros2_project_04/src/turtle_hunter_interfaces -DAMENT_CMAKE_SYMLINK_INSTALL=1 -DCMAKE_INSTALL_PREFIX=/home/bojan/ros2_project_04/install/turtle_hunter_interfaces
[0.700s] -- Found ament_cmake: 1.3.3 (/opt/ros/humble/share/ament_cmake/cmake)
[1.054s] -- Override CMake install command with custom implementation using symlinks instead of copying resources
[1.081s] -- Found rosidl_default_generators: 1.2.0 (/opt/ros/humble/share/rosidl_default_generators/cmake)
[1.084s] -- Using all available rosidl_typesupport_c: rosidl_typesupport_fastrtps_c;rosidl_typesupport_introspection_c
[1.092s] -- Found rosidl_adapter: 3.1.4 (/opt/ros/humble/share/rosidl_adapter/cmake)
[1.631s] -- Using all available rosidl_typesupport_cpp: rosidl_typesupport_fastrtps_cpp;rosidl_typesupport_introspection_cpp
[2.334s] -- Found ament_cmake_ros: 0.10.0 (/opt/ros/humble/share/ament_cmake_ros/cmake)
[2.812s] -- Using all available rosidl_typesupport_c: rosidl_typesupport_fastrtps_c;rosidl_typesupport_introspection_c
[3.432s] -- Using all available rosidl_typesupport_cpp: rosidl_typesupport_fastrtps_cpp;rosidl_typesupport_introspection_cpp
[3.493s] -- Found python_cmake_module: 0.10.0 (/opt/ros/humble/share/python_cmake_module/cmake)
[3.560s] -- Using PYTHON_EXECUTABLE: /usr/bin/python3
[3.561s] -- Using PYTHON_INCLUDE_DIRS: /usr/include/python3.10
[3.561s] -- Using PYTHON_LIBRARIES: /usr/lib/x86_64-linux-gnu/libpython3.10.so
[3.611s] -- Configuring done
[3.684s] -- Generating done
[3.693s] -- Build files have been written to: /home/bojan/ros2_project_04/build/turtle_hunter_interfaces
[3.790s] Invoked command in '/home/bojan/ros2_project_04/build/turtle_hunter_interfaces' returned '0': CMAKE_PREFIX_PATH=${CMAKE_PREFIX_PATH}:/home/bojan/ros2_project_04/install/turtle_hunter:/home/bojan/ros2_project_03/install/robot_media:/home/bojan/ros2_project_01/install/robot_pkg_py:/home/bojan/ros2_project_01/install/num_pkg_py:/opt/ros/humble WSLENV=ELECTRON_RUN_AS_NODE/w: /usr/bin/cmake /home/bojan/ros2_project_04/src/turtle_hunter_interfaces -DAMENT_CMAKE_SYMLINK_INSTALL=1 -DCMAKE_INSTALL_PREFIX=/home/bojan/ros2_project_04/install/turtle_hunter_interfaces
[3.791s] Invoking command in '/home/bojan/ros2_project_04/build/turtle_hunter_interfaces': CMAKE_PREFIX_PATH=${CMAKE_PREFIX_PATH}:/home/bojan/ros2_project_04/install/turtle_hunter:/home/bojan/ros2_project_03/install/robot_media:/home/bojan/ros2_project_01/install/robot_pkg_py:/home/bojan/ros2_project_01/install/num_pkg_py:/opt/ros/humble WSLENV=ELECTRON_RUN_AS_NODE/w: /usr/bin/cmake --build /home/bojan/ros2_project_04/build/turtle_hunter_interfaces -- -j16 -l16
[3.850s] [35m[1mConsolidate compiler generated dependencies of target turtle_hunter_interfaces__rosidl_generator_c[0m
[3.960s] failed to create symbolic link '/home/bojan/ros2_project_04/build/turtle_hunter_interfaces/ament_cmake_python/turtle_hunter_interfaces/turtle_hunter_interfaces' because existing path cannot be removed: Is a directory
[3.960s] gmake[2]: *** [CMakeFiles/ament_cmake_python_symlink_turtle_hunter_interfaces.dir/build.make:70: CMakeFiles/ament_cmake_python_symlink_turtle_hunter_interfaces] Error 1
[3.961s] gmake[1]: *** [CMakeFiles/Makefile2:421: CMakeFiles/ament_cmake_python_symlink_turtle_hunter_interfaces.dir/all] Error 2
[3.961s] gmake[1]: *** Waiting for unfinished jobs....
[3.961s] gmake: *** [Makefile:146: all] Error 2
[3.961s] [  4%] Built target turtle_hunter_interfaces__cpp
[3.961s] [ 12%] Built target turtle_hunter_interfaces__rosidl_generator_c
[3.961s] Invoked command in '/home/bojan/ros2_project_04/build/turtle_hunter_interfaces' returned '2': CMAKE_PREFIX_PATH=${CMAKE_PREFIX_PATH}:/home/bojan/ros2_project_04/install/turtle_hunter:/home/bojan/ros2_project_03/install/robot_media:/home/bojan/ros2_project_01/install/robot_pkg_py:/home/bojan/ros2_project_01/install/num_pkg_py:/opt/ros/humble WSLENV=ELECTRON_RUN_AS_NODE/w: /usr/bin/cmake --build /home/bojan/ros2_project_04/build/turtle_hunter_interfaces -- -j16 -l16
