[0.468s] DEBUG:colcon:Command line arguments: ['/usr/bin/colcon', 'build', '--packages-select', 'turtle_hunter_interfaces']
[0.468s] DEBUG:colcon:Parsed command line arguments: Namespace(log_base=None, log_level=None, verb_name='build', build_base='build', install_base='install', merge_install=False, symlink_install=False, test_result_base=None, continue_on_error=False, executor='parallel', parallel_workers=16, event_handlers=None, ignore_user_meta=False, metas=['./colcon.meta'], base_paths=['.'], packages_ignore=None, packages_ignore_regex=None, paths=None, packages_up_to=None, packages_up_to_regex=None, packages_above=None, packages_above_and_dependencies=None, packages_above_depth=None, packages_select_by_dep=None, packages_skip_by_dep=None, packages_skip_up_to=None, packages_select_build_failed=False, packages_skip_build_finished=False, packages_select_test_failures=False, packages_skip_test_passed=False, packages_select=['turtle_hunter_interfaces'], packages_skip=None, packages_select_regex=None, packages_skip_regex=None, packages_start=None, packages_end=None, allow_overriding=[], cmake_args=None, cmake_target=None, cmake_target_skip_unavailable=False, cmake_clean_cache=False, cmake_clean_first=False, cmake_force_configure=False, ament_cmake_args=None, catkin_cmake_args=None, catkin_skip_building_tests=False, verb_parser=<colcon_defaults.argument_parser.defaults.DefaultArgumentsDecorator object at 0x7fd496f994e0>, verb_extension=<colcon_core.verb.build.BuildVerb object at 0x7fd497798a00>, main=<bound method BuildVerb.main of <colcon_core.verb.build.BuildVerb object at 0x7fd497798a00>>)
[0.498s] Level 1:colcon.colcon_core.package_discovery:discover_packages(colcon_meta) check parameters
[0.498s] Level 1:colcon.colcon_core.package_discovery:discover_packages(recursive) check parameters
[0.498s] Level 1:colcon.colcon_core.package_discovery:discover_packages(ignore) check parameters
[0.498s] Level 1:colcon.colcon_core.package_discovery:discover_packages(path) check parameters
[0.498s] Level 1:colcon.colcon_core.package_discovery:discover_packages(colcon_meta) discover
[0.498s] Level 1:colcon.colcon_core.package_discovery:discover_packages(recursive) discover
[0.498s] INFO:colcon.colcon_core.package_discovery:Crawling recursively for packages in '/home/bojan/ros2_project_04'
[0.498s] Level 1:colcon.colcon_core.package_identification:_identify(.) by extensions ['ignore', 'ignore_ament_install']
[0.498s] Level 1:colcon.colcon_core.package_identification:_identify(.) by extension 'ignore'
[0.498s] Level 1:colcon.colcon_core.package_identification:_identify(.) by extension 'ignore_ament_install'
[0.498s] Level 1:colcon.colcon_core.package_identification:_identify(.) by extensions ['colcon_pkg']
[0.498s] Level 1:colcon.colcon_core.package_identification:_identify(.) by extension 'colcon_pkg'
[0.498s] Level 1:colcon.colcon_core.package_identification:_identify(.) by extensions ['colcon_meta']
[0.498s] Level 1:colcon.colcon_core.package_identification:_identify(.) by extension 'colcon_meta'
[0.498s] Level 1:colcon.colcon_core.package_identification:_identify(.) by extensions ['ros']
[0.498s] Level 1:colcon.colcon_core.package_identification:_identify(.) by extension 'ros'
[0.509s] Level 1:colcon.colcon_core.package_identification:_identify(.) by extensions ['cmake', 'python']
[0.509s] Level 1:colcon.colcon_core.package_identification:_identify(.) by extension 'cmake'
[0.509s] Level 1:colcon.colcon_core.package_identification:_identify(.) by extension 'python'
[0.509s] Level 1:colcon.colcon_core.package_identification:_identify(.) by extensions ['python_setup_py']
[0.509s] Level 1:colcon.colcon_core.package_identification:_identify(.) by extension 'python_setup_py'
[0.509s] Level 1:colcon.colcon_core.package_identification:_identify(build) by extensions ['ignore', 'ignore_ament_install']
[0.509s] Level 1:colcon.colcon_core.package_identification:_identify(build) by extension 'ignore'
[0.509s] Level 1:colcon.colcon_core.package_identification:_identify(build) ignored
[0.509s] Level 1:colcon.colcon_core.package_identification:_identify(install) by extensions ['ignore', 'ignore_ament_install']
[0.509s] Level 1:colcon.colcon_core.package_identification:_identify(install) by extension 'ignore'
[0.509s] Level 1:colcon.colcon_core.package_identification:_identify(install) ignored
[0.510s] Level 1:colcon.colcon_core.package_identification:_identify(log) by extensions ['ignore', 'ignore_ament_install']
[0.510s] Level 1:colcon.colcon_core.package_identification:_identify(log) by extension 'ignore'
[0.510s] Level 1:colcon.colcon_core.package_identification:_identify(log) ignored
[0.510s] Level 1:colcon.colcon_core.package_identification:_identify(src) by extensions ['ignore', 'ignore_ament_install']
[0.510s] Level 1:colcon.colcon_core.package_identification:_identify(src) by extension 'ignore'
[0.510s] Level 1:colcon.colcon_core.package_identification:_identify(src) by extension 'ignore_ament_install'
[0.510s] Level 1:colcon.colcon_core.package_identification:_identify(src) by extensions ['colcon_pkg']
[0.510s] Level 1:colcon.colcon_core.package_identification:_identify(src) by extension 'colcon_pkg'
[0.510s] Level 1:colcon.colcon_core.package_identification:_identify(src) by extensions ['colcon_meta']
[0.510s] Level 1:colcon.colcon_core.package_identification:_identify(src) by extension 'colcon_meta'
[0.510s] Level 1:colcon.colcon_core.package_identification:_identify(src) by extensions ['ros']
[0.510s] Level 1:colcon.colcon_core.package_identification:_identify(src) by extension 'ros'
[0.510s] Level 1:colcon.colcon_core.package_identification:_identify(src) by extensions ['cmake', 'python']
[0.510s] Level 1:colcon.colcon_core.package_identification:_identify(src) by extension 'cmake'
[0.510s] Level 1:colcon.colcon_core.package_identification:_identify(src) by extension 'python'
[0.511s] Level 1:colcon.colcon_core.package_identification:_identify(src) by extensions ['python_setup_py']
[0.511s] Level 1:colcon.colcon_core.package_identification:_identify(src) by extension 'python_setup_py'
[0.511s] Level 1:colcon.colcon_core.package_identification:_identify(src/turtle_hunter) by extensions ['ignore', 'ignore_ament_install']
[0.511s] Level 1:colcon.colcon_core.package_identification:_identify(src/turtle_hunter) by extension 'ignore'
[0.511s] Level 1:colcon.colcon_core.package_identification:_identify(src/turtle_hunter) by extension 'ignore_ament_install'
[0.511s] Level 1:colcon.colcon_core.package_identification:_identify(src/turtle_hunter) by extensions ['colcon_pkg']
[0.511s] Level 1:colcon.colcon_core.package_identification:_identify(src/turtle_hunter) by extension 'colcon_pkg'
[0.511s] Level 1:colcon.colcon_core.package_identification:_identify(src/turtle_hunter) by extensions ['colcon_meta']
[0.511s] Level 1:colcon.colcon_core.package_identification:_identify(src/turtle_hunter) by extension 'colcon_meta'
[0.511s] Level 1:colcon.colcon_core.package_identification:_identify(src/turtle_hunter) by extensions ['ros']
[0.511s] Level 1:colcon.colcon_core.package_identification:_identify(src/turtle_hunter) by extension 'ros'
[0.513s] DEBUG:colcon.colcon_core.package_identification:Package 'src/turtle_hunter' with type 'ros.ament_python' and name 'turtle_hunter'
[0.513s] Level 1:colcon.colcon_core.package_identification:_identify(src/turtle_hunter_interfaces) by extensions ['ignore', 'ignore_ament_install']
[0.513s] Level 1:colcon.colcon_core.package_identification:_identify(src/turtle_hunter_interfaces) by extension 'ignore'
[0.513s] Level 1:colcon.colcon_core.package_identification:_identify(src/turtle_hunter_interfaces) by extension 'ignore_ament_install'
[0.513s] Level 1:colcon.colcon_core.package_identification:_identify(src/turtle_hunter_interfaces) by extensions ['colcon_pkg']
[0.514s] Level 1:colcon.colcon_core.package_identification:_identify(src/turtle_hunter_interfaces) by extension 'colcon_pkg'
[0.514s] Level 1:colcon.colcon_core.package_identification:_identify(src/turtle_hunter_interfaces) by extensions ['colcon_meta']
[0.514s] Level 1:colcon.colcon_core.package_identification:_identify(src/turtle_hunter_interfaces) by extension 'colcon_meta'
[0.514s] Level 1:colcon.colcon_core.package_identification:_identify(src/turtle_hunter_interfaces) by extensions ['ros']
[0.514s] Level 1:colcon.colcon_core.package_identification:_identify(src/turtle_hunter_interfaces) by extension 'ros'
[0.514s] DEBUG:colcon.colcon_core.package_identification:Package 'src/turtle_hunter_interfaces' with type 'ros.ament_cmake' and name 'turtle_hunter_interfaces'
[0.514s] Level 1:colcon.colcon_core.package_discovery:discover_packages(recursive) using defaults
[0.514s] Level 1:colcon.colcon_core.package_discovery:discover_packages(ignore) discover
[0.514s] Level 1:colcon.colcon_core.package_discovery:discover_packages(ignore) using defaults
[0.514s] Level 1:colcon.colcon_core.package_discovery:discover_packages(path) discover
[0.514s] Level 1:colcon.colcon_core.package_discovery:discover_packages(path) using defaults
[0.533s] INFO:colcon.colcon_core.package_selection:Skipping not selected package 'turtle_hunter' in 'src/turtle_hunter'
[0.534s] Level 1:colcon.colcon_core.package_discovery:discover_packages(prefix_path) check parameters
[0.534s] Level 1:colcon.colcon_core.package_discovery:discover_packages(prefix_path) discover
[0.536s] DEBUG:colcon.colcon_installed_package_information.package_discovery:Found 2 installed packages in /home/bojan/ros2_project_04/install
[0.537s] DEBUG:colcon.colcon_installed_package_information.package_discovery:Found 2 installed packages in /home/bojan/ros2_project_03/install
[0.538s] DEBUG:colcon.colcon_installed_package_information.package_discovery:Found 3 installed packages in /home/bojan/ros2_project_02/install
[0.539s] DEBUG:colcon.colcon_installed_package_information.package_discovery:Found 5 installed packages in /home/bojan/ros2_project_01/install
[0.540s] DEBUG:colcon.colcon_installed_package_information.package_discovery:Found 270 installed packages in /opt/ros/humble
[0.541s] Level 1:colcon.colcon_core.package_discovery:discover_packages(prefix_path) using defaults
[0.588s] Level 5:colcon.colcon_core.verb:set package 'turtle_hunter_interfaces' build argument 'cmake_args' from command line to 'None'
[0.589s] Level 5:colcon.colcon_core.verb:set package 'turtle_hunter_interfaces' build argument 'cmake_target' from command line to 'None'
[0.589s] Level 5:colcon.colcon_core.verb:set package 'turtle_hunter_interfaces' build argument 'cmake_target_skip_unavailable' from command line to 'False'
[0.589s] Level 5:colcon.colcon_core.verb:set package 'turtle_hunter_interfaces' build argument 'cmake_clean_cache' from command line to 'False'
[0.589s] Level 5:colcon.colcon_core.verb:set package 'turtle_hunter_interfaces' build argument 'cmake_clean_first' from command line to 'False'
[0.589s] Level 5:colcon.colcon_core.verb:set package 'turtle_hunter_interfaces' build argument 'cmake_force_configure' from command line to 'False'
[0.589s] Level 5:colcon.colcon_core.verb:set package 'turtle_hunter_interfaces' build argument 'ament_cmake_args' from command line to 'None'
[0.589s] Level 5:colcon.colcon_core.verb:set package 'turtle_hunter_interfaces' build argument 'catkin_cmake_args' from command line to 'None'
[0.589s] Level 5:colcon.colcon_core.verb:set package 'turtle_hunter_interfaces' build argument 'catkin_skip_building_tests' from command line to 'False'
[0.589s] DEBUG:colcon.colcon_core.verb:Building package 'turtle_hunter_interfaces' with the following arguments: {'ament_cmake_args': None, 'build_base': '/home/bojan/ros2_project_04/build/turtle_hunter_interfaces', 'catkin_cmake_args': None, 'catkin_skip_building_tests': False, 'cmake_args': None, 'cmake_clean_cache': False, 'cmake_clean_first': False, 'cmake_force_configure': False, 'cmake_target': None, 'cmake_target_skip_unavailable': False, 'install_base': '/home/bojan/ros2_project_04/install/turtle_hunter_interfaces', 'merge_install': False, 'path': '/home/bojan/ros2_project_04/src/turtle_hunter_interfaces', 'symlink_install': False, 'test_result_base': None}
[0.589s] INFO:colcon.colcon_core.executor:Executing jobs using 'parallel' executor
[0.594s] DEBUG:colcon.colcon_parallel_executor.executor.parallel:run_until_complete
[0.594s] INFO:colcon.colcon_ros.task.ament_cmake.build:Building ROS package in '/home/bojan/ros2_project_04/src/turtle_hunter_interfaces' with build type 'ament_cmake'
[0.594s] INFO:colcon.colcon_cmake.task.cmake.build:Building CMake package in '/home/bojan/ros2_project_04/src/turtle_hunter_interfaces'
[0.600s] INFO:colcon.colcon_core.plugin_system:Skipping extension 'colcon_core.shell.bat': Not used on non-Windows systems
[0.600s] INFO:colcon.colcon_core.shell:Skip shell extension 'powershell' for command environment: Not usable outside of PowerShell
[0.600s] DEBUG:colcon.colcon_core.shell:Skip shell extension 'dsv' for command environment
[0.621s] DEBUG:colcon.colcon_core.event_handler.log_command:Invoking command in '/home/bojan/ros2_project_04/build/turtle_hunter_interfaces': CMAKE_PREFIX_PATH=${CMAKE_PREFIX_PATH}:/home/bojan/ros2_project_04/install/turtle_hunter:/home/bojan/ros2_project_03/install/robot_media:/home/bojan/ros2_project_01/install/robot_pkg_py:/home/bojan/ros2_project_01/install/num_pkg_py:/opt/ros/humble WSLENV=ELECTRON_RUN_AS_NODE/w: /usr/bin/cmake /home/bojan/ros2_project_04/src/turtle_hunter_interfaces -DCMAKE_INSTALL_PREFIX=/home/bojan/ros2_project_04/install/turtle_hunter_interfaces
[3.488s] DEBUG:colcon.colcon_core.event_handler.log_command:Invoked command in '/home/bojan/ros2_project_04/build/turtle_hunter_interfaces' returned '0': CMAKE_PREFIX_PATH=${CMAKE_PREFIX_PATH}:/home/bojan/ros2_project_04/install/turtle_hunter:/home/bojan/ros2_project_03/install/robot_media:/home/bojan/ros2_project_01/install/robot_pkg_py:/home/bojan/ros2_project_01/install/num_pkg_py:/opt/ros/humble WSLENV=ELECTRON_RUN_AS_NODE/w: /usr/bin/cmake /home/bojan/ros2_project_04/src/turtle_hunter_interfaces -DCMAKE_INSTALL_PREFIX=/home/bojan/ros2_project_04/install/turtle_hunter_interfaces
[3.491s] DEBUG:colcon.colcon_core.event_handler.log_command:Invoking command in '/home/bojan/ros2_project_04/build/turtle_hunter_interfaces': CMAKE_PREFIX_PATH=${CMAKE_PREFIX_PATH}:/home/bojan/ros2_project_04/install/turtle_hunter:/home/bojan/ros2_project_03/install/robot_media:/home/bojan/ros2_project_01/install/robot_pkg_py:/home/bojan/ros2_project_01/install/num_pkg_py:/opt/ros/humble WSLENV=ELECTRON_RUN_AS_NODE/w: /usr/bin/cmake --build /home/bojan/ros2_project_04/build/turtle_hunter_interfaces -- -j16 -l16
[6.286s] DEBUG:colcon.colcon_core.event_handler.log_command:Invoked command in '/home/bojan/ros2_project_04/build/turtle_hunter_interfaces' returned '0': CMAKE_PREFIX_PATH=${CMAKE_PREFIX_PATH}:/home/bojan/ros2_project_04/install/turtle_hunter:/home/bojan/ros2_project_03/install/robot_media:/home/bojan/ros2_project_01/install/robot_pkg_py:/home/bojan/ros2_project_01/install/num_pkg_py:/opt/ros/humble WSLENV=ELECTRON_RUN_AS_NODE/w: /usr/bin/cmake --build /home/bojan/ros2_project_04/build/turtle_hunter_interfaces -- -j16 -l16
[6.392s] DEBUG:colcon.colcon_core.event_handler.log_command:Invoking command in '/home/bojan/ros2_project_04/build/turtle_hunter_interfaces': CMAKE_PREFIX_PATH=${CMAKE_PREFIX_PATH}:/home/bojan/ros2_project_04/install/turtle_hunter:/home/bojan/ros2_project_03/install/robot_media:/home/bojan/ros2_project_01/install/robot_pkg_py:/home/bojan/ros2_project_01/install/num_pkg_py:/opt/ros/humble WSLENV=ELECTRON_RUN_AS_NODE/w: /usr/bin/cmake --install /home/bojan/ros2_project_04/build/turtle_hunter_interfaces
[6.483s] Level 1:colcon.colcon_core.environment:create_environment_scripts_only(turtle_hunter_interfaces)
[6.486s] DEBUG:colcon.colcon_core.event_handler.log_command:Invoked command in '/home/bojan/ros2_project_04/build/turtle_hunter_interfaces' returned '0': CMAKE_PREFIX_PATH=${CMAKE_PREFIX_PATH}:/home/bojan/ros2_project_04/install/turtle_hunter:/home/bojan/ros2_project_03/install/robot_media:/home/bojan/ros2_project_01/install/robot_pkg_py:/home/bojan/ros2_project_01/install/num_pkg_py:/opt/ros/humble WSLENV=ELECTRON_RUN_AS_NODE/w: /usr/bin/cmake --install /home/bojan/ros2_project_04/build/turtle_hunter_interfaces
[6.488s] Level 1:colcon.colcon_core.environment:checking '/home/bojan/ros2_project_04/install/turtle_hunter_interfaces' for CMake module files
[6.489s] Level 1:colcon.colcon_core.environment:checking '/home/bojan/ros2_project_04/install/turtle_hunter_interfaces' for CMake config files
[6.489s] Level 1:colcon.colcon_core.shell:create_environment_hook('turtle_hunter_interfaces', 'cmake_prefix_path')
[6.491s] INFO:colcon.colcon_core.shell:Creating environment hook '/home/bojan/ros2_project_04/install/turtle_hunter_interfaces/share/turtle_hunter_interfaces/hook/cmake_prefix_path.ps1'
[6.492s] INFO:colcon.colcon_core.shell:Creating environment descriptor '/home/bojan/ros2_project_04/install/turtle_hunter_interfaces/share/turtle_hunter_interfaces/hook/cmake_prefix_path.dsv'
[6.494s] INFO:colcon.colcon_core.shell:Creating environment hook '/home/bojan/ros2_project_04/install/turtle_hunter_interfaces/share/turtle_hunter_interfaces/hook/cmake_prefix_path.sh'
[6.496s] Level 1:colcon.colcon_core.environment:checking '/home/bojan/ros2_project_04/install/turtle_hunter_interfaces/lib'
[6.496s] Level 1:colcon.colcon_core.shell:create_environment_hook('turtle_hunter_interfaces', 'ld_library_path_lib')
[6.497s] INFO:colcon.colcon_core.shell:Creating environment hook '/home/bojan/ros2_project_04/install/turtle_hunter_interfaces/share/turtle_hunter_interfaces/hook/ld_library_path_lib.ps1'
[6.497s] INFO:colcon.colcon_core.shell:Creating environment descriptor '/home/bojan/ros2_project_04/install/turtle_hunter_interfaces/share/turtle_hunter_interfaces/hook/ld_library_path_lib.dsv'
[6.497s] INFO:colcon.colcon_core.shell:Creating environment hook '/home/bojan/ros2_project_04/install/turtle_hunter_interfaces/share/turtle_hunter_interfaces/hook/ld_library_path_lib.sh'
[6.498s] Level 1:colcon.colcon_core.environment:checking '/home/bojan/ros2_project_04/install/turtle_hunter_interfaces/bin'
[6.498s] Level 1:colcon.colcon_core.environment:checking '/home/bojan/ros2_project_04/install/turtle_hunter_interfaces/lib/pkgconfig/turtle_hunter_interfaces.pc'
[6.498s] Level 1:colcon.colcon_core.environment:checking '/home/bojan/ros2_project_04/install/turtle_hunter_interfaces/lib/python3.10/site-packages'
[6.498s] Level 1:colcon.colcon_core.environment:checking '/home/bojan/ros2_project_04/install/turtle_hunter_interfaces/bin'
[6.499s] INFO:colcon.colcon_core.shell:Creating package script '/home/bojan/ros2_project_04/install/turtle_hunter_interfaces/share/turtle_hunter_interfaces/package.ps1'
[6.500s] INFO:colcon.colcon_core.shell:Creating package descriptor '/home/bojan/ros2_project_04/install/turtle_hunter_interfaces/share/turtle_hunter_interfaces/package.dsv'
[6.500s] INFO:colcon.colcon_core.shell:Creating package script '/home/bojan/ros2_project_04/install/turtle_hunter_interfaces/share/turtle_hunter_interfaces/package.sh'
[6.501s] INFO:colcon.colcon_core.shell:Creating package script '/home/bojan/ros2_project_04/install/turtle_hunter_interfaces/share/turtle_hunter_interfaces/package.bash'
[6.502s] INFO:colcon.colcon_core.shell:Creating package script '/home/bojan/ros2_project_04/install/turtle_hunter_interfaces/share/turtle_hunter_interfaces/package.zsh'
[6.502s] Level 1:colcon.colcon_core.environment:create_file_with_runtime_dependencies(/home/bojan/ros2_project_04/install/turtle_hunter_interfaces/share/colcon-core/packages/turtle_hunter_interfaces)
[6.598s] Level 1:colcon.colcon_core.environment:create_environment_scripts_only(turtle_hunter_interfaces)
[6.600s] Level 1:colcon.colcon_core.environment:checking '/home/bojan/ros2_project_04/install/turtle_hunter_interfaces' for CMake module files
[6.601s] Level 1:colcon.colcon_core.environment:checking '/home/bojan/ros2_project_04/install/turtle_hunter_interfaces' for CMake config files
[6.602s] Level 1:colcon.colcon_core.shell:create_environment_hook('turtle_hunter_interfaces', 'cmake_prefix_path')
[6.603s] INFO:colcon.colcon_core.shell:Creating environment hook '/home/bojan/ros2_project_04/install/turtle_hunter_interfaces/share/turtle_hunter_interfaces/hook/cmake_prefix_path.ps1'
[6.604s] INFO:colcon.colcon_core.shell:Creating environment descriptor '/home/bojan/ros2_project_04/install/turtle_hunter_interfaces/share/turtle_hunter_interfaces/hook/cmake_prefix_path.dsv'
[6.604s] INFO:colcon.colcon_core.shell:Creating environment hook '/home/bojan/ros2_project_04/install/turtle_hunter_interfaces/share/turtle_hunter_interfaces/hook/cmake_prefix_path.sh'
[6.605s] Level 1:colcon.colcon_core.environment:checking '/home/bojan/ros2_project_04/install/turtle_hunter_interfaces/lib'
[6.605s] Level 1:colcon.colcon_core.shell:create_environment_hook('turtle_hunter_interfaces', 'ld_library_path_lib')
[6.606s] INFO:colcon.colcon_core.shell:Creating environment hook '/home/bojan/ros2_project_04/install/turtle_hunter_interfaces/share/turtle_hunter_interfaces/hook/ld_library_path_lib.ps1'
[6.607s] INFO:colcon.colcon_core.shell:Creating environment descriptor '/home/bojan/ros2_project_04/install/turtle_hunter_interfaces/share/turtle_hunter_interfaces/hook/ld_library_path_lib.dsv'
[6.607s] INFO:colcon.colcon_core.shell:Creating environment hook '/home/bojan/ros2_project_04/install/turtle_hunter_interfaces/share/turtle_hunter_interfaces/hook/ld_library_path_lib.sh'
[6.608s] Level 1:colcon.colcon_core.environment:checking '/home/bojan/ros2_project_04/install/turtle_hunter_interfaces/bin'
[6.608s] Level 1:colcon.colcon_core.environment:checking '/home/bojan/ros2_project_04/install/turtle_hunter_interfaces/lib/pkgconfig/turtle_hunter_interfaces.pc'
[6.608s] Level 1:colcon.colcon_core.environment:checking '/home/bojan/ros2_project_04/install/turtle_hunter_interfaces/lib/python3.10/site-packages'
[6.609s] Level 1:colcon.colcon_core.environment:checking '/home/bojan/ros2_project_04/install/turtle_hunter_interfaces/bin'
[6.610s] INFO:colcon.colcon_core.shell:Creating package script '/home/bojan/ros2_project_04/install/turtle_hunter_interfaces/share/turtle_hunter_interfaces/package.ps1'
[6.611s] INFO:colcon.colcon_core.shell:Creating package descriptor '/home/bojan/ros2_project_04/install/turtle_hunter_interfaces/share/turtle_hunter_interfaces/package.dsv'
[6.611s] INFO:colcon.colcon_core.shell:Creating package script '/home/bojan/ros2_project_04/install/turtle_hunter_interfaces/share/turtle_hunter_interfaces/package.sh'
[6.612s] INFO:colcon.colcon_core.shell:Creating package script '/home/bojan/ros2_project_04/install/turtle_hunter_interfaces/share/turtle_hunter_interfaces/package.bash'
[6.613s] INFO:colcon.colcon_core.shell:Creating package script '/home/bojan/ros2_project_04/install/turtle_hunter_interfaces/share/turtle_hunter_interfaces/package.zsh'
[6.614s] Level 1:colcon.colcon_core.environment:create_file_with_runtime_dependencies(/home/bojan/ros2_project_04/install/turtle_hunter_interfaces/share/colcon-core/packages/turtle_hunter_interfaces)
[6.614s] DEBUG:colcon.colcon_parallel_executor.executor.parallel:closing loop
[6.615s] DEBUG:colcon.colcon_parallel_executor.executor.parallel:loop closed
[6.615s] DEBUG:colcon.colcon_parallel_executor.executor.parallel:run_until_complete finished with '0'
[6.616s] DEBUG:colcon.colcon_core.event_reactor:joining thread
[6.695s] INFO:colcon.colcon_core.plugin_system:Skipping extension 'colcon_notification.desktop_notification.notify_send': Could not find 'notify-send'
[6.695s] INFO:colcon.colcon_core.plugin_system:Skipping extension 'colcon_notification.desktop_notification.terminal_notifier': Not used on non-Darwin systems
[6.695s] INFO:colcon.colcon_core.plugin_system:Skipping extension 'colcon_notification.desktop_notification.win32': Not used on non-Windows systems
[6.695s] INFO:colcon.colcon_notification.desktop_notification:Sending desktop notification using 'notify2'
[6.696s] DEBUG:colcon.colcon_notification.desktop_notification.notify2:Failed to initialize notify2: org.freedesktop.DBus.Error.FileNotFound: Failed to connect to socket /run/user/1000/bus: No such file or directory
[6.696s] DEBUG:colcon.colcon_core.event_reactor:joined thread
[6.698s] INFO:colcon.colcon_core.shell:Creating prefix script '/home/bojan/ros2_project_04/install/local_setup.ps1'
[6.700s] INFO:colcon.colcon_core.shell:Creating prefix util module '/home/bojan/ros2_project_04/install/_local_setup_util_ps1.py'
[6.702s] INFO:colcon.colcon_core.shell:Creating prefix chain script '/home/bojan/ros2_project_04/install/setup.ps1'
[6.705s] INFO:colcon.colcon_core.shell:Creating prefix script '/home/bojan/ros2_project_04/install/local_setup.sh'
[6.706s] INFO:colcon.colcon_core.shell:Creating prefix util module '/home/bojan/ros2_project_04/install/_local_setup_util_sh.py'
[6.707s] INFO:colcon.colcon_core.shell:Creating prefix chain script '/home/bojan/ros2_project_04/install/setup.sh'
[6.710s] INFO:colcon.colcon_core.shell:Creating prefix script '/home/bojan/ros2_project_04/install/local_setup.bash'
[6.711s] INFO:colcon.colcon_core.shell:Creating prefix chain script '/home/bojan/ros2_project_04/install/setup.bash'
[6.714s] INFO:colcon.colcon_core.shell:Creating prefix script '/home/bojan/ros2_project_04/install/local_setup.zsh'
[6.715s] INFO:colcon.colcon_core.shell:Creating prefix chain script '/home/bojan/ros2_project_04/install/setup.zsh'
