[0.691s] Invoking command in '/home/bojan/ros2_project_04/build/turtle_hunter': PYTHONPATH=/home/bojan/ros2_project_04/build/turtle_hunter/prefix_override:/home/bojan/ros2_project_04/install/turtle_hunter/lib/python3.10/site-packages:${PYTHONPATH} WSLENV=ELECTRON_RUN_AS_NODE/w: /usr/bin/python3 setup.py develop --editable --build-directory /home/bojan/ros2_project_04/build/turtle_hunter/build --no-deps install_data
[0.917s] running develop
[0.925s] /usr/lib/python3/dist-packages/setuptools/command/easy_install.py:158: EasyInstallDeprecationWarning: easy_install command is deprecated. Use build and pip and other standards-based tools.
[0.925s]   warnings.warn(
[0.928s] /usr/lib/python3/dist-packages/setuptools/command/install.py:34: SetuptoolsDeprecationWarning: setup.py install is deprecated. Use build and pip and other standards-based tools.
[0.928s]   warnings.warn(
[0.989s] /usr/lib/python3/dist-packages/pkg_resources/__init__.py:116: PkgResourcesDeprecationWarning: 1.1build1 is an invalid version and will not be supported in a future release
[0.989s]   warnings.warn(
[1.079s] running egg_info
[1.079s] writing turtle_hunter.egg-info/PKG-INFO
[1.079s] writing dependency_links to turtle_hunter.egg-info/dependency_links.txt
[1.080s] writing entry points to turtle_hunter.egg-info/entry_points.txt
[1.080s] writing requirements to turtle_hunter.egg-info/requires.txt
[1.081s] writing top-level names to turtle_hunter.egg-info/top_level.txt
[1.082s] reading manifest file 'turtle_hunter.egg-info/SOURCES.txt'
[1.083s] writing manifest file 'turtle_hunter.egg-info/SOURCES.txt'
[1.085s] running build_ext
[1.085s] Creating /home/bojan/ros2_project_04/install/turtle_hunter/lib/python3.10/site-packages/turtle-hunter.egg-link (link to .)
[1.086s] Installing turtle_controller script to /home/bojan/ros2_project_04/install/turtle_hunter/lib/turtle_hunter
[1.086s] Installing turtle_spawner script to /home/bojan/ros2_project_04/install/turtle_hunter/lib/turtle_hunter
[1.087s] 
[1.087s] Installed /home/bojan/ros2_project_04/build/turtle_hunter
[1.087s] running install_data
[1.087s] copying package.xml -> /home/bojan/ros2_project_04/install/turtle_hunter/share/turtle_hunter
[1.113s] Invoked command in '/home/bojan/ros2_project_04/build/turtle_hunter' returned '0': PYTHONPATH=/home/bojan/ros2_project_04/build/turtle_hunter/prefix_override:/home/bojan/ros2_project_04/install/turtle_hunter/lib/python3.10/site-packages:${PYTHONPATH} WSLENV=ELECTRON_RUN_AS_NODE/w: /usr/bin/python3 setup.py develop --editable --build-directory /home/bojan/ros2_project_04/build/turtle_hunter/build --no-deps install_data
