[0.048s] Invoking command in '/home/bojan/ros2_project_04/build/turtle_hunter_interfaces': CMAKE_PREFIX_PATH=${CMAKE_PREFIX_PATH}:/home/bojan/ros2_project_04/install/turtle_hunter:/home/bojan/ros2_project_03/install/robot_media:/home/bojan/ros2_project_01/install/robot_pkg_py:/home/bojan/ros2_project_01/install/num_pkg_py:/opt/ros/humble WSLENV=ELECTRON_RUN_AS_NODE/w: /usr/bin/cmake --build /home/bojan/ros2_project_04/build/turtle_hunter_interfaces -- -j16 -l16
[0.157s] [  2%] Built target turtle_hunter_interfaces__cpp
[0.158s] [ 12%] Built target turtle_hunter_interfaces__rosidl_generator_c
[0.177s] [ 12%] Built target ament_cmake_python_copy_turtle_hunter_interfaces
[0.199s] [ 38%] Built target turtle_hunter_interfaces__rosidl_typesupport_fastrtps_cpp
[0.200s] [ 38%] Built target turtle_hunter_interfaces__rosidl_typesupport_introspection_c
[0.200s] [ 51%] Built target turtle_hunter_interfaces__rosidl_typesupport_cpp
[0.201s] [ 56%] Built target turtle_hunter_interfaces__rosidl_typesupport_c
[0.201s] [ 64%] Built target turtle_hunter_interfaces__rosidl_typesupport_introspection_cpp
[0.202s] [ 74%] Built target turtle_hunter_interfaces__rosidl_typesupport_fastrtps_c
[0.238s] [ 74%] Built target turtle_hunter_interfaces
[0.276s] [ 76%] Built target turtle_hunter_interfaces__py
[0.336s] [ 84%] Built target turtle_hunter_interfaces__rosidl_generator_py
[0.381s] [ 89%] Built target turtle_hunter_interfaces__rosidl_typesupport_fastrtps_c__pyext
[0.381s] [ 94%] Built target turtle_hunter_interfaces__rosidl_typesupport_introspection_c__pyext
[0.381s] [100%] Built target turtle_hunter_interfaces__rosidl_typesupport_c__pyext
[0.692s] running egg_info
[0.696s] writing turtle_hunter_interfaces.egg-info/PKG-INFO
[0.697s] writing dependency_links to turtle_hunter_interfaces.egg-info/dependency_links.txt
[0.697s] writing top-level names to turtle_hunter_interfaces.egg-info/top_level.txt
[0.700s] reading manifest file 'turtle_hunter_interfaces.egg-info/SOURCES.txt'
[0.700s] writing manifest file 'turtle_hunter_interfaces.egg-info/SOURCES.txt'
[0.747s] [100%] Built target ament_cmake_python_build_turtle_hunter_interfaces_egg
[0.762s] Invoked command in '/home/bojan/ros2_project_04/build/turtle_hunter_interfaces' returned '0': CMAKE_PREFIX_PATH=${CMAKE_PREFIX_PATH}:/home/bojan/ros2_project_04/install/turtle_hunter:/home/bojan/ros2_project_03/install/robot_media:/home/bojan/ros2_project_01/install/robot_pkg_py:/home/bojan/ros2_project_01/install/num_pkg_py:/opt/ros/humble WSLENV=ELECTRON_RUN_AS_NODE/w: /usr/bin/cmake --build /home/bojan/ros2_project_04/build/turtle_hunter_interfaces -- -j16 -l16
[0.948s] Invoking command in '/home/bojan/ros2_project_04/build/turtle_hunter_interfaces': CMAKE_PREFIX_PATH=${CMAKE_PREFIX_PATH}:/home/bojan/ros2_project_04/install/turtle_hunter:/home/bojan/ros2_project_03/install/robot_media:/home/bojan/ros2_project_01/install/robot_pkg_py:/home/bojan/ros2_project_01/install/num_pkg_py:/opt/ros/humble WSLENV=ELECTRON_RUN_AS_NODE/w: /usr/bin/cmake --install /home/bojan/ros2_project_04/build/turtle_hunter_interfaces
[0.960s] -- Install configuration: ""
[0.961s] -- Up-to-date: /home/bojan/ros2_project_04/install/turtle_hunter_interfaces/share/ament_index/resource_index/rosidl_interfaces/turtle_hunter_interfaces
[0.961s] -- Up-to-date: /home/bojan/ros2_project_04/install/turtle_hunter_interfaces/include/turtle_hunter_interfaces/turtle_hunter_interfaces
[0.961s] -- Up-to-date: /home/bojan/ros2_project_04/install/turtle_hunter_interfaces/include/turtle_hunter_interfaces/turtle_hunter_interfaces/msg
[0.962s] -- Up-to-date: /home/bojan/ros2_project_04/install/turtle_hunter_interfaces/include/turtle_hunter_interfaces/turtle_hunter_interfaces/msg/rosidl_generator_c__visibility_control.h
[0.962s] -- Up-to-date: /home/bojan/ros2_project_04/install/turtle_hunter_interfaces/include/turtle_hunter_interfaces/turtle_hunter_interfaces/msg/turtle.h
[0.968s] -- Up-to-date: /home/bojan/ros2_project_04/install/turtle_hunter_interfaces/include/turtle_hunter_interfaces/turtle_hunter_interfaces/msg/turtle_array.h
[0.968s] -- Up-to-date: /home/bojan/ros2_project_04/install/turtle_hunter_interfaces/include/turtle_hunter_interfaces/turtle_hunter_interfaces/msg/detail
[0.968s] -- Up-to-date: /home/bojan/ros2_project_04/install/turtle_hunter_interfaces/include/turtle_hunter_interfaces/turtle_hunter_interfaces/msg/detail/turtle__type_support.h
[0.968s] -- Up-to-date: /home/bojan/ros2_project_04/install/turtle_hunter_interfaces/include/turtle_hunter_interfaces/turtle_hunter_interfaces/msg/detail/turtle_array__struct.h
[0.968s] -- Up-to-date: /home/bojan/ros2_project_04/install/turtle_hunter_interfaces/include/turtle_hunter_interfaces/turtle_hunter_interfaces/msg/detail/turtle__functions.c
[0.968s] -- Up-to-date: /home/bojan/ros2_project_04/install/turtle_hunter_interfaces/include/turtle_hunter_interfaces/turtle_hunter_interfaces/msg/detail/turtle_array__functions.c
[0.968s] -- Up-to-date: /home/bojan/ros2_project_04/install/turtle_hunter_interfaces/include/turtle_hunter_interfaces/turtle_hunter_interfaces/msg/detail/turtle__struct.h
[0.968s] -- Up-to-date: /home/bojan/ros2_project_04/install/turtle_hunter_interfaces/include/turtle_hunter_interfaces/turtle_hunter_interfaces/msg/detail/turtle_array__type_support.h
[0.968s] -- Up-to-date: /home/bojan/ros2_project_04/install/turtle_hunter_interfaces/include/turtle_hunter_interfaces/turtle_hunter_interfaces/msg/detail/turtle__functions.h
[0.969s] -- Up-to-date: /home/bojan/ros2_project_04/install/turtle_hunter_interfaces/include/turtle_hunter_interfaces/turtle_hunter_interfaces/msg/detail/turtle_array__functions.h
[0.969s] -- Up-to-date: /home/bojan/ros2_project_04/install/turtle_hunter_interfaces/share/turtle_hunter_interfaces/environment/library_path.sh
[0.969s] -- Up-to-date: /home/bojan/ros2_project_04/install/turtle_hunter_interfaces/share/turtle_hunter_interfaces/environment/library_path.dsv
[0.969s] -- Up-to-date: /home/bojan/ros2_project_04/install/turtle_hunter_interfaces/lib/libturtle_hunter_interfaces__rosidl_generator_c.so
[0.969s] -- Up-to-date: /home/bojan/ros2_project_04/install/turtle_hunter_interfaces/include/turtle_hunter_interfaces/turtle_hunter_interfaces
[0.969s] -- Up-to-date: /home/bojan/ros2_project_04/install/turtle_hunter_interfaces/include/turtle_hunter_interfaces/turtle_hunter_interfaces/msg
[0.969s] -- Up-to-date: /home/bojan/ros2_project_04/install/turtle_hunter_interfaces/include/turtle_hunter_interfaces/turtle_hunter_interfaces/msg/rosidl_typesupport_fastrtps_c__visibility_control.h
[0.969s] -- Up-to-date: /home/bojan/ros2_project_04/install/turtle_hunter_interfaces/include/turtle_hunter_interfaces/turtle_hunter_interfaces/msg/detail
[0.969s] -- Up-to-date: /home/bojan/ros2_project_04/install/turtle_hunter_interfaces/include/turtle_hunter_interfaces/turtle_hunter_interfaces/msg/detail/turtle_array__rosidl_typesupport_fastrtps_c.h
[0.969s] -- Up-to-date: /home/bojan/ros2_project_04/install/turtle_hunter_interfaces/include/turtle_hunter_interfaces/turtle_hunter_interfaces/msg/detail/turtle__rosidl_typesupport_fastrtps_c.h
[0.969s] -- Up-to-date: /home/bojan/ros2_project_04/install/turtle_hunter_interfaces/lib/libturtle_hunter_interfaces__rosidl_typesupport_fastrtps_c.so
[0.970s] -- Up-to-date: /home/bojan/ros2_project_04/install/turtle_hunter_interfaces/include/turtle_hunter_interfaces/turtle_hunter_interfaces
[0.970s] -- Up-to-date: /home/bojan/ros2_project_04/install/turtle_hunter_interfaces/include/turtle_hunter_interfaces/turtle_hunter_interfaces/msg
[0.970s] -- Up-to-date: /home/bojan/ros2_project_04/install/turtle_hunter_interfaces/include/turtle_hunter_interfaces/turtle_hunter_interfaces/msg/rosidl_typesupport_introspection_c__visibility_control.h
[0.970s] -- Up-to-date: /home/bojan/ros2_project_04/install/turtle_hunter_interfaces/include/turtle_hunter_interfaces/turtle_hunter_interfaces/msg/detail
[0.970s] -- Up-to-date: /home/bojan/ros2_project_04/install/turtle_hunter_interfaces/include/turtle_hunter_interfaces/turtle_hunter_interfaces/msg/detail/turtle_array__type_support.c
[0.970s] -- Up-to-date: /home/bojan/ros2_project_04/install/turtle_hunter_interfaces/include/turtle_hunter_interfaces/turtle_hunter_interfaces/msg/detail/turtle__type_support.c
[0.971s] -- Up-to-date: /home/bojan/ros2_project_04/install/turtle_hunter_interfaces/include/turtle_hunter_interfaces/turtle_hunter_interfaces/msg/detail/turtle__rosidl_typesupport_introspection_c.h
[0.971s] -- Up-to-date: /home/bojan/ros2_project_04/install/turtle_hunter_interfaces/include/turtle_hunter_interfaces/turtle_hunter_interfaces/msg/detail/turtle_array__rosidl_typesupport_introspection_c.h
[0.971s] -- Up-to-date: /home/bojan/ros2_project_04/install/turtle_hunter_interfaces/lib/libturtle_hunter_interfaces__rosidl_typesupport_introspection_c.so
[0.971s] -- Up-to-date: /home/bojan/ros2_project_04/install/turtle_hunter_interfaces/lib/libturtle_hunter_interfaces__rosidl_typesupport_c.so
[0.971s] -- Up-to-date: /home/bojan/ros2_project_04/install/turtle_hunter_interfaces/include/turtle_hunter_interfaces/turtle_hunter_interfaces
[0.972s] -- Up-to-date: /home/bojan/ros2_project_04/install/turtle_hunter_interfaces/include/turtle_hunter_interfaces/turtle_hunter_interfaces/msg
[0.972s] -- Up-to-date: /home/bojan/ros2_project_04/install/turtle_hunter_interfaces/include/turtle_hunter_interfaces/turtle_hunter_interfaces/msg/turtle_array.hpp
[0.972s] -- Up-to-date: /home/bojan/ros2_project_04/install/turtle_hunter_interfaces/include/turtle_hunter_interfaces/turtle_hunter_interfaces/msg/turtle.hpp
[0.972s] -- Up-to-date: /home/bojan/ros2_project_04/install/turtle_hunter_interfaces/include/turtle_hunter_interfaces/turtle_hunter_interfaces/msg/detail
[0.972s] -- Up-to-date: /home/bojan/ros2_project_04/install/turtle_hunter_interfaces/include/turtle_hunter_interfaces/turtle_hunter_interfaces/msg/detail/turtle__struct.hpp
[0.976s] -- Up-to-date: /home/bojan/ros2_project_04/install/turtle_hunter_interfaces/include/turtle_hunter_interfaces/turtle_hunter_interfaces/msg/detail/turtle__builder.hpp
[0.976s] -- Up-to-date: /home/bojan/ros2_project_04/install/turtle_hunter_interfaces/include/turtle_hunter_interfaces/turtle_hunter_interfaces/msg/detail/turtle__traits.hpp
[0.976s] -- Up-to-date: /home/bojan/ros2_project_04/install/turtle_hunter_interfaces/include/turtle_hunter_interfaces/turtle_hunter_interfaces/msg/detail/turtle_array__struct.hpp
[0.976s] -- Up-to-date: /home/bojan/ros2_project_04/install/turtle_hunter_interfaces/include/turtle_hunter_interfaces/turtle_hunter_interfaces/msg/detail/turtle_array__builder.hpp
[0.976s] -- Up-to-date: /home/bojan/ros2_project_04/install/turtle_hunter_interfaces/include/turtle_hunter_interfaces/turtle_hunter_interfaces/msg/detail/turtle_array__traits.hpp
[0.976s] -- Up-to-date: /home/bojan/ros2_project_04/install/turtle_hunter_interfaces/include/turtle_hunter_interfaces/turtle_hunter_interfaces
[0.976s] -- Up-to-date: /home/bojan/ros2_project_04/install/turtle_hunter_interfaces/include/turtle_hunter_interfaces/turtle_hunter_interfaces/msg
[0.976s] -- Up-to-date: /home/bojan/ros2_project_04/install/turtle_hunter_interfaces/include/turtle_hunter_interfaces/turtle_hunter_interfaces/msg/rosidl_typesupport_fastrtps_cpp__visibility_control.h
[0.977s] -- Up-to-date: /home/bojan/ros2_project_04/install/turtle_hunter_interfaces/include/turtle_hunter_interfaces/turtle_hunter_interfaces/msg/detail
[0.977s] -- Up-to-date: /home/bojan/ros2_project_04/install/turtle_hunter_interfaces/include/turtle_hunter_interfaces/turtle_hunter_interfaces/msg/detail/dds_fastrtps
[0.977s] -- Up-to-date: /home/bojan/ros2_project_04/install/turtle_hunter_interfaces/include/turtle_hunter_interfaces/turtle_hunter_interfaces/msg/detail/turtle_array__rosidl_typesupport_fastrtps_cpp.hpp
[0.977s] -- Up-to-date: /home/bojan/ros2_project_04/install/turtle_hunter_interfaces/include/turtle_hunter_interfaces/turtle_hunter_interfaces/msg/detail/turtle__rosidl_typesupport_fastrtps_cpp.hpp
[0.977s] -- Up-to-date: /home/bojan/ros2_project_04/install/turtle_hunter_interfaces/lib/libturtle_hunter_interfaces__rosidl_typesupport_fastrtps_cpp.so
[0.977s] -- Up-to-date: /home/bojan/ros2_project_04/install/turtle_hunter_interfaces/include/turtle_hunter_interfaces/turtle_hunter_interfaces
[0.977s] -- Up-to-date: /home/bojan/ros2_project_04/install/turtle_hunter_interfaces/include/turtle_hunter_interfaces/turtle_hunter_interfaces/msg
[0.977s] -- Up-to-date: /home/bojan/ros2_project_04/install/turtle_hunter_interfaces/include/turtle_hunter_interfaces/turtle_hunter_interfaces/msg/detail
[0.977s] -- Up-to-date: /home/bojan/ros2_project_04/install/turtle_hunter_interfaces/include/turtle_hunter_interfaces/turtle_hunter_interfaces/msg/detail/turtle__type_support.cpp
[0.977s] -- Up-to-date: /home/bojan/ros2_project_04/install/turtle_hunter_interfaces/include/turtle_hunter_interfaces/turtle_hunter_interfaces/msg/detail/turtle_array__type_support.cpp
[0.977s] -- Up-to-date: /home/bojan/ros2_project_04/install/turtle_hunter_interfaces/include/turtle_hunter_interfaces/turtle_hunter_interfaces/msg/detail/turtle_array__rosidl_typesupport_introspection_cpp.hpp
[0.977s] -- Up-to-date: /home/bojan/ros2_project_04/install/turtle_hunter_interfaces/include/turtle_hunter_interfaces/turtle_hunter_interfaces/msg/detail/turtle__rosidl_typesupport_introspection_cpp.hpp
[0.977s] -- Up-to-date: /home/bojan/ros2_project_04/install/turtle_hunter_interfaces/lib/libturtle_hunter_interfaces__rosidl_typesupport_introspection_cpp.so
[0.978s] -- Up-to-date: /home/bojan/ros2_project_04/install/turtle_hunter_interfaces/lib/libturtle_hunter_interfaces__rosidl_typesupport_cpp.so
[0.978s] -- Up-to-date: /home/bojan/ros2_project_04/install/turtle_hunter_interfaces/share/turtle_hunter_interfaces/environment/pythonpath.sh
[0.978s] -- Up-to-date: /home/bojan/ros2_project_04/install/turtle_hunter_interfaces/share/turtle_hunter_interfaces/environment/pythonpath.dsv
[0.978s] -- Up-to-date: /home/bojan/ros2_project_04/install/turtle_hunter_interfaces/local/lib/python3.10/dist-packages/turtle_hunter_interfaces-0.0.0-py3.10.egg-info
[0.978s] -- Installing: /home/bojan/ros2_project_04/install/turtle_hunter_interfaces/local/lib/python3.10/dist-packages/turtle_hunter_interfaces-0.0.0-py3.10.egg-info/PKG-INFO
[0.978s] -- Installing: /home/bojan/ros2_project_04/install/turtle_hunter_interfaces/local/lib/python3.10/dist-packages/turtle_hunter_interfaces-0.0.0-py3.10.egg-info/SOURCES.txt
[0.978s] -- Installing: /home/bojan/ros2_project_04/install/turtle_hunter_interfaces/local/lib/python3.10/dist-packages/turtle_hunter_interfaces-0.0.0-py3.10.egg-info/top_level.txt
[0.978s] -- Installing: /home/bojan/ros2_project_04/install/turtle_hunter_interfaces/local/lib/python3.10/dist-packages/turtle_hunter_interfaces-0.0.0-py3.10.egg-info/dependency_links.txt
[0.978s] -- Up-to-date: /home/bojan/ros2_project_04/install/turtle_hunter_interfaces/local/lib/python3.10/dist-packages/turtle_hunter_interfaces
[0.978s] -- Up-to-date: /home/bojan/ros2_project_04/install/turtle_hunter_interfaces/local/lib/python3.10/dist-packages/turtle_hunter_interfaces/turtle_hunter_interfaces_s__rosidl_typesupport_c.cpython-310-x86_64-linux-gnu.so
[0.978s] -- Up-to-date: /home/bojan/ros2_project_04/install/turtle_hunter_interfaces/local/lib/python3.10/dist-packages/turtle_hunter_interfaces/_turtle_hunter_interfaces_s.ep.rosidl_typesupport_c.c
[0.978s] -- Up-to-date: /home/bojan/ros2_project_04/install/turtle_hunter_interfaces/local/lib/python3.10/dist-packages/turtle_hunter_interfaces/__init__.py
[0.978s] -- Up-to-date: /home/bojan/ros2_project_04/install/turtle_hunter_interfaces/local/lib/python3.10/dist-packages/turtle_hunter_interfaces/_turtle_hunter_interfaces_s.ep.rosidl_typesupport_fastrtps_c.c
[0.978s] -- Up-to-date: /home/bojan/ros2_project_04/install/turtle_hunter_interfaces/local/lib/python3.10/dist-packages/turtle_hunter_interfaces/_turtle_hunter_interfaces_s.ep.rosidl_typesupport_introspection_c.c
[0.979s] -- Up-to-date: /home/bojan/ros2_project_04/install/turtle_hunter_interfaces/local/lib/python3.10/dist-packages/turtle_hunter_interfaces/libturtle_hunter_interfaces__rosidl_generator_py.so
[0.979s] -- Up-to-date: /home/bojan/ros2_project_04/install/turtle_hunter_interfaces/local/lib/python3.10/dist-packages/turtle_hunter_interfaces/msg
[0.979s] -- Up-to-date: /home/bojan/ros2_project_04/install/turtle_hunter_interfaces/local/lib/python3.10/dist-packages/turtle_hunter_interfaces/msg/_turtle_s.c
[0.979s] -- Up-to-date: /home/bojan/ros2_project_04/install/turtle_hunter_interfaces/local/lib/python3.10/dist-packages/turtle_hunter_interfaces/msg/__init__.py
[0.979s] -- Up-to-date: /home/bojan/ros2_project_04/install/turtle_hunter_interfaces/local/lib/python3.10/dist-packages/turtle_hunter_interfaces/msg/_turtle.py
[0.979s] -- Up-to-date: /home/bojan/ros2_project_04/install/turtle_hunter_interfaces/local/lib/python3.10/dist-packages/turtle_hunter_interfaces/msg/_turtle_array_s.c
[0.979s] -- Up-to-date: /home/bojan/ros2_project_04/install/turtle_hunter_interfaces/local/lib/python3.10/dist-packages/turtle_hunter_interfaces/msg/_turtle_array.py
[0.979s] -- Up-to-date: /home/bojan/ros2_project_04/install/turtle_hunter_interfaces/local/lib/python3.10/dist-packages/turtle_hunter_interfaces/turtle_hunter_interfaces_s__rosidl_typesupport_fastrtps_c.cpython-310-x86_64-linux-gnu.so
[0.979s] -- Up-to-date: /home/bojan/ros2_project_04/install/turtle_hunter_interfaces/local/lib/python3.10/dist-packages/turtle_hunter_interfaces/turtle_hunter_interfaces_s__rosidl_typesupport_introspection_c.cpython-310-x86_64-linux-gnu.so
[1.061s] Listing '/home/bojan/ros2_project_04/install/turtle_hunter_interfaces/local/lib/python3.10/dist-packages/turtle_hunter_interfaces'...
[1.061s] Listing '/home/bojan/ros2_project_04/install/turtle_hunter_interfaces/local/lib/python3.10/dist-packages/turtle_hunter_interfaces/msg'...
[1.079s] -- Up-to-date: /home/bojan/ros2_project_04/install/turtle_hunter_interfaces/local/lib/python3.10/dist-packages/turtle_hunter_interfaces/turtle_hunter_interfaces_s__rosidl_typesupport_fastrtps_c.cpython-310-x86_64-linux-gnu.so
[1.079s] -- Up-to-date: /home/bojan/ros2_project_04/install/turtle_hunter_interfaces/local/lib/python3.10/dist-packages/turtle_hunter_interfaces/turtle_hunter_interfaces_s__rosidl_typesupport_introspection_c.cpython-310-x86_64-linux-gnu.so
[1.080s] -- Up-to-date: /home/bojan/ros2_project_04/install/turtle_hunter_interfaces/local/lib/python3.10/dist-packages/turtle_hunter_interfaces/turtle_hunter_interfaces_s__rosidl_typesupport_c.cpython-310-x86_64-linux-gnu.so
[1.080s] -- Up-to-date: /home/bojan/ros2_project_04/install/turtle_hunter_interfaces/lib/libturtle_hunter_interfaces__rosidl_generator_py.so
[1.080s] -- Up-to-date: /home/bojan/ros2_project_04/install/turtle_hunter_interfaces/share/turtle_hunter_interfaces/msg/Turtle.idl
[1.081s] -- Up-to-date: /home/bojan/ros2_project_04/install/turtle_hunter_interfaces/share/turtle_hunter_interfaces/msg/TurtleArray.idl
[1.081s] -- Up-to-date: /home/bojan/ros2_project_04/install/turtle_hunter_interfaces/share/turtle_hunter_interfaces/msg/Turtle.msg
[1.082s] -- Up-to-date: /home/bojan/ros2_project_04/install/turtle_hunter_interfaces/share/turtle_hunter_interfaces/msg/TurtleArray.msg
[1.082s] -- Up-to-date: /home/bojan/ros2_project_04/install/turtle_hunter_interfaces/share/ament_index/resource_index/package_run_dependencies/turtle_hunter_interfaces
[1.082s] -- Up-to-date: /home/bojan/ros2_project_04/install/turtle_hunter_interfaces/share/ament_index/resource_index/parent_prefix_path/turtle_hunter_interfaces
[1.082s] -- Up-to-date: /home/bojan/ros2_project_04/install/turtle_hunter_interfaces/share/turtle_hunter_interfaces/environment/ament_prefix_path.sh
[1.082s] -- Up-to-date: /home/bojan/ros2_project_04/install/turtle_hunter_interfaces/share/turtle_hunter_interfaces/environment/ament_prefix_path.dsv
[1.086s] -- Up-to-date: /home/bojan/ros2_project_04/install/turtle_hunter_interfaces/share/turtle_hunter_interfaces/environment/path.sh
[1.086s] -- Up-to-date: /home/bojan/ros2_project_04/install/turtle_hunter_interfaces/share/turtle_hunter_interfaces/environment/path.dsv
[1.086s] -- Up-to-date: /home/bojan/ros2_project_04/install/turtle_hunter_interfaces/share/turtle_hunter_interfaces/local_setup.bash
[1.086s] -- Up-to-date: /home/bojan/ros2_project_04/install/turtle_hunter_interfaces/share/turtle_hunter_interfaces/local_setup.sh
[1.086s] -- Up-to-date: /home/bojan/ros2_project_04/install/turtle_hunter_interfaces/share/turtle_hunter_interfaces/local_setup.zsh
[1.087s] -- Up-to-date: /home/bojan/ros2_project_04/install/turtle_hunter_interfaces/share/turtle_hunter_interfaces/local_setup.dsv
[1.087s] -- Installing: /home/bojan/ros2_project_04/install/turtle_hunter_interfaces/share/turtle_hunter_interfaces/package.dsv
[1.087s] -- Up-to-date: /home/bojan/ros2_project_04/install/turtle_hunter_interfaces/share/ament_index/resource_index/packages/turtle_hunter_interfaces
[1.088s] -- Up-to-date: /home/bojan/ros2_project_04/install/turtle_hunter_interfaces/share/turtle_hunter_interfaces/cmake/export_turtle_hunter_interfaces__rosidl_generator_cExport.cmake
[1.088s] -- Up-to-date: /home/bojan/ros2_project_04/install/turtle_hunter_interfaces/share/turtle_hunter_interfaces/cmake/export_turtle_hunter_interfaces__rosidl_generator_cExport-noconfig.cmake
[1.089s] -- Up-to-date: /home/bojan/ros2_project_04/install/turtle_hunter_interfaces/share/turtle_hunter_interfaces/cmake/export_turtle_hunter_interfaces__rosidl_typesupport_fastrtps_cExport.cmake
[1.090s] -- Up-to-date: /home/bojan/ros2_project_04/install/turtle_hunter_interfaces/share/turtle_hunter_interfaces/cmake/export_turtle_hunter_interfaces__rosidl_typesupport_fastrtps_cExport-noconfig.cmake
[1.090s] -- Up-to-date: /home/bojan/ros2_project_04/install/turtle_hunter_interfaces/share/turtle_hunter_interfaces/cmake/turtle_hunter_interfaces__rosidl_typesupport_introspection_cExport.cmake
[1.090s] -- Up-to-date: /home/bojan/ros2_project_04/install/turtle_hunter_interfaces/share/turtle_hunter_interfaces/cmake/turtle_hunter_interfaces__rosidl_typesupport_introspection_cExport-noconfig.cmake
[1.090s] -- Up-to-date: /home/bojan/ros2_project_04/install/turtle_hunter_interfaces/share/turtle_hunter_interfaces/cmake/turtle_hunter_interfaces__rosidl_typesupport_cExport.cmake
[1.090s] -- Up-to-date: /home/bojan/ros2_project_04/install/turtle_hunter_interfaces/share/turtle_hunter_interfaces/cmake/turtle_hunter_interfaces__rosidl_typesupport_cExport-noconfig.cmake
[1.091s] -- Up-to-date: /home/bojan/ros2_project_04/install/turtle_hunter_interfaces/share/turtle_hunter_interfaces/cmake/export_turtle_hunter_interfaces__rosidl_generator_cppExport.cmake
[1.091s] -- Up-to-date: /home/bojan/ros2_project_04/install/turtle_hunter_interfaces/share/turtle_hunter_interfaces/cmake/export_turtle_hunter_interfaces__rosidl_typesupport_fastrtps_cppExport.cmake
[1.091s] -- Up-to-date: /home/bojan/ros2_project_04/install/turtle_hunter_interfaces/share/turtle_hunter_interfaces/cmake/export_turtle_hunter_interfaces__rosidl_typesupport_fastrtps_cppExport-noconfig.cmake
[1.091s] -- Up-to-date: /home/bojan/ros2_project_04/install/turtle_hunter_interfaces/share/turtle_hunter_interfaces/cmake/turtle_hunter_interfaces__rosidl_typesupport_introspection_cppExport.cmake
[1.091s] -- Up-to-date: /home/bojan/ros2_project_04/install/turtle_hunter_interfaces/share/turtle_hunter_interfaces/cmake/turtle_hunter_interfaces__rosidl_typesupport_introspection_cppExport-noconfig.cmake
[1.091s] -- Up-to-date: /home/bojan/ros2_project_04/install/turtle_hunter_interfaces/share/turtle_hunter_interfaces/cmake/turtle_hunter_interfaces__rosidl_typesupport_cppExport.cmake
[1.091s] -- Up-to-date: /home/bojan/ros2_project_04/install/turtle_hunter_interfaces/share/turtle_hunter_interfaces/cmake/turtle_hunter_interfaces__rosidl_typesupport_cppExport-noconfig.cmake
[1.091s] -- Up-to-date: /home/bojan/ros2_project_04/install/turtle_hunter_interfaces/share/turtle_hunter_interfaces/cmake/export_turtle_hunter_interfaces__rosidl_generator_pyExport.cmake
[1.091s] -- Up-to-date: /home/bojan/ros2_project_04/install/turtle_hunter_interfaces/share/turtle_hunter_interfaces/cmake/export_turtle_hunter_interfaces__rosidl_generator_pyExport-noconfig.cmake
[1.091s] -- Up-to-date: /home/bojan/ros2_project_04/install/turtle_hunter_interfaces/share/turtle_hunter_interfaces/cmake/rosidl_cmake-extras.cmake
[1.092s] -- Up-to-date: /home/bojan/ros2_project_04/install/turtle_hunter_interfaces/share/turtle_hunter_interfaces/cmake/ament_cmake_export_include_directories-extras.cmake
[1.092s] -- Up-to-date: /home/bojan/ros2_project_04/install/turtle_hunter_interfaces/share/turtle_hunter_interfaces/cmake/ament_cmake_export_libraries-extras.cmake
[1.092s] -- Up-to-date: /home/bojan/ros2_project_04/install/turtle_hunter_interfaces/share/turtle_hunter_interfaces/cmake/ament_cmake_export_targets-extras.cmake
[1.092s] -- Up-to-date: /home/bojan/ros2_project_04/install/turtle_hunter_interfaces/share/turtle_hunter_interfaces/cmake/rosidl_cmake_export_typesupport_targets-extras.cmake
[1.092s] -- Up-to-date: /home/bojan/ros2_project_04/install/turtle_hunter_interfaces/share/turtle_hunter_interfaces/cmake/ament_cmake_export_dependencies-extras.cmake
[1.092s] -- Up-to-date: /home/bojan/ros2_project_04/install/turtle_hunter_interfaces/share/turtle_hunter_interfaces/cmake/rosidl_cmake_export_typesupport_libraries-extras.cmake
[1.092s] -- Up-to-date: /home/bojan/ros2_project_04/install/turtle_hunter_interfaces/share/turtle_hunter_interfaces/cmake/turtle_hunter_interfacesConfig.cmake
[1.098s] -- Up-to-date: /home/bojan/ros2_project_04/install/turtle_hunter_interfaces/share/turtle_hunter_interfaces/cmake/turtle_hunter_interfacesConfig-version.cmake
[1.099s] -- Up-to-date: /home/bojan/ros2_project_04/install/turtle_hunter_interfaces/share/turtle_hunter_interfaces/package.xml
[1.102s] Invoked command in '/home/bojan/ros2_project_04/build/turtle_hunter_interfaces' returned '0': CMAKE_PREFIX_PATH=${CMAKE_PREFIX_PATH}:/home/bojan/ros2_project_04/install/turtle_hunter:/home/bojan/ros2_project_03/install/robot_media:/home/bojan/ros2_project_01/install/robot_pkg_py:/home/bojan/ros2_project_01/install/num_pkg_py:/opt/ros/humble WSLENV=ELECTRON_RUN_AS_NODE/w: /usr/bin/cmake --install /home/bojan/ros2_project_04/build/turtle_hunter_interfaces
