[0.652s] Invoking command in '/home/bojan/ros2_project_04/build/turtle_hunter_interfaces': CMAKE_PREFIX_PATH=${CMAKE_PREFIX_PATH}:/home/bojan/ros2_project_04/install/turtle_hunter:/home/bojan/ros2_project_03/install/robot_media:/home/bojan/ros2_project_01/install/robot_pkg_py:/home/bojan/ros2_project_01/install/num_pkg_py:/opt/ros/humble WSLENV=ELECTRON_RUN_AS_NODE/w: /usr/bin/cmake --build /home/bojan/ros2_project_04/build/turtle_hunter_interfaces -- -j16 -l16
[0.733s] [35m[1mConsolidate compiler generated dependencies of target turtle_hunter_interfaces__rosidl_generator_c[0m
[0.754s] [  2%] Built target turtle_hunter_interfaces__cpp
[0.761s] [ 12%] Built target turtle_hunter_interfaces__rosidl_generator_c
[0.782s] [ 12%] Built target ament_cmake_python_copy_turtle_hunter_interfaces
[0.783s] [35m[1mConsolidate compiler generated dependencies of target turtle_hunter_interfaces__rosidl_typesupport_c[0m
[0.783s] [35m[1mConsolidate compiler generated dependencies of target turtle_hunter_interfaces__rosidl_typesupport_fastrtps_cpp[0m
[0.784s] [35m[1mConsolidate compiler generated dependencies of target turtle_hunter_interfaces__rosidl_typesupport_cpp[0m
[0.791s] [35m[1mConsolidate compiler generated dependencies of target turtle_hunter_interfaces__rosidl_typesupport_introspection_cpp[0m
[0.811s] [35m[1mConsolidate compiler generated dependencies of target turtle_hunter_interfaces__rosidl_typesupport_fastrtps_c[0m
[0.811s] [35m[1mConsolidate compiler generated dependencies of target turtle_hunter_interfaces__rosidl_typesupport_introspection_c[0m
[0.814s] [ 23%] Built target turtle_hunter_interfaces__rosidl_typesupport_c
[0.822s] [ 34%] Built target turtle_hunter_interfaces__rosidl_typesupport_introspection_c
[0.830s] [ 53%] Built target turtle_hunter_interfaces__rosidl_typesupport_cpp
[0.830s] [ 55%] Built target turtle_hunter_interfaces__rosidl_typesupport_fastrtps_cpp
[0.830s] [ 76%] Built target turtle_hunter_interfaces__rosidl_typesupport_introspection_cpp
[0.830s] [ 76%] Built target turtle_hunter_interfaces__rosidl_typesupport_fastrtps_c
[0.880s] [ 76%] Built target turtle_hunter_interfaces
[0.940s] [ 78%] Built target turtle_hunter_interfaces__py
[0.960s] [35m[1mConsolidate compiler generated dependencies of target turtle_hunter_interfaces__rosidl_generator_py[0m
[0.990s] [ 87%] Built target turtle_hunter_interfaces__rosidl_generator_py
[1.020s] [35m[1mConsolidate compiler generated dependencies of target turtle_hunter_interfaces__rosidl_typesupport_c__pyext[0m
[1.020s] [35m[1mConsolidate compiler generated dependencies of target turtle_hunter_interfaces__rosidl_typesupport_introspection_c__pyext[0m
[1.020s] [35m[1mConsolidate compiler generated dependencies of target turtle_hunter_interfaces__rosidl_typesupport_fastrtps_c__pyext[0m
[1.042s] [ 91%] Built target turtle_hunter_interfaces__rosidl_typesupport_fastrtps_c__pyext
[1.051s] [ 95%] Built target turtle_hunter_interfaces__rosidl_typesupport_c__pyext
[1.051s] [100%] Built target turtle_hunter_interfaces__rosidl_typesupport_introspection_c__pyext
[1.371s] running egg_info
[1.372s] writing turtle_hunter_interfaces.egg-info/PKG-INFO
[1.380s] writing dependency_links to turtle_hunter_interfaces.egg-info/dependency_links.txt
[1.380s] writing top-level names to turtle_hunter_interfaces.egg-info/top_level.txt
[1.390s] reading manifest file 'turtle_hunter_interfaces.egg-info/SOURCES.txt'
[1.391s] writing manifest file 'turtle_hunter_interfaces.egg-info/SOURCES.txt'
[1.444s] [100%] Built target ament_cmake_python_build_turtle_hunter_interfaces_egg
[1.520s] Invoked command in '/home/bojan/ros2_project_04/build/turtle_hunter_interfaces' returned '0': CMAKE_PREFIX_PATH=${CMAKE_PREFIX_PATH}:/home/bojan/ros2_project_04/install/turtle_hunter:/home/bojan/ros2_project_03/install/robot_media:/home/bojan/ros2_project_01/install/robot_pkg_py:/home/bojan/ros2_project_01/install/num_pkg_py:/opt/ros/humble WSLENV=ELECTRON_RUN_AS_NODE/w: /usr/bin/cmake --build /home/bojan/ros2_project_04/build/turtle_hunter_interfaces -- -j16 -l16
[1.790s] Invoking command in '/home/bojan/ros2_project_04/build/turtle_hunter_interfaces': CMAKE_PREFIX_PATH=${CMAKE_PREFIX_PATH}:/home/bojan/ros2_project_04/install/turtle_hunter:/home/bojan/ros2_project_03/install/robot_media:/home/bojan/ros2_project_01/install/robot_pkg_py:/home/bojan/ros2_project_01/install/num_pkg_py:/opt/ros/humble WSLENV=ELECTRON_RUN_AS_NODE/w: /usr/bin/cmake --install /home/bojan/ros2_project_04/build/turtle_hunter_interfaces
[1.830s] -- Install configuration: ""
[1.831s] -- Up-to-date: /home/bojan/ros2_project_04/install/turtle_hunter_interfaces/share/ament_index/resource_index/rosidl_interfaces/turtle_hunter_interfaces
[1.831s] -- Up-to-date: /home/bojan/ros2_project_04/install/turtle_hunter_interfaces/include/turtle_hunter_interfaces/turtle_hunter_interfaces
[1.831s] -- Up-to-date: /home/bojan/ros2_project_04/install/turtle_hunter_interfaces/include/turtle_hunter_interfaces/turtle_hunter_interfaces/msg
[1.831s] -- Up-to-date: /home/bojan/ros2_project_04/install/turtle_hunter_interfaces/include/turtle_hunter_interfaces/turtle_hunter_interfaces/msg/rosidl_generator_c__visibility_control.h
[1.831s] -- Up-to-date: /home/bojan/ros2_project_04/install/turtle_hunter_interfaces/include/turtle_hunter_interfaces/turtle_hunter_interfaces/msg/turtle.h
[1.831s] -- Up-to-date: /home/bojan/ros2_project_04/install/turtle_hunter_interfaces/include/turtle_hunter_interfaces/turtle_hunter_interfaces/msg/turtle_array.h
[1.831s] -- Up-to-date: /home/bojan/ros2_project_04/install/turtle_hunter_interfaces/include/turtle_hunter_interfaces/turtle_hunter_interfaces/msg/detail
[1.831s] -- Up-to-date: /home/bojan/ros2_project_04/install/turtle_hunter_interfaces/include/turtle_hunter_interfaces/turtle_hunter_interfaces/msg/detail/turtle__type_support.h
[1.831s] -- Up-to-date: /home/bojan/ros2_project_04/install/turtle_hunter_interfaces/include/turtle_hunter_interfaces/turtle_hunter_interfaces/msg/detail/turtle_array__struct.h
[1.831s] -- Up-to-date: /home/bojan/ros2_project_04/install/turtle_hunter_interfaces/include/turtle_hunter_interfaces/turtle_hunter_interfaces/msg/detail/turtle__functions.c
[1.831s] -- Up-to-date: /home/bojan/ros2_project_04/install/turtle_hunter_interfaces/include/turtle_hunter_interfaces/turtle_hunter_interfaces/msg/detail/turtle_array__functions.c
[1.831s] -- Up-to-date: /home/bojan/ros2_project_04/install/turtle_hunter_interfaces/include/turtle_hunter_interfaces/turtle_hunter_interfaces/msg/detail/turtle__struct.h
[1.831s] -- Up-to-date: /home/bojan/ros2_project_04/install/turtle_hunter_interfaces/include/turtle_hunter_interfaces/turtle_hunter_interfaces/msg/detail/turtle_array__type_support.h
[1.831s] -- Up-to-date: /home/bojan/ros2_project_04/install/turtle_hunter_interfaces/include/turtle_hunter_interfaces/turtle_hunter_interfaces/msg/detail/turtle__functions.h
[1.831s] -- Up-to-date: /home/bojan/ros2_project_04/install/turtle_hunter_interfaces/include/turtle_hunter_interfaces/turtle_hunter_interfaces/msg/detail/turtle_array__functions.h
[1.831s] -- Up-to-date: /home/bojan/ros2_project_04/install/turtle_hunter_interfaces/include/turtle_hunter_interfaces/turtle_hunter_interfaces/srv
[1.831s] -- Up-to-date: /home/bojan/ros2_project_04/install/turtle_hunter_interfaces/include/turtle_hunter_interfaces/turtle_hunter_interfaces/srv/catch_turtle.h
[1.831s] -- Up-to-date: /home/bojan/ros2_project_04/install/turtle_hunter_interfaces/include/turtle_hunter_interfaces/turtle_hunter_interfaces/srv/detail
[1.831s] -- Up-to-date: /home/bojan/ros2_project_04/install/turtle_hunter_interfaces/include/turtle_hunter_interfaces/turtle_hunter_interfaces/srv/detail/catch_turtle__type_support.h
[1.832s] -- Up-to-date: /home/bojan/ros2_project_04/install/turtle_hunter_interfaces/include/turtle_hunter_interfaces/turtle_hunter_interfaces/srv/detail/catch_turtle__functions.c
[1.832s] -- Up-to-date: /home/bojan/ros2_project_04/install/turtle_hunter_interfaces/include/turtle_hunter_interfaces/turtle_hunter_interfaces/srv/detail/catch_turtle__struct.h
[1.832s] -- Up-to-date: /home/bojan/ros2_project_04/install/turtle_hunter_interfaces/include/turtle_hunter_interfaces/turtle_hunter_interfaces/srv/detail/catch_turtle__functions.h
[1.832s] -- Up-to-date: /home/bojan/ros2_project_04/install/turtle_hunter_interfaces/share/turtle_hunter_interfaces/environment/library_path.sh
[1.832s] -- Up-to-date: /home/bojan/ros2_project_04/install/turtle_hunter_interfaces/share/turtle_hunter_interfaces/environment/library_path.dsv
[1.832s] -- Up-to-date: /home/bojan/ros2_project_04/install/turtle_hunter_interfaces/lib/libturtle_hunter_interfaces__rosidl_generator_c.so
[1.832s] -- Up-to-date: /home/bojan/ros2_project_04/install/turtle_hunter_interfaces/include/turtle_hunter_interfaces/turtle_hunter_interfaces
[1.832s] -- Up-to-date: /home/bojan/ros2_project_04/install/turtle_hunter_interfaces/include/turtle_hunter_interfaces/turtle_hunter_interfaces/msg
[1.832s] -- Up-to-date: /home/bojan/ros2_project_04/install/turtle_hunter_interfaces/include/turtle_hunter_interfaces/turtle_hunter_interfaces/msg/rosidl_typesupport_fastrtps_c__visibility_control.h
[1.832s] -- Up-to-date: /home/bojan/ros2_project_04/install/turtle_hunter_interfaces/include/turtle_hunter_interfaces/turtle_hunter_interfaces/msg/detail
[1.832s] -- Up-to-date: /home/bojan/ros2_project_04/install/turtle_hunter_interfaces/include/turtle_hunter_interfaces/turtle_hunter_interfaces/msg/detail/turtle_array__rosidl_typesupport_fastrtps_c.h
[1.832s] -- Up-to-date: /home/bojan/ros2_project_04/install/turtle_hunter_interfaces/include/turtle_hunter_interfaces/turtle_hunter_interfaces/msg/detail/turtle__rosidl_typesupport_fastrtps_c.h
[1.832s] -- Up-to-date: /home/bojan/ros2_project_04/install/turtle_hunter_interfaces/include/turtle_hunter_interfaces/turtle_hunter_interfaces/srv
[1.832s] -- Up-to-date: /home/bojan/ros2_project_04/install/turtle_hunter_interfaces/include/turtle_hunter_interfaces/turtle_hunter_interfaces/srv/detail
[1.832s] -- Up-to-date: /home/bojan/ros2_project_04/install/turtle_hunter_interfaces/include/turtle_hunter_interfaces/turtle_hunter_interfaces/srv/detail/catch_turtle__rosidl_typesupport_fastrtps_c.h
[1.832s] -- Up-to-date: /home/bojan/ros2_project_04/install/turtle_hunter_interfaces/lib/libturtle_hunter_interfaces__rosidl_typesupport_fastrtps_c.so
[1.832s] -- Up-to-date: /home/bojan/ros2_project_04/install/turtle_hunter_interfaces/include/turtle_hunter_interfaces/turtle_hunter_interfaces
[1.832s] -- Up-to-date: /home/bojan/ros2_project_04/install/turtle_hunter_interfaces/include/turtle_hunter_interfaces/turtle_hunter_interfaces/msg
[1.832s] -- Up-to-date: /home/bojan/ros2_project_04/install/turtle_hunter_interfaces/include/turtle_hunter_interfaces/turtle_hunter_interfaces/msg/rosidl_typesupport_introspection_c__visibility_control.h
[1.833s] -- Up-to-date: /home/bojan/ros2_project_04/install/turtle_hunter_interfaces/include/turtle_hunter_interfaces/turtle_hunter_interfaces/msg/detail
[1.833s] -- Up-to-date: /home/bojan/ros2_project_04/install/turtle_hunter_interfaces/include/turtle_hunter_interfaces/turtle_hunter_interfaces/msg/detail/turtle_array__type_support.c
[1.833s] -- Up-to-date: /home/bojan/ros2_project_04/install/turtle_hunter_interfaces/include/turtle_hunter_interfaces/turtle_hunter_interfaces/msg/detail/turtle__type_support.c
[1.833s] -- Up-to-date: /home/bojan/ros2_project_04/install/turtle_hunter_interfaces/include/turtle_hunter_interfaces/turtle_hunter_interfaces/msg/detail/turtle__rosidl_typesupport_introspection_c.h
[1.833s] -- Up-to-date: /home/bojan/ros2_project_04/install/turtle_hunter_interfaces/include/turtle_hunter_interfaces/turtle_hunter_interfaces/msg/detail/turtle_array__rosidl_typesupport_introspection_c.h
[1.833s] -- Up-to-date: /home/bojan/ros2_project_04/install/turtle_hunter_interfaces/include/turtle_hunter_interfaces/turtle_hunter_interfaces/srv
[1.833s] -- Up-to-date: /home/bojan/ros2_project_04/install/turtle_hunter_interfaces/include/turtle_hunter_interfaces/turtle_hunter_interfaces/srv/detail
[1.833s] -- Up-to-date: /home/bojan/ros2_project_04/install/turtle_hunter_interfaces/include/turtle_hunter_interfaces/turtle_hunter_interfaces/srv/detail/catch_turtle__rosidl_typesupport_introspection_c.h
[1.833s] -- Up-to-date: /home/bojan/ros2_project_04/install/turtle_hunter_interfaces/include/turtle_hunter_interfaces/turtle_hunter_interfaces/srv/detail/catch_turtle__type_support.c
[1.833s] -- Up-to-date: /home/bojan/ros2_project_04/install/turtle_hunter_interfaces/lib/libturtle_hunter_interfaces__rosidl_typesupport_introspection_c.so
[1.833s] -- Up-to-date: /home/bojan/ros2_project_04/install/turtle_hunter_interfaces/lib/libturtle_hunter_interfaces__rosidl_typesupport_c.so
[1.833s] -- Up-to-date: /home/bojan/ros2_project_04/install/turtle_hunter_interfaces/include/turtle_hunter_interfaces/turtle_hunter_interfaces
[1.833s] -- Up-to-date: /home/bojan/ros2_project_04/install/turtle_hunter_interfaces/include/turtle_hunter_interfaces/turtle_hunter_interfaces/msg
[1.833s] -- Up-to-date: /home/bojan/ros2_project_04/install/turtle_hunter_interfaces/include/turtle_hunter_interfaces/turtle_hunter_interfaces/msg/turtle_array.hpp
[1.833s] -- Up-to-date: /home/bojan/ros2_project_04/install/turtle_hunter_interfaces/include/turtle_hunter_interfaces/turtle_hunter_interfaces/msg/turtle.hpp
[1.833s] -- Up-to-date: /home/bojan/ros2_project_04/install/turtle_hunter_interfaces/include/turtle_hunter_interfaces/turtle_hunter_interfaces/msg/detail
[1.833s] -- Up-to-date: /home/bojan/ros2_project_04/install/turtle_hunter_interfaces/include/turtle_hunter_interfaces/turtle_hunter_interfaces/msg/detail/turtle__struct.hpp
[1.833s] -- Up-to-date: /home/bojan/ros2_project_04/install/turtle_hunter_interfaces/include/turtle_hunter_interfaces/turtle_hunter_interfaces/msg/detail/turtle__builder.hpp
[1.833s] -- Up-to-date: /home/bojan/ros2_project_04/install/turtle_hunter_interfaces/include/turtle_hunter_interfaces/turtle_hunter_interfaces/msg/detail/turtle__traits.hpp
[1.834s] -- Up-to-date: /home/bojan/ros2_project_04/install/turtle_hunter_interfaces/include/turtle_hunter_interfaces/turtle_hunter_interfaces/msg/detail/turtle_array__struct.hpp
[1.834s] -- Up-to-date: /home/bojan/ros2_project_04/install/turtle_hunter_interfaces/include/turtle_hunter_interfaces/turtle_hunter_interfaces/msg/detail/turtle_array__builder.hpp
[1.834s] -- Up-to-date: /home/bojan/ros2_project_04/install/turtle_hunter_interfaces/include/turtle_hunter_interfaces/turtle_hunter_interfaces/msg/detail/turtle_array__traits.hpp
[1.834s] -- Up-to-date: /home/bojan/ros2_project_04/install/turtle_hunter_interfaces/include/turtle_hunter_interfaces/turtle_hunter_interfaces/srv
[1.834s] -- Up-to-date: /home/bojan/ros2_project_04/install/turtle_hunter_interfaces/include/turtle_hunter_interfaces/turtle_hunter_interfaces/srv/catch_turtle.hpp
[1.834s] -- Up-to-date: /home/bojan/ros2_project_04/install/turtle_hunter_interfaces/include/turtle_hunter_interfaces/turtle_hunter_interfaces/srv/detail
[1.834s] -- Up-to-date: /home/bojan/ros2_project_04/install/turtle_hunter_interfaces/include/turtle_hunter_interfaces/turtle_hunter_interfaces/srv/detail/catch_turtle__struct.hpp
[1.834s] -- Up-to-date: /home/bojan/ros2_project_04/install/turtle_hunter_interfaces/include/turtle_hunter_interfaces/turtle_hunter_interfaces/srv/detail/catch_turtle__builder.hpp
[1.834s] -- Up-to-date: /home/bojan/ros2_project_04/install/turtle_hunter_interfaces/include/turtle_hunter_interfaces/turtle_hunter_interfaces/srv/detail/catch_turtle__traits.hpp
[1.834s] -- Up-to-date: /home/bojan/ros2_project_04/install/turtle_hunter_interfaces/include/turtle_hunter_interfaces/turtle_hunter_interfaces
[1.834s] -- Up-to-date: /home/bojan/ros2_project_04/install/turtle_hunter_interfaces/include/turtle_hunter_interfaces/turtle_hunter_interfaces/msg
[1.834s] -- Up-to-date: /home/bojan/ros2_project_04/install/turtle_hunter_interfaces/include/turtle_hunter_interfaces/turtle_hunter_interfaces/msg/rosidl_typesupport_fastrtps_cpp__visibility_control.h
[1.834s] -- Up-to-date: /home/bojan/ros2_project_04/install/turtle_hunter_interfaces/include/turtle_hunter_interfaces/turtle_hunter_interfaces/msg/detail
[1.834s] -- Up-to-date: /home/bojan/ros2_project_04/install/turtle_hunter_interfaces/include/turtle_hunter_interfaces/turtle_hunter_interfaces/msg/detail/dds_fastrtps
[1.834s] -- Up-to-date: /home/bojan/ros2_project_04/install/turtle_hunter_interfaces/include/turtle_hunter_interfaces/turtle_hunter_interfaces/msg/detail/turtle_array__rosidl_typesupport_fastrtps_cpp.hpp
[1.834s] -- Up-to-date: /home/bojan/ros2_project_04/install/turtle_hunter_interfaces/include/turtle_hunter_interfaces/turtle_hunter_interfaces/msg/detail/turtle__rosidl_typesupport_fastrtps_cpp.hpp
[1.834s] -- Up-to-date: /home/bojan/ros2_project_04/install/turtle_hunter_interfaces/include/turtle_hunter_interfaces/turtle_hunter_interfaces/srv
[1.834s] -- Up-to-date: /home/bojan/ros2_project_04/install/turtle_hunter_interfaces/include/turtle_hunter_interfaces/turtle_hunter_interfaces/srv/detail
[1.834s] -- Up-to-date: /home/bojan/ros2_project_04/install/turtle_hunter_interfaces/include/turtle_hunter_interfaces/turtle_hunter_interfaces/srv/detail/catch_turtle__rosidl_typesupport_fastrtps_cpp.hpp
[1.834s] -- Up-to-date: /home/bojan/ros2_project_04/install/turtle_hunter_interfaces/include/turtle_hunter_interfaces/turtle_hunter_interfaces/srv/detail/dds_fastrtps
[1.834s] -- Up-to-date: /home/bojan/ros2_project_04/install/turtle_hunter_interfaces/lib/libturtle_hunter_interfaces__rosidl_typesupport_fastrtps_cpp.so
[1.835s] -- Up-to-date: /home/bojan/ros2_project_04/install/turtle_hunter_interfaces/include/turtle_hunter_interfaces/turtle_hunter_interfaces
[1.835s] -- Up-to-date: /home/bojan/ros2_project_04/install/turtle_hunter_interfaces/include/turtle_hunter_interfaces/turtle_hunter_interfaces/msg
[1.840s] -- Up-to-date: /home/bojan/ros2_project_04/install/turtle_hunter_interfaces/include/turtle_hunter_interfaces/turtle_hunter_interfaces/msg/detail
[1.840s] -- Up-to-date: /home/bojan/ros2_project_04/install/turtle_hunter_interfaces/include/turtle_hunter_interfaces/turtle_hunter_interfaces/msg/detail/turtle__type_support.cpp
[1.840s] -- Up-to-date: /home/bojan/ros2_project_04/install/turtle_hunter_interfaces/include/turtle_hunter_interfaces/turtle_hunter_interfaces/msg/detail/turtle_array__type_support.cpp
[1.840s] -- Up-to-date: /home/bojan/ros2_project_04/install/turtle_hunter_interfaces/include/turtle_hunter_interfaces/turtle_hunter_interfaces/msg/detail/turtle_array__rosidl_typesupport_introspection_cpp.hpp
[1.840s] -- Up-to-date: /home/bojan/ros2_project_04/install/turtle_hunter_interfaces/include/turtle_hunter_interfaces/turtle_hunter_interfaces/msg/detail/turtle__rosidl_typesupport_introspection_cpp.hpp
[1.840s] -- Up-to-date: /home/bojan/ros2_project_04/install/turtle_hunter_interfaces/include/turtle_hunter_interfaces/turtle_hunter_interfaces/srv
[1.840s] -- Up-to-date: /home/bojan/ros2_project_04/install/turtle_hunter_interfaces/include/turtle_hunter_interfaces/turtle_hunter_interfaces/srv/detail
[1.840s] -- Up-to-date: /home/bojan/ros2_project_04/install/turtle_hunter_interfaces/include/turtle_hunter_interfaces/turtle_hunter_interfaces/srv/detail/catch_turtle__rosidl_typesupport_introspection_cpp.hpp
[1.841s] -- Up-to-date: /home/bojan/ros2_project_04/install/turtle_hunter_interfaces/include/turtle_hunter_interfaces/turtle_hunter_interfaces/srv/detail/catch_turtle__type_support.cpp
[1.841s] -- Up-to-date: /home/bojan/ros2_project_04/install/turtle_hunter_interfaces/lib/libturtle_hunter_interfaces__rosidl_typesupport_introspection_cpp.so
[1.841s] -- Up-to-date: /home/bojan/ros2_project_04/install/turtle_hunter_interfaces/lib/libturtle_hunter_interfaces__rosidl_typesupport_cpp.so
[1.841s] -- Up-to-date: /home/bojan/ros2_project_04/install/turtle_hunter_interfaces/share/turtle_hunter_interfaces/environment/pythonpath.sh
[1.841s] -- Up-to-date: /home/bojan/ros2_project_04/install/turtle_hunter_interfaces/share/turtle_hunter_interfaces/environment/pythonpath.dsv
[1.841s] -- Up-to-date: /home/bojan/ros2_project_04/install/turtle_hunter_interfaces/local/lib/python3.10/dist-packages/turtle_hunter_interfaces-0.0.0-py3.10.egg-info
[1.841s] -- Installing: /home/bojan/ros2_project_04/install/turtle_hunter_interfaces/local/lib/python3.10/dist-packages/turtle_hunter_interfaces-0.0.0-py3.10.egg-info/PKG-INFO
[1.841s] -- Installing: /home/bojan/ros2_project_04/install/turtle_hunter_interfaces/local/lib/python3.10/dist-packages/turtle_hunter_interfaces-0.0.0-py3.10.egg-info/SOURCES.txt
[1.841s] -- Installing: /home/bojan/ros2_project_04/install/turtle_hunter_interfaces/local/lib/python3.10/dist-packages/turtle_hunter_interfaces-0.0.0-py3.10.egg-info/top_level.txt
[1.841s] -- Installing: /home/bojan/ros2_project_04/install/turtle_hunter_interfaces/local/lib/python3.10/dist-packages/turtle_hunter_interfaces-0.0.0-py3.10.egg-info/dependency_links.txt
[1.841s] -- Up-to-date: /home/bojan/ros2_project_04/install/turtle_hunter_interfaces/local/lib/python3.10/dist-packages/turtle_hunter_interfaces
[1.841s] -- Up-to-date: /home/bojan/ros2_project_04/install/turtle_hunter_interfaces/local/lib/python3.10/dist-packages/turtle_hunter_interfaces/turtle_hunter_interfaces_s__rosidl_typesupport_c.cpython-310-x86_64-linux-gnu.so
[1.841s] -- Up-to-date: /home/bojan/ros2_project_04/install/turtle_hunter_interfaces/local/lib/python3.10/dist-packages/turtle_hunter_interfaces/_turtle_hunter_interfaces_s.ep.rosidl_typesupport_c.c
[1.841s] -- Up-to-date: /home/bojan/ros2_project_04/install/turtle_hunter_interfaces/local/lib/python3.10/dist-packages/turtle_hunter_interfaces/__init__.py
[1.841s] -- Up-to-date: /home/bojan/ros2_project_04/install/turtle_hunter_interfaces/local/lib/python3.10/dist-packages/turtle_hunter_interfaces/_turtle_hunter_interfaces_s.ep.rosidl_typesupport_fastrtps_c.c
[1.841s] -- Up-to-date: /home/bojan/ros2_project_04/install/turtle_hunter_interfaces/local/lib/python3.10/dist-packages/turtle_hunter_interfaces/_turtle_hunter_interfaces_s.ep.rosidl_typesupport_introspection_c.c
[1.841s] -- Up-to-date: /home/bojan/ros2_project_04/install/turtle_hunter_interfaces/local/lib/python3.10/dist-packages/turtle_hunter_interfaces/libturtle_hunter_interfaces__rosidl_generator_py.so
[1.841s] -- Up-to-date: /home/bojan/ros2_project_04/install/turtle_hunter_interfaces/local/lib/python3.10/dist-packages/turtle_hunter_interfaces/msg
[1.841s] -- Up-to-date: /home/bojan/ros2_project_04/install/turtle_hunter_interfaces/local/lib/python3.10/dist-packages/turtle_hunter_interfaces/msg/_turtle_s.c
[1.841s] -- Up-to-date: /home/bojan/ros2_project_04/install/turtle_hunter_interfaces/local/lib/python3.10/dist-packages/turtle_hunter_interfaces/msg/__init__.py
[1.841s] -- Up-to-date: /home/bojan/ros2_project_04/install/turtle_hunter_interfaces/local/lib/python3.10/dist-packages/turtle_hunter_interfaces/msg/_turtle.py
[1.842s] -- Up-to-date: /home/bojan/ros2_project_04/install/turtle_hunter_interfaces/local/lib/python3.10/dist-packages/turtle_hunter_interfaces/msg/_turtle_array_s.c
[1.842s] -- Up-to-date: /home/bojan/ros2_project_04/install/turtle_hunter_interfaces/local/lib/python3.10/dist-packages/turtle_hunter_interfaces/msg/_turtle_array.py
[1.842s] -- Up-to-date: /home/bojan/ros2_project_04/install/turtle_hunter_interfaces/local/lib/python3.10/dist-packages/turtle_hunter_interfaces/srv
[1.842s] -- Up-to-date: /home/bojan/ros2_project_04/install/turtle_hunter_interfaces/local/lib/python3.10/dist-packages/turtle_hunter_interfaces/srv/__init__.py
[1.842s] -- Up-to-date: /home/bojan/ros2_project_04/install/turtle_hunter_interfaces/local/lib/python3.10/dist-packages/turtle_hunter_interfaces/srv/_catch_turtle.py
[1.842s] -- Up-to-date: /home/bojan/ros2_project_04/install/turtle_hunter_interfaces/local/lib/python3.10/dist-packages/turtle_hunter_interfaces/srv/_catch_turtle_s.c
[1.842s] -- Up-to-date: /home/bojan/ros2_project_04/install/turtle_hunter_interfaces/local/lib/python3.10/dist-packages/turtle_hunter_interfaces/turtle_hunter_interfaces_s__rosidl_typesupport_fastrtps_c.cpython-310-x86_64-linux-gnu.so
[1.842s] -- Up-to-date: /home/bojan/ros2_project_04/install/turtle_hunter_interfaces/local/lib/python3.10/dist-packages/turtle_hunter_interfaces/turtle_hunter_interfaces_s__rosidl_typesupport_introspection_c.cpython-310-x86_64-linux-gnu.so
[1.903s] Listing '/home/bojan/ros2_project_04/install/turtle_hunter_interfaces/local/lib/python3.10/dist-packages/turtle_hunter_interfaces'...
[1.903s] Listing '/home/bojan/ros2_project_04/install/turtle_hunter_interfaces/local/lib/python3.10/dist-packages/turtle_hunter_interfaces/msg'...
[1.903s] Listing '/home/bojan/ros2_project_04/install/turtle_hunter_interfaces/local/lib/python3.10/dist-packages/turtle_hunter_interfaces/srv'...
[1.960s] -- Up-to-date: /home/bojan/ros2_project_04/install/turtle_hunter_interfaces/local/lib/python3.10/dist-packages/turtle_hunter_interfaces/turtle_hunter_interfaces_s__rosidl_typesupport_fastrtps_c.cpython-310-x86_64-linux-gnu.so
[1.961s] -- Up-to-date: /home/bojan/ros2_project_04/install/turtle_hunter_interfaces/local/lib/python3.10/dist-packages/turtle_hunter_interfaces/turtle_hunter_interfaces_s__rosidl_typesupport_introspection_c.cpython-310-x86_64-linux-gnu.so
[1.961s] -- Up-to-date: /home/bojan/ros2_project_04/install/turtle_hunter_interfaces/local/lib/python3.10/dist-packages/turtle_hunter_interfaces/turtle_hunter_interfaces_s__rosidl_typesupport_c.cpython-310-x86_64-linux-gnu.so
[1.961s] -- Up-to-date: /home/bojan/ros2_project_04/install/turtle_hunter_interfaces/lib/libturtle_hunter_interfaces__rosidl_generator_py.so
[1.961s] -- Up-to-date: /home/bojan/ros2_project_04/install/turtle_hunter_interfaces/share/turtle_hunter_interfaces/msg/Turtle.idl
[1.961s] -- Up-to-date: /home/bojan/ros2_project_04/install/turtle_hunter_interfaces/share/turtle_hunter_interfaces/msg/TurtleArray.idl
[1.961s] -- Up-to-date: /home/bojan/ros2_project_04/install/turtle_hunter_interfaces/share/turtle_hunter_interfaces/srv/CatchTurtle.idl
[1.961s] -- Up-to-date: /home/bojan/ros2_project_04/install/turtle_hunter_interfaces/share/turtle_hunter_interfaces/msg/Turtle.msg
[1.961s] -- Up-to-date: /home/bojan/ros2_project_04/install/turtle_hunter_interfaces/share/turtle_hunter_interfaces/msg/TurtleArray.msg
[1.961s] -- Up-to-date: /home/bojan/ros2_project_04/install/turtle_hunter_interfaces/share/turtle_hunter_interfaces/srv/CatchTurtle.srv
[1.962s] -- Up-to-date: /home/bojan/ros2_project_04/install/turtle_hunter_interfaces/share/turtle_hunter_interfaces/srv/CatchTurtle_Request.msg
[1.962s] -- Up-to-date: /home/bojan/ros2_project_04/install/turtle_hunter_interfaces/share/turtle_hunter_interfaces/srv/CatchTurtle_Response.msg
[1.962s] -- Up-to-date: /home/bojan/ros2_project_04/install/turtle_hunter_interfaces/share/ament_index/resource_index/package_run_dependencies/turtle_hunter_interfaces
[1.962s] -- Up-to-date: /home/bojan/ros2_project_04/install/turtle_hunter_interfaces/share/ament_index/resource_index/parent_prefix_path/turtle_hunter_interfaces
[1.962s] -- Up-to-date: /home/bojan/ros2_project_04/install/turtle_hunter_interfaces/share/turtle_hunter_interfaces/environment/ament_prefix_path.sh
[1.962s] -- Up-to-date: /home/bojan/ros2_project_04/install/turtle_hunter_interfaces/share/turtle_hunter_interfaces/environment/ament_prefix_path.dsv
[1.962s] -- Up-to-date: /home/bojan/ros2_project_04/install/turtle_hunter_interfaces/share/turtle_hunter_interfaces/environment/path.sh
[1.962s] -- Up-to-date: /home/bojan/ros2_project_04/install/turtle_hunter_interfaces/share/turtle_hunter_interfaces/environment/path.dsv
[1.962s] -- Up-to-date: /home/bojan/ros2_project_04/install/turtle_hunter_interfaces/share/turtle_hunter_interfaces/local_setup.bash
[1.962s] -- Up-to-date: /home/bojan/ros2_project_04/install/turtle_hunter_interfaces/share/turtle_hunter_interfaces/local_setup.sh
[1.963s] -- Up-to-date: /home/bojan/ros2_project_04/install/turtle_hunter_interfaces/share/turtle_hunter_interfaces/local_setup.zsh
[1.963s] -- Up-to-date: /home/bojan/ros2_project_04/install/turtle_hunter_interfaces/share/turtle_hunter_interfaces/local_setup.dsv
[1.963s] -- Installing: /home/bojan/ros2_project_04/install/turtle_hunter_interfaces/share/turtle_hunter_interfaces/package.dsv
[1.963s] -- Up-to-date: /home/bojan/ros2_project_04/install/turtle_hunter_interfaces/share/ament_index/resource_index/packages/turtle_hunter_interfaces
[1.963s] -- Up-to-date: /home/bojan/ros2_project_04/install/turtle_hunter_interfaces/share/turtle_hunter_interfaces/cmake/export_turtle_hunter_interfaces__rosidl_generator_cExport.cmake
[1.963s] -- Up-to-date: /home/bojan/ros2_project_04/install/turtle_hunter_interfaces/share/turtle_hunter_interfaces/cmake/export_turtle_hunter_interfaces__rosidl_generator_cExport-noconfig.cmake
[1.963s] -- Up-to-date: /home/bojan/ros2_project_04/install/turtle_hunter_interfaces/share/turtle_hunter_interfaces/cmake/export_turtle_hunter_interfaces__rosidl_typesupport_fastrtps_cExport.cmake
[1.963s] -- Up-to-date: /home/bojan/ros2_project_04/install/turtle_hunter_interfaces/share/turtle_hunter_interfaces/cmake/export_turtle_hunter_interfaces__rosidl_typesupport_fastrtps_cExport-noconfig.cmake
[1.964s] -- Up-to-date: /home/bojan/ros2_project_04/install/turtle_hunter_interfaces/share/turtle_hunter_interfaces/cmake/turtle_hunter_interfaces__rosidl_typesupport_introspection_cExport.cmake
[1.964s] -- Up-to-date: /home/bojan/ros2_project_04/install/turtle_hunter_interfaces/share/turtle_hunter_interfaces/cmake/turtle_hunter_interfaces__rosidl_typesupport_introspection_cExport-noconfig.cmake
[1.964s] -- Up-to-date: /home/bojan/ros2_project_04/install/turtle_hunter_interfaces/share/turtle_hunter_interfaces/cmake/turtle_hunter_interfaces__rosidl_typesupport_cExport.cmake
[1.964s] -- Up-to-date: /home/bojan/ros2_project_04/install/turtle_hunter_interfaces/share/turtle_hunter_interfaces/cmake/turtle_hunter_interfaces__rosidl_typesupport_cExport-noconfig.cmake
[1.964s] -- Up-to-date: /home/bojan/ros2_project_04/install/turtle_hunter_interfaces/share/turtle_hunter_interfaces/cmake/export_turtle_hunter_interfaces__rosidl_generator_cppExport.cmake
[1.964s] -- Up-to-date: /home/bojan/ros2_project_04/install/turtle_hunter_interfaces/share/turtle_hunter_interfaces/cmake/export_turtle_hunter_interfaces__rosidl_typesupport_fastrtps_cppExport.cmake
[1.964s] -- Up-to-date: /home/bojan/ros2_project_04/install/turtle_hunter_interfaces/share/turtle_hunter_interfaces/cmake/export_turtle_hunter_interfaces__rosidl_typesupport_fastrtps_cppExport-noconfig.cmake
[1.964s] -- Up-to-date: /home/bojan/ros2_project_04/install/turtle_hunter_interfaces/share/turtle_hunter_interfaces/cmake/turtle_hunter_interfaces__rosidl_typesupport_introspection_cppExport.cmake
[1.964s] -- Up-to-date: /home/bojan/ros2_project_04/install/turtle_hunter_interfaces/share/turtle_hunter_interfaces/cmake/turtle_hunter_interfaces__rosidl_typesupport_introspection_cppExport-noconfig.cmake
[1.964s] -- Up-to-date: /home/bojan/ros2_project_04/install/turtle_hunter_interfaces/share/turtle_hunter_interfaces/cmake/turtle_hunter_interfaces__rosidl_typesupport_cppExport.cmake
[1.964s] -- Up-to-date: /home/bojan/ros2_project_04/install/turtle_hunter_interfaces/share/turtle_hunter_interfaces/cmake/turtle_hunter_interfaces__rosidl_typesupport_cppExport-noconfig.cmake
[1.964s] -- Up-to-date: /home/bojan/ros2_project_04/install/turtle_hunter_interfaces/share/turtle_hunter_interfaces/cmake/export_turtle_hunter_interfaces__rosidl_generator_pyExport.cmake
[1.965s] -- Up-to-date: /home/bojan/ros2_project_04/install/turtle_hunter_interfaces/share/turtle_hunter_interfaces/cmake/export_turtle_hunter_interfaces__rosidl_generator_pyExport-noconfig.cmake
[1.970s] -- Up-to-date: /home/bojan/ros2_project_04/install/turtle_hunter_interfaces/share/turtle_hunter_interfaces/cmake/rosidl_cmake-extras.cmake
[1.970s] -- Up-to-date: /home/bojan/ros2_project_04/install/turtle_hunter_interfaces/share/turtle_hunter_interfaces/cmake/ament_cmake_export_include_directories-extras.cmake
[1.970s] -- Up-to-date: /home/bojan/ros2_project_04/install/turtle_hunter_interfaces/share/turtle_hunter_interfaces/cmake/ament_cmake_export_libraries-extras.cmake
[1.970s] -- Up-to-date: /home/bojan/ros2_project_04/install/turtle_hunter_interfaces/share/turtle_hunter_interfaces/cmake/ament_cmake_export_targets-extras.cmake
[1.971s] -- Up-to-date: /home/bojan/ros2_project_04/install/turtle_hunter_interfaces/share/turtle_hunter_interfaces/cmake/rosidl_cmake_export_typesupport_targets-extras.cmake
[1.971s] -- Up-to-date: /home/bojan/ros2_project_04/install/turtle_hunter_interfaces/share/turtle_hunter_interfaces/cmake/ament_cmake_export_dependencies-extras.cmake
[1.971s] -- Up-to-date: /home/bojan/ros2_project_04/install/turtle_hunter_interfaces/share/turtle_hunter_interfaces/cmake/rosidl_cmake_export_typesupport_libraries-extras.cmake
[1.971s] -- Up-to-date: /home/bojan/ros2_project_04/install/turtle_hunter_interfaces/share/turtle_hunter_interfaces/cmake/turtle_hunter_interfacesConfig.cmake
[1.971s] -- Up-to-date: /home/bojan/ros2_project_04/install/turtle_hunter_interfaces/share/turtle_hunter_interfaces/cmake/turtle_hunter_interfacesConfig-version.cmake
[1.971s] -- Up-to-date: /home/bojan/ros2_project_04/install/turtle_hunter_interfaces/share/turtle_hunter_interfaces/package.xml
[2.060s] Invoked command in '/home/bojan/ros2_project_04/build/turtle_hunter_interfaces' returned '0': CMAKE_PREFIX_PATH=${CMAKE_PREFIX_PATH}:/home/bojan/ros2_project_04/install/turtle_hunter:/home/bojan/ros2_project_03/install/robot_media:/home/bojan/ros2_project_01/install/robot_pkg_py:/home/bojan/ros2_project_01/install/num_pkg_py:/opt/ros/humble WSLENV=ELECTRON_RUN_AS_NODE/w: /usr/bin/cmake --install /home/bojan/ros2_project_04/build/turtle_hunter_interfaces
