[0.385s] DEBUG:colcon:Command line arguments: ['/usr/bin/colcon', 'build', '--packages-select', 'turtle_hunter', '--symlink-install']
[0.385s] DEBUG:colcon:Parsed command line arguments: Namespace(log_base=None, log_level=None, verb_name='build', build_base='build', install_base='install', merge_install=False, symlink_install=True, test_result_base=None, continue_on_error=False, executor='parallel', parallel_workers=16, event_handlers=None, ignore_user_meta=False, metas=['./colcon.meta'], base_paths=['.'], packages_ignore=None, packages_ignore_regex=None, paths=None, packages_up_to=None, packages_up_to_regex=None, packages_above=None, packages_above_and_dependencies=None, packages_above_depth=None, packages_select_by_dep=None, packages_skip_by_dep=None, packages_skip_up_to=None, packages_select_build_failed=False, packages_skip_build_finished=False, packages_select_test_failures=False, packages_skip_test_passed=False, packages_select=['turtle_hunter'], packages_skip=None, packages_select_regex=None, packages_skip_regex=None, packages_start=None, packages_end=None, allow_overriding=[], cmake_args=None, cmake_target=None, cmake_target_skip_unavailable=False, cmake_clean_cache=False, cmake_clean_first=False, cmake_force_configure=False, ament_cmake_args=None, catkin_cmake_args=None, catkin_skip_building_tests=False, verb_parser=<colcon_defaults.argument_parser.defaults.DefaultArgumentsDecorator object at 0x7f02af4c9480>, verb_extension=<colcon_core.verb.build.BuildVerb object at 0x7f02afcc0a00>, main=<bound method BuildVerb.main of <colcon_core.verb.build.BuildVerb object at 0x7f02afcc0a00>>)
[0.441s] Level 1:colcon.colcon_core.package_discovery:discover_packages(colcon_meta) check parameters
[0.441s] Level 1:colcon.colcon_core.package_discovery:discover_packages(recursive) check parameters
[0.441s] Level 1:colcon.colcon_core.package_discovery:discover_packages(ignore) check parameters
[0.441s] Level 1:colcon.colcon_core.package_discovery:discover_packages(path) check parameters
[0.441s] Level 1:colcon.colcon_core.package_discovery:discover_packages(colcon_meta) discover
[0.441s] Level 1:colcon.colcon_core.package_discovery:discover_packages(recursive) discover
[0.441s] INFO:colcon.colcon_core.package_discovery:Crawling recursively for packages in '/home/bojan/ros2_project_04'
[0.442s] Level 1:colcon.colcon_core.package_identification:_identify(.) by extensions ['ignore', 'ignore_ament_install']
[0.442s] Level 1:colcon.colcon_core.package_identification:_identify(.) by extension 'ignore'
[0.442s] Level 1:colcon.colcon_core.package_identification:_identify(.) by extension 'ignore_ament_install'
[0.442s] Level 1:colcon.colcon_core.package_identification:_identify(.) by extensions ['colcon_pkg']
[0.442s] Level 1:colcon.colcon_core.package_identification:_identify(.) by extension 'colcon_pkg'
[0.442s] Level 1:colcon.colcon_core.package_identification:_identify(.) by extensions ['colcon_meta']
[0.442s] Level 1:colcon.colcon_core.package_identification:_identify(.) by extension 'colcon_meta'
[0.443s] Level 1:colcon.colcon_core.package_identification:_identify(.) by extensions ['ros']
[0.443s] Level 1:colcon.colcon_core.package_identification:_identify(.) by extension 'ros'
[0.466s] Level 1:colcon.colcon_core.package_identification:_identify(.) by extensions ['cmake', 'python']
[0.466s] Level 1:colcon.colcon_core.package_identification:_identify(.) by extension 'cmake'
[0.466s] Level 1:colcon.colcon_core.package_identification:_identify(.) by extension 'python'
[0.466s] Level 1:colcon.colcon_core.package_identification:_identify(.) by extensions ['python_setup_py']
[0.466s] Level 1:colcon.colcon_core.package_identification:_identify(.) by extension 'python_setup_py'
[0.466s] Level 1:colcon.colcon_core.package_identification:_identify(build) by extensions ['ignore', 'ignore_ament_install']
[0.467s] Level 1:colcon.colcon_core.package_identification:_identify(build) by extension 'ignore'
[0.467s] Level 1:colcon.colcon_core.package_identification:_identify(build) ignored
[0.467s] Level 1:colcon.colcon_core.package_identification:_identify(install) by extensions ['ignore', 'ignore_ament_install']
[0.467s] Level 1:colcon.colcon_core.package_identification:_identify(install) by extension 'ignore'
[0.467s] Level 1:colcon.colcon_core.package_identification:_identify(install) ignored
[0.468s] Level 1:colcon.colcon_core.package_identification:_identify(log) by extensions ['ignore', 'ignore_ament_install']
[0.468s] Level 1:colcon.colcon_core.package_identification:_identify(log) by extension 'ignore'
[0.468s] Level 1:colcon.colcon_core.package_identification:_identify(log) ignored
[0.468s] Level 1:colcon.colcon_core.package_identification:_identify(src) by extensions ['ignore', 'ignore_ament_install']
[0.468s] Level 1:colcon.colcon_core.package_identification:_identify(src) by extension 'ignore'
[0.468s] Level 1:colcon.colcon_core.package_identification:_identify(src) by extension 'ignore_ament_install'
[0.468s] Level 1:colcon.colcon_core.package_identification:_identify(src) by extensions ['colcon_pkg']
[0.468s] Level 1:colcon.colcon_core.package_identification:_identify(src) by extension 'colcon_pkg'
[0.468s] Level 1:colcon.colcon_core.package_identification:_identify(src) by extensions ['colcon_meta']
[0.468s] Level 1:colcon.colcon_core.package_identification:_identify(src) by extension 'colcon_meta'
[0.468s] Level 1:colcon.colcon_core.package_identification:_identify(src) by extensions ['ros']
[0.468s] Level 1:colcon.colcon_core.package_identification:_identify(src) by extension 'ros'
[0.469s] Level 1:colcon.colcon_core.package_identification:_identify(src) by extensions ['cmake', 'python']
[0.469s] Level 1:colcon.colcon_core.package_identification:_identify(src) by extension 'cmake'
[0.469s] Level 1:colcon.colcon_core.package_identification:_identify(src) by extension 'python'
[0.469s] Level 1:colcon.colcon_core.package_identification:_identify(src) by extensions ['python_setup_py']
[0.469s] Level 1:colcon.colcon_core.package_identification:_identify(src) by extension 'python_setup_py'
[0.469s] Level 1:colcon.colcon_core.package_identification:_identify(src/turtle_hunter) by extensions ['ignore', 'ignore_ament_install']
[0.469s] Level 1:colcon.colcon_core.package_identification:_identify(src/turtle_hunter) by extension 'ignore'
[0.469s] Level 1:colcon.colcon_core.package_identification:_identify(src/turtle_hunter) by extension 'ignore_ament_install'
[0.470s] Level 1:colcon.colcon_core.package_identification:_identify(src/turtle_hunter) by extensions ['colcon_pkg']
[0.470s] Level 1:colcon.colcon_core.package_identification:_identify(src/turtle_hunter) by extension 'colcon_pkg'
[0.470s] Level 1:colcon.colcon_core.package_identification:_identify(src/turtle_hunter) by extensions ['colcon_meta']
[0.470s] Level 1:colcon.colcon_core.package_identification:_identify(src/turtle_hunter) by extension 'colcon_meta'
[0.470s] Level 1:colcon.colcon_core.package_identification:_identify(src/turtle_hunter) by extensions ['ros']
[0.470s] Level 1:colcon.colcon_core.package_identification:_identify(src/turtle_hunter) by extension 'ros'
[0.473s] DEBUG:colcon.colcon_core.package_identification:Found ROS schema reference in package manifest in 'src/turtle_hunter'
[0.474s] WARNING:colcon.colcon_core.package_identification:Failed to parse ROS package manifest in 'src/turtle_hunter': Error(s) in package 'src/turtle_hunter/package.xml':
Error(s):
- The generic dependency on 'turtlesim' is redundant with: build_depend, build_export_depend, exec_depend
[0.474s] Level 1:colcon.colcon_core.package_identification:_identify(src/turtle_hunter) by extensions ['cmake', 'python']
[0.474s] Level 1:colcon.colcon_core.package_identification:_identify(src/turtle_hunter) by extension 'cmake'
[0.474s] Level 1:colcon.colcon_core.package_identification:_identify(src/turtle_hunter) by extension 'python'
[0.474s] DEBUG:colcon.colcon_core.package_identification:Python package in 'src/turtle_hunter' passes arguments to the setup() function which requires a different identification extension than 'python'
[0.474s] Level 1:colcon.colcon_core.package_identification:_identify(src/turtle_hunter) by extensions ['python_setup_py']
[0.474s] Level 1:colcon.colcon_core.package_identification:_identify(src/turtle_hunter) by extension 'python_setup_py'
[0.707s] DEBUG:colcon.colcon_core.package_identification:Package 'src/turtle_hunter' with type 'python' and name 'turtle_hunter'
[0.707s] Level 1:colcon.colcon_core.package_discovery:discover_packages(recursive) using defaults
[0.708s] Level 1:colcon.colcon_core.package_discovery:discover_packages(ignore) discover
[0.708s] Level 1:colcon.colcon_core.package_discovery:discover_packages(ignore) using defaults
[0.708s] Level 1:colcon.colcon_core.package_discovery:discover_packages(path) discover
[0.708s] Level 1:colcon.colcon_core.package_discovery:discover_packages(path) using defaults
[0.760s] Level 1:colcon.colcon_core.package_discovery:discover_packages(prefix_path) check parameters
[0.760s] Level 1:colcon.colcon_core.package_discovery:discover_packages(prefix_path) discover
[0.771s] DEBUG:colcon.colcon_installed_package_information.package_discovery:Found 1 installed packages in /home/bojan/ros2_project_04/install
[0.773s] DEBUG:colcon.colcon_installed_package_information.package_discovery:Found 2 installed packages in /home/bojan/ros2_project_03/install
[0.774s] DEBUG:colcon.colcon_installed_package_information.package_discovery:Found 3 installed packages in /home/bojan/ros2_project_02/install
[0.776s] DEBUG:colcon.colcon_installed_package_information.package_discovery:Found 5 installed packages in /home/bojan/ros2_project_01/install
[0.778s] DEBUG:colcon.colcon_installed_package_information.package_discovery:Found 270 installed packages in /opt/ros/humble
[0.780s] Level 1:colcon.colcon_core.package_discovery:discover_packages(prefix_path) using defaults
[0.865s] Level 5:colcon.colcon_core.verb:set package 'turtle_hunter' build argument 'cmake_args' from command line to 'None'
[0.865s] Level 5:colcon.colcon_core.verb:set package 'turtle_hunter' build argument 'cmake_target' from command line to 'None'
[0.865s] Level 5:colcon.colcon_core.verb:set package 'turtle_hunter' build argument 'cmake_target_skip_unavailable' from command line to 'False'
[0.865s] Level 5:colcon.colcon_core.verb:set package 'turtle_hunter' build argument 'cmake_clean_cache' from command line to 'False'
[0.865s] Level 5:colcon.colcon_core.verb:set package 'turtle_hunter' build argument 'cmake_clean_first' from command line to 'False'
[0.865s] Level 5:colcon.colcon_core.verb:set package 'turtle_hunter' build argument 'cmake_force_configure' from command line to 'False'
[0.865s] Level 5:colcon.colcon_core.verb:set package 'turtle_hunter' build argument 'ament_cmake_args' from command line to 'None'
[0.865s] Level 5:colcon.colcon_core.verb:set package 'turtle_hunter' build argument 'catkin_cmake_args' from command line to 'None'
[0.865s] Level 5:colcon.colcon_core.verb:set package 'turtle_hunter' build argument 'catkin_skip_building_tests' from command line to 'False'
[0.865s] DEBUG:colcon.colcon_core.verb:Building package 'turtle_hunter' with the following arguments: {'ament_cmake_args': None, 'build_base': '/home/bojan/ros2_project_04/build/turtle_hunter', 'catkin_cmake_args': None, 'catkin_skip_building_tests': False, 'cmake_args': None, 'cmake_clean_cache': False, 'cmake_clean_first': False, 'cmake_force_configure': False, 'cmake_target': None, 'cmake_target_skip_unavailable': False, 'install_base': '/home/bojan/ros2_project_04/install/turtle_hunter', 'merge_install': False, 'path': '/home/bojan/ros2_project_04/src/turtle_hunter', 'symlink_install': True, 'test_result_base': None}
[0.866s] INFO:colcon.colcon_core.executor:Executing jobs using 'parallel' executor
[0.868s] DEBUG:colcon.colcon_parallel_executor.executor.parallel:run_until_complete
[0.869s] INFO:colcon.colcon_core.task.python.build:Building Python package in '/home/bojan/ros2_project_04/src/turtle_hunter'
[0.878s] INFO:colcon.colcon_core.plugin_system:Skipping extension 'colcon_core.shell.bat': Not used on non-Windows systems
[0.878s] INFO:colcon.colcon_core.shell:Skip shell extension 'powershell' for command environment: Not usable outside of PowerShell
[0.879s] DEBUG:colcon.colcon_core.shell:Skip shell extension 'dsv' for command environment
[1.561s] DEBUG:colcon.colcon_core.event_handler.log_command:Invoking command in '/home/bojan/ros2_project_04/build/turtle_hunter': PYTHONPATH=/home/bojan/ros2_project_04/build/turtle_hunter/prefix_override:/home/bojan/ros2_project_04/install/turtle_hunter/lib/python3.10/site-packages:${PYTHONPATH} WSLENV=ELECTRON_RUN_AS_NODE/w: /usr/bin/python3 setup.py develop --editable --build-directory /home/bojan/ros2_project_04/build/turtle_hunter/build --no-deps install_data
[1.981s] Level 1:colcon.colcon_core.shell:create_environment_hook('turtle_hunter', 'pythonpath_develop')
[1.982s] INFO:colcon.colcon_core.shell:Creating environment hook '/home/bojan/ros2_project_04/build/turtle_hunter/share/turtle_hunter/hook/pythonpath_develop.ps1'
[1.983s] DEBUG:colcon.colcon_core.event_handler.log_command:Invoked command in '/home/bojan/ros2_project_04/build/turtle_hunter' returned '0': PYTHONPATH=/home/bojan/ros2_project_04/build/turtle_hunter/prefix_override:/home/bojan/ros2_project_04/install/turtle_hunter/lib/python3.10/site-packages:${PYTHONPATH} WSLENV=ELECTRON_RUN_AS_NODE/w: /usr/bin/python3 setup.py develop --editable --build-directory /home/bojan/ros2_project_04/build/turtle_hunter/build --no-deps install_data
[1.983s] INFO:colcon.colcon_core.shell:Creating environment descriptor '/home/bojan/ros2_project_04/build/turtle_hunter/share/turtle_hunter/hook/pythonpath_develop.dsv'
[1.984s] INFO:colcon.colcon_core.shell:Creating environment hook '/home/bojan/ros2_project_04/build/turtle_hunter/share/turtle_hunter/hook/pythonpath_develop.sh'
[1.996s] Level 1:colcon.colcon_core.environment:checking '/home/bojan/ros2_project_04/install/turtle_hunter' for CMake module files
[1.996s] Level 1:colcon.colcon_core.environment:checking '/home/bojan/ros2_project_04/install/turtle_hunter' for CMake config files
[1.997s] Level 1:colcon.colcon_core.environment:checking '/home/bojan/ros2_project_04/install/turtle_hunter/lib'
[1.997s] Level 1:colcon.colcon_core.environment:checking '/home/bojan/ros2_project_04/install/turtle_hunter/bin'
[1.997s] Level 1:colcon.colcon_core.environment:checking '/home/bojan/ros2_project_04/install/turtle_hunter/lib/pkgconfig/turtle_hunter.pc'
[1.997s] Level 1:colcon.colcon_core.environment:checking '/home/bojan/ros2_project_04/install/turtle_hunter/lib/python3.10/site-packages'
[1.997s] Level 1:colcon.colcon_core.shell:create_environment_hook('turtle_hunter', 'pythonpath')
[1.998s] INFO:colcon.colcon_core.shell:Creating environment hook '/home/bojan/ros2_project_04/install/turtle_hunter/share/turtle_hunter/hook/pythonpath.ps1'
[1.999s] INFO:colcon.colcon_core.shell:Creating environment descriptor '/home/bojan/ros2_project_04/install/turtle_hunter/share/turtle_hunter/hook/pythonpath.dsv'
[2.000s] INFO:colcon.colcon_core.shell:Creating environment hook '/home/bojan/ros2_project_04/install/turtle_hunter/share/turtle_hunter/hook/pythonpath.sh'
[2.001s] Level 1:colcon.colcon_core.environment:checking '/home/bojan/ros2_project_04/install/turtle_hunter/bin'
[2.001s] Level 1:colcon.colcon_core.environment:create_environment_scripts_only(turtle_hunter)
[2.002s] INFO:colcon.colcon_core.shell:Creating package script '/home/bojan/ros2_project_04/install/turtle_hunter/share/turtle_hunter/package.ps1'
[2.003s] INFO:colcon.colcon_core.shell:Creating package descriptor '/home/bojan/ros2_project_04/install/turtle_hunter/share/turtle_hunter/package.dsv'
[2.004s] INFO:colcon.colcon_core.shell:Creating package script '/home/bojan/ros2_project_04/install/turtle_hunter/share/turtle_hunter/package.sh'
[2.005s] INFO:colcon.colcon_core.shell:Creating package script '/home/bojan/ros2_project_04/install/turtle_hunter/share/turtle_hunter/package.bash'
[2.006s] INFO:colcon.colcon_core.shell:Creating package script '/home/bojan/ros2_project_04/install/turtle_hunter/share/turtle_hunter/package.zsh'
[2.007s] Level 1:colcon.colcon_core.environment:create_file_with_runtime_dependencies(/home/bojan/ros2_project_04/install/turtle_hunter/share/colcon-core/packages/turtle_hunter)
[2.008s] DEBUG:colcon.colcon_parallel_executor.executor.parallel:closing loop
[2.008s] DEBUG:colcon.colcon_parallel_executor.executor.parallel:loop closed
[2.009s] DEBUG:colcon.colcon_parallel_executor.executor.parallel:run_until_complete finished with '0'
[2.009s] DEBUG:colcon.colcon_core.event_reactor:joining thread
[2.084s] INFO:colcon.colcon_core.plugin_system:Skipping extension 'colcon_notification.desktop_notification.notify_send': Could not find 'notify-send'
[2.084s] INFO:colcon.colcon_core.plugin_system:Skipping extension 'colcon_notification.desktop_notification.terminal_notifier': Not used on non-Darwin systems
[2.085s] INFO:colcon.colcon_core.plugin_system:Skipping extension 'colcon_notification.desktop_notification.win32': Not used on non-Windows systems
[2.085s] INFO:colcon.colcon_notification.desktop_notification:Sending desktop notification using 'notify2'
[2.085s] DEBUG:colcon.colcon_notification.desktop_notification.notify2:Failed to initialize notify2: org.freedesktop.DBus.Error.FileNotFound: Failed to connect to socket /run/user/1000/bus: No such file or directory
[2.085s] DEBUG:colcon.colcon_core.event_reactor:joined thread
[2.087s] INFO:colcon.colcon_core.shell:Creating prefix script '/home/bojan/ros2_project_04/install/local_setup.ps1'
[2.089s] INFO:colcon.colcon_core.shell:Creating prefix util module '/home/bojan/ros2_project_04/install/_local_setup_util_ps1.py'
[2.092s] INFO:colcon.colcon_core.shell:Creating prefix chain script '/home/bojan/ros2_project_04/install/setup.ps1'
[2.095s] INFO:colcon.colcon_core.shell:Creating prefix script '/home/bojan/ros2_project_04/install/local_setup.sh'
[2.096s] INFO:colcon.colcon_core.shell:Creating prefix util module '/home/bojan/ros2_project_04/install/_local_setup_util_sh.py'
[2.097s] INFO:colcon.colcon_core.shell:Creating prefix chain script '/home/bojan/ros2_project_04/install/setup.sh'
[2.100s] INFO:colcon.colcon_core.shell:Creating prefix script '/home/bojan/ros2_project_04/install/local_setup.bash'
[2.101s] INFO:colcon.colcon_core.shell:Creating prefix chain script '/home/bojan/ros2_project_04/install/setup.bash'
[2.103s] INFO:colcon.colcon_core.shell:Creating prefix script '/home/bojan/ros2_project_04/install/local_setup.zsh'
[2.105s] INFO:colcon.colcon_core.shell:Creating prefix chain script '/home/bojan/ros2_project_04/install/setup.zsh'
