[0.040s] Invoking command in '/home/bojan/ros2_project_04/build/turtle_hunter_interfaces': CMAKE_PREFIX_PATH=${CMAKE_PREFIX_PATH}:/home/bojan/ros2_project_04/install/turtle_hunter:/home/bojan/ros2_project_03/install/robot_media:/home/bojan/ros2_project_01/install/robot_pkg_py:/home/bojan/ros2_project_01/install/num_pkg_py:/opt/ros/humble WSLENV=ELECTRON_RUN_AS_NODE/w: /usr/bin/cmake --build /home/bojan/ros2_project_04/build/turtle_hunter_interfaces -- -j16 -l16
[0.082s] -- Found ament_cmake: 1.3.3 (/opt/ros/humble/share/ament_cmake/cmake)
[0.379s] -- Found rosidl_default_generators: 1.2.0 (/opt/ros/humble/share/rosidl_default_generators/cmake)
[0.381s] -- Using all available rosidl_typesupport_c: rosidl_typesupport_fastrtps_c;rosidl_typesupport_introspection_c
[0.388s] -- Found rosidl_adapter: 3.1.4 (/opt/ros/humble/share/rosidl_adapter/cmake)
[0.839s] -- Using all available rosidl_typesupport_cpp: rosidl_typesupport_fastrtps_cpp;rosidl_typesupport_introspection_cpp
[1.400s] -- Found ament_cmake_ros: 0.10.0 (/opt/ros/humble/share/ament_cmake_ros/cmake)
[1.751s] -- Using all available rosidl_typesupport_c: rosidl_typesupport_fastrtps_c;rosidl_typesupport_introspection_c
[2.243s] -- Using all available rosidl_typesupport_cpp: rosidl_typesupport_fastrtps_cpp;rosidl_typesupport_introspection_cpp
[2.309s] -- Found python_cmake_module: 0.10.0 (/opt/ros/humble/share/python_cmake_module/cmake)
[2.353s] -- Using PYTHON_EXECUTABLE: /usr/bin/python3
[2.353s] -- Using PYTHON_INCLUDE_DIRS: /usr/include/python3.10
[2.353s] -- Using PYTHON_LIBRARIES: /usr/lib/x86_64-linux-gnu/libpython3.10.so
[2.389s] -- Configuring done
[2.473s] -- Generating done
[2.481s] -- Build files have been written to: /home/bojan/ros2_project_04/build/turtle_hunter_interfaces
[2.530s] [  2%] [34m[1mGenerating C code for ROS interfaces[0m
[2.551s] [  4%] [34m[1mGenerating C++ code for ROS interfaces[0m
[2.563s] [  4%] Built target ament_cmake_python_copy_turtle_hunter_interfaces
[3.153s] running egg_info
[3.154s] writing turtle_hunter_interfaces.egg-info/PKG-INFO
[3.159s] writing dependency_links to turtle_hunter_interfaces.egg-info/dependency_links.txt
[3.159s] writing top-level names to turtle_hunter_interfaces.egg-info/top_level.txt
[3.162s] reading manifest file 'turtle_hunter_interfaces.egg-info/SOURCES.txt'
[3.163s] writing manifest file 'turtle_hunter_interfaces.egg-info/SOURCES.txt'
[3.214s] [  4%] Built target ament_cmake_python_build_turtle_hunter_interfaces_egg
[3.298s] [35m[1mConsolidate compiler generated dependencies of target turtle_hunter_interfaces__rosidl_generator_c[0m
[3.319s] [  8%] [32mBuilding C object CMakeFiles/turtle_hunter_interfaces__rosidl_generator_c.dir/rosidl_generator_c/turtle_hunter_interfaces/srv/detail/catch_turtle__functions.c.o[0m
[3.319s] [  8%] [32mBuilding C object CMakeFiles/turtle_hunter_interfaces__rosidl_generator_c.dir/rosidl_generator_c/turtle_hunter_interfaces/msg/detail/turtle_array__functions.c.o[0m
[3.319s] [ 10%] [32mBuilding C object CMakeFiles/turtle_hunter_interfaces__rosidl_generator_c.dir/rosidl_generator_c/turtle_hunter_interfaces/msg/detail/turtle__functions.c.o[0m
[3.379s] [ 10%] Built target turtle_hunter_interfaces__cpp
[3.392s] [ 12%] [34m[1mGenerating C++ introspection for ROS interfaces[0m
[3.393s] [ 14%] [34m[1mGenerating C++ type support dispatch for ROS interfaces[0m
[3.393s] [ 17%] [34m[1mGenerating C++ type support for eProsima Fast-RTPS[0m
[3.479s] [ 19%] [32m[1mLinking C shared library libturtle_hunter_interfaces__rosidl_generator_c.so[0m
[3.759s] [ 19%] Built target turtle_hunter_interfaces__rosidl_generator_c
[3.779s] [ 23%] [34m[1mGenerating C type support dispatch for ROS interfaces[0m
[3.779s] [ 23%] [34m[1mGenerating C type support for eProsima Fast-RTPS[0m
[3.781s] [ 25%] [34m[1mGenerating C introspection for ROS interfaces[0m
[4.042s] [35m[1mConsolidate compiler generated dependencies of target turtle_hunter_interfaces__rosidl_typesupport_cpp[0m
[4.069s] [ 27%] [32mBuilding CXX object CMakeFiles/turtle_hunter_interfaces__rosidl_typesupport_cpp.dir/rosidl_typesupport_cpp/turtle_hunter_interfaces/msg/turtle_array__type_support.cpp.o[0m
[4.070s] [ 29%] [32mBuilding CXX object CMakeFiles/turtle_hunter_interfaces__rosidl_typesupport_cpp.dir/rosidl_typesupport_cpp/turtle_hunter_interfaces/msg/turtle__type_support.cpp.o[0m
[4.073s] [ 31%] [32mBuilding CXX object CMakeFiles/turtle_hunter_interfaces__rosidl_typesupport_cpp.dir/rosidl_typesupport_cpp/turtle_hunter_interfaces/srv/catch_turtle__type_support.cpp.o[0m
[4.150s] [35m[1mConsolidate compiler generated dependencies of target turtle_hunter_interfaces__rosidl_typesupport_introspection_cpp[0m
[4.180s] [ 34%] [32mBuilding CXX object CMakeFiles/turtle_hunter_interfaces__rosidl_typesupport_introspection_cpp.dir/rosidl_typesupport_introspection_cpp/turtle_hunter_interfaces/srv/detail/catch_turtle__type_support.cpp.o[0m
[4.180s] [ 36%] [32mBuilding CXX object CMakeFiles/turtle_hunter_interfaces__rosidl_typesupport_introspection_cpp.dir/rosidl_typesupport_introspection_cpp/turtle_hunter_interfaces/msg/detail/turtle__type_support.cpp.o[0m
[4.182s] [ 38%] [32mBuilding CXX object CMakeFiles/turtle_hunter_interfaces__rosidl_typesupport_introspection_cpp.dir/rosidl_typesupport_introspection_cpp/turtle_hunter_interfaces/msg/detail/turtle_array__type_support.cpp.o[0m
[4.271s] [35m[1mConsolidate compiler generated dependencies of target turtle_hunter_interfaces__rosidl_typesupport_fastrtps_cpp[0m
[4.303s] [ 40%] [32mBuilding CXX object CMakeFiles/turtle_hunter_interfaces__rosidl_typesupport_fastrtps_cpp.dir/rosidl_typesupport_fastrtps_cpp/turtle_hunter_interfaces/msg/detail/dds_fastrtps/turtle__type_support.cpp.o[0m
[4.310s] [ 42%] [32mBuilding CXX object CMakeFiles/turtle_hunter_interfaces__rosidl_typesupport_fastrtps_cpp.dir/rosidl_typesupport_fastrtps_cpp/turtle_hunter_interfaces/srv/detail/dds_fastrtps/catch_turtle__type_support.cpp.o[0m
[4.313s] [ 44%] [32mBuilding CXX object CMakeFiles/turtle_hunter_interfaces__rosidl_typesupport_fastrtps_cpp.dir/rosidl_typesupport_fastrtps_cpp/turtle_hunter_interfaces/msg/detail/dds_fastrtps/turtle_array__type_support.cpp.o[0m
[4.470s] [35m[1mConsolidate compiler generated dependencies of target turtle_hunter_interfaces__rosidl_typesupport_c[0m
[4.494s] [ 46%] [32mBuilding CXX object CMakeFiles/turtle_hunter_interfaces__rosidl_typesupport_c.dir/rosidl_typesupport_c/turtle_hunter_interfaces/msg/turtle__type_support.cpp.o[0m
[4.499s] [ 48%] [32mBuilding CXX object CMakeFiles/turtle_hunter_interfaces__rosidl_typesupport_c.dir/rosidl_typesupport_c/turtle_hunter_interfaces/msg/turtle_array__type_support.cpp.o[0m
[4.501s] [ 51%] [32mBuilding CXX object CMakeFiles/turtle_hunter_interfaces__rosidl_typesupport_c.dir/rosidl_typesupport_c/turtle_hunter_interfaces/srv/catch_turtle__type_support.cpp.o[0m
[4.629s] [ 53%] [32m[1mLinking CXX shared library libturtle_hunter_interfaces__rosidl_typesupport_c.so[0m
[4.840s] [35m[1mConsolidate compiler generated dependencies of target turtle_hunter_interfaces__rosidl_typesupport_introspection_c[0m
[4.863s] [35m[1mConsolidate compiler generated dependencies of target turtle_hunter_interfaces__rosidl_typesupport_fastrtps_c[0m
[4.889s] [ 55%] [32mBuilding C object CMakeFiles/turtle_hunter_interfaces__rosidl_typesupport_introspection_c.dir/rosidl_typesupport_introspection_c/turtle_hunter_interfaces/msg/detail/turtle__type_support.c.o[0m
[4.892s] [ 57%] [32mBuilding C object CMakeFiles/turtle_hunter_interfaces__rosidl_typesupport_introspection_c.dir/rosidl_typesupport_introspection_c/turtle_hunter_interfaces/msg/detail/turtle_array__type_support.c.o[0m
[4.909s] [ 59%] [32mBuilding C object CMakeFiles/turtle_hunter_interfaces__rosidl_typesupport_introspection_c.dir/rosidl_typesupport_introspection_c/turtle_hunter_interfaces/srv/detail/catch_turtle__type_support.c.o[0m
[4.920s] [ 63%] [32mBuilding CXX object CMakeFiles/turtle_hunter_interfaces__rosidl_typesupport_fastrtps_c.dir/rosidl_typesupport_fastrtps_c/turtle_hunter_interfaces/msg/detail/turtle_array__type_support_c.cpp.o[0m
[4.921s] [ 63%] [32mBuilding CXX object CMakeFiles/turtle_hunter_interfaces__rosidl_typesupport_fastrtps_c.dir/rosidl_typesupport_fastrtps_c/turtle_hunter_interfaces/srv/detail/catch_turtle__type_support_c.cpp.o[0m
[4.930s] [ 65%] [32mBuilding CXX object CMakeFiles/turtle_hunter_interfaces__rosidl_typesupport_fastrtps_c.dir/rosidl_typesupport_fastrtps_c/turtle_hunter_interfaces/msg/detail/turtle__type_support_c.cpp.o[0m
[5.030s] [ 68%] [32m[1mLinking CXX shared library libturtle_hunter_interfaces__rosidl_typesupport_cpp.so[0m
[5.031s] [ 70%] [32m[1mLinking C shared library libturtle_hunter_interfaces__rosidl_typesupport_introspection_c.so[0m
[5.042s] [ 70%] Built target turtle_hunter_interfaces__rosidl_typesupport_c
[5.221s] [ 70%] Built target turtle_hunter_interfaces__rosidl_typesupport_introspection_c
[5.264s] [ 70%] Built target turtle_hunter_interfaces__rosidl_typesupport_cpp
[5.553s] [ 72%] [32m[1mLinking CXX shared library libturtle_hunter_interfaces__rosidl_typesupport_introspection_cpp.so[0m
[5.699s] [ 74%] [32m[1mLinking CXX shared library libturtle_hunter_interfaces__rosidl_typesupport_fastrtps_cpp.so[0m
[5.870s] [ 76%] [32m[1mLinking CXX shared library libturtle_hunter_interfaces__rosidl_typesupport_fastrtps_c.so[0m
[5.919s] [ 76%] Built target turtle_hunter_interfaces__rosidl_typesupport_introspection_cpp
[6.031s] [ 76%] Built target turtle_hunter_interfaces__rosidl_typesupport_fastrtps_cpp
[6.289s] [ 76%] Built target turtle_hunter_interfaces__rosidl_typesupport_fastrtps_c
[6.351s] [ 76%] Built target turtle_hunter_interfaces
[6.409s] [ 78%] [34m[1mGenerating Python code for ROS interfaces[0m
[7.480s] [ 78%] Built target turtle_hunter_interfaces__py
[7.503s] [35m[1mConsolidate compiler generated dependencies of target turtle_hunter_interfaces__rosidl_generator_py[0m
[7.531s] [ 85%] [32mBuilding C object CMakeFiles/turtle_hunter_interfaces__rosidl_generator_py.dir/rosidl_generator_py/turtle_hunter_interfaces/msg/_turtle_array_s.c.o[0m
[7.532s] [ 85%] [32mBuilding C object CMakeFiles/turtle_hunter_interfaces__rosidl_generator_py.dir/rosidl_generator_py/turtle_hunter_interfaces/msg/_turtle_s.c.o[0m
[7.532s] [ 85%] [32mBuilding C object CMakeFiles/turtle_hunter_interfaces__rosidl_generator_py.dir/rosidl_generator_py/turtle_hunter_interfaces/srv/_catch_turtle_s.c.o[0m
[7.728s] [ 87%] [32m[1mLinking C shared library rosidl_generator_py/turtle_hunter_interfaces/libturtle_hunter_interfaces__rosidl_generator_py.so[0m
[8.042s] [ 87%] Built target turtle_hunter_interfaces__rosidl_generator_py
[8.064s] [35m[1mConsolidate compiler generated dependencies of target turtle_hunter_interfaces__rosidl_typesupport_c__pyext[0m
[8.064s] [35m[1mConsolidate compiler generated dependencies of target turtle_hunter_interfaces__rosidl_typesupport_introspection_c__pyext[0m
[8.069s] [35m[1mConsolidate compiler generated dependencies of target turtle_hunter_interfaces__rosidl_typesupport_fastrtps_c__pyext[0m
[8.090s] [ 89%] [32mBuilding C object CMakeFiles/turtle_hunter_interfaces__rosidl_typesupport_c__pyext.dir/rosidl_generator_py/turtle_hunter_interfaces/_turtle_hunter_interfaces_s.ep.rosidl_typesupport_c.c.o[0m
[8.091s] [ 91%] [32mBuilding C object CMakeFiles/turtle_hunter_interfaces__rosidl_typesupport_introspection_c__pyext.dir/rosidl_generator_py/turtle_hunter_interfaces/_turtle_hunter_interfaces_s.ep.rosidl_typesupport_introspection_c.c.o[0m
[8.092s] [ 93%] [32mBuilding C object CMakeFiles/turtle_hunter_interfaces__rosidl_typesupport_fastrtps_c__pyext.dir/rosidl_generator_py/turtle_hunter_interfaces/_turtle_hunter_interfaces_s.ep.rosidl_typesupport_fastrtps_c.c.o[0m
[8.312s] [ 95%] [32m[1mLinking C shared library rosidl_generator_py/turtle_hunter_interfaces/turtle_hunter_interfaces_s__rosidl_typesupport_c.cpython-310-x86_64-linux-gnu.so[0m
[8.320s] [ 97%] [32m[1mLinking C shared library rosidl_generator_py/turtle_hunter_interfaces/turtle_hunter_interfaces_s__rosidl_typesupport_introspection_c.cpython-310-x86_64-linux-gnu.so[0m
[8.330s] [100%] [32m[1mLinking C shared library rosidl_generator_py/turtle_hunter_interfaces/turtle_hunter_interfaces_s__rosidl_typesupport_fastrtps_c.cpython-310-x86_64-linux-gnu.so[0m
[8.540s] [100%] Built target turtle_hunter_interfaces__rosidl_typesupport_introspection_c__pyext
[8.552s] [100%] Built target turtle_hunter_interfaces__rosidl_typesupport_c__pyext
[8.643s] [100%] Built target turtle_hunter_interfaces__rosidl_typesupport_fastrtps_c__pyext
[8.678s] Invoked command in '/home/bojan/ros2_project_04/build/turtle_hunter_interfaces' returned '0': CMAKE_PREFIX_PATH=${CMAKE_PREFIX_PATH}:/home/bojan/ros2_project_04/install/turtle_hunter:/home/bojan/ros2_project_03/install/robot_media:/home/bojan/ros2_project_01/install/robot_pkg_py:/home/bojan/ros2_project_01/install/num_pkg_py:/opt/ros/humble WSLENV=ELECTRON_RUN_AS_NODE/w: /usr/bin/cmake --build /home/bojan/ros2_project_04/build/turtle_hunter_interfaces -- -j16 -l16
[8.952s] Invoking command in '/home/bojan/ros2_project_04/build/turtle_hunter_interfaces': CMAKE_PREFIX_PATH=${CMAKE_PREFIX_PATH}:/home/bojan/ros2_project_04/install/turtle_hunter:/home/bojan/ros2_project_03/install/robot_media:/home/bojan/ros2_project_01/install/robot_pkg_py:/home/bojan/ros2_project_01/install/num_pkg_py:/opt/ros/humble WSLENV=ELECTRON_RUN_AS_NODE/w: /usr/bin/cmake --install /home/bojan/ros2_project_04/build/turtle_hunter_interfaces
[8.969s] -- Install configuration: ""
[8.970s] -- Installing: /home/bojan/ros2_project_04/install/turtle_hunter_interfaces/share/ament_index/resource_index/rosidl_interfaces/turtle_hunter_interfaces
[8.970s] -- Up-to-date: /home/bojan/ros2_project_04/install/turtle_hunter_interfaces/include/turtle_hunter_interfaces/turtle_hunter_interfaces
[8.970s] -- Up-to-date: /home/bojan/ros2_project_04/install/turtle_hunter_interfaces/include/turtle_hunter_interfaces/turtle_hunter_interfaces/msg
[8.970s] -- Up-to-date: /home/bojan/ros2_project_04/install/turtle_hunter_interfaces/include/turtle_hunter_interfaces/turtle_hunter_interfaces/msg/rosidl_generator_c__visibility_control.h
[8.970s] -- Installing: /home/bojan/ros2_project_04/install/turtle_hunter_interfaces/include/turtle_hunter_interfaces/turtle_hunter_interfaces/msg/turtle.h
[8.971s] -- Installing: /home/bojan/ros2_project_04/install/turtle_hunter_interfaces/include/turtle_hunter_interfaces/turtle_hunter_interfaces/msg/turtle_array.h
[8.971s] -- Up-to-date: /home/bojan/ros2_project_04/install/turtle_hunter_interfaces/include/turtle_hunter_interfaces/turtle_hunter_interfaces/msg/detail
[8.971s] -- Installing: /home/bojan/ros2_project_04/install/turtle_hunter_interfaces/include/turtle_hunter_interfaces/turtle_hunter_interfaces/msg/detail/turtle__type_support.h
[8.971s] -- Installing: /home/bojan/ros2_project_04/install/turtle_hunter_interfaces/include/turtle_hunter_interfaces/turtle_hunter_interfaces/msg/detail/turtle_array__struct.h
[8.971s] -- Installing: /home/bojan/ros2_project_04/install/turtle_hunter_interfaces/include/turtle_hunter_interfaces/turtle_hunter_interfaces/msg/detail/turtle__functions.c
[8.972s] -- Installing: /home/bojan/ros2_project_04/install/turtle_hunter_interfaces/include/turtle_hunter_interfaces/turtle_hunter_interfaces/msg/detail/turtle_array__functions.c
[8.972s] -- Installing: /home/bojan/ros2_project_04/install/turtle_hunter_interfaces/include/turtle_hunter_interfaces/turtle_hunter_interfaces/msg/detail/turtle__struct.h
[8.972s] -- Installing: /home/bojan/ros2_project_04/install/turtle_hunter_interfaces/include/turtle_hunter_interfaces/turtle_hunter_interfaces/msg/detail/turtle_array__type_support.h
[8.972s] -- Installing: /home/bojan/ros2_project_04/install/turtle_hunter_interfaces/include/turtle_hunter_interfaces/turtle_hunter_interfaces/msg/detail/turtle__functions.h
[8.973s] -- Installing: /home/bojan/ros2_project_04/install/turtle_hunter_interfaces/include/turtle_hunter_interfaces/turtle_hunter_interfaces/msg/detail/turtle_array__functions.h
[8.973s] -- Installing: /home/bojan/ros2_project_04/install/turtle_hunter_interfaces/include/turtle_hunter_interfaces/turtle_hunter_interfaces/srv
[8.973s] -- Installing: /home/bojan/ros2_project_04/install/turtle_hunter_interfaces/include/turtle_hunter_interfaces/turtle_hunter_interfaces/srv/catch_turtle.h
[8.973s] -- Installing: /home/bojan/ros2_project_04/install/turtle_hunter_interfaces/include/turtle_hunter_interfaces/turtle_hunter_interfaces/srv/detail
[8.973s] -- Installing: /home/bojan/ros2_project_04/install/turtle_hunter_interfaces/include/turtle_hunter_interfaces/turtle_hunter_interfaces/srv/detail/catch_turtle__type_support.h
[8.974s] -- Installing: /home/bojan/ros2_project_04/install/turtle_hunter_interfaces/include/turtle_hunter_interfaces/turtle_hunter_interfaces/srv/detail/catch_turtle__functions.c
[8.974s] -- Installing: /home/bojan/ros2_project_04/install/turtle_hunter_interfaces/include/turtle_hunter_interfaces/turtle_hunter_interfaces/srv/detail/catch_turtle__struct.h
[8.978s] -- Installing: /home/bojan/ros2_project_04/install/turtle_hunter_interfaces/include/turtle_hunter_interfaces/turtle_hunter_interfaces/srv/detail/catch_turtle__functions.h
[8.979s] -- Up-to-date: /home/bojan/ros2_project_04/install/turtle_hunter_interfaces/share/turtle_hunter_interfaces/environment/library_path.sh
[8.980s] -- Installing: /home/bojan/ros2_project_04/install/turtle_hunter_interfaces/share/turtle_hunter_interfaces/environment/library_path.dsv
[8.980s] -- Installing: /home/bojan/ros2_project_04/install/turtle_hunter_interfaces/lib/libturtle_hunter_interfaces__rosidl_generator_c.so
[8.980s] -- Set runtime path of "/home/bojan/ros2_project_04/install/turtle_hunter_interfaces/lib/libturtle_hunter_interfaces__rosidl_generator_c.so" to ""
[8.980s] -- Up-to-date: /home/bojan/ros2_project_04/install/turtle_hunter_interfaces/include/turtle_hunter_interfaces/turtle_hunter_interfaces
[8.980s] -- Up-to-date: /home/bojan/ros2_project_04/install/turtle_hunter_interfaces/include/turtle_hunter_interfaces/turtle_hunter_interfaces/msg
[8.980s] -- Up-to-date: /home/bojan/ros2_project_04/install/turtle_hunter_interfaces/include/turtle_hunter_interfaces/turtle_hunter_interfaces/msg/rosidl_typesupport_fastrtps_c__visibility_control.h
[8.981s] -- Up-to-date: /home/bojan/ros2_project_04/install/turtle_hunter_interfaces/include/turtle_hunter_interfaces/turtle_hunter_interfaces/msg/detail
[8.981s] -- Installing: /home/bojan/ros2_project_04/install/turtle_hunter_interfaces/include/turtle_hunter_interfaces/turtle_hunter_interfaces/msg/detail/turtle_array__rosidl_typesupport_fastrtps_c.h
[8.981s] -- Installing: /home/bojan/ros2_project_04/install/turtle_hunter_interfaces/include/turtle_hunter_interfaces/turtle_hunter_interfaces/msg/detail/turtle__rosidl_typesupport_fastrtps_c.h
[8.981s] -- Up-to-date: /home/bojan/ros2_project_04/install/turtle_hunter_interfaces/include/turtle_hunter_interfaces/turtle_hunter_interfaces/srv
[8.981s] -- Up-to-date: /home/bojan/ros2_project_04/install/turtle_hunter_interfaces/include/turtle_hunter_interfaces/turtle_hunter_interfaces/srv/detail
[8.981s] -- Installing: /home/bojan/ros2_project_04/install/turtle_hunter_interfaces/include/turtle_hunter_interfaces/turtle_hunter_interfaces/srv/detail/catch_turtle__rosidl_typesupport_fastrtps_c.h
[8.982s] -- Installing: /home/bojan/ros2_project_04/install/turtle_hunter_interfaces/lib/libturtle_hunter_interfaces__rosidl_typesupport_fastrtps_c.so
[8.982s] -- Set runtime path of "/home/bojan/ros2_project_04/install/turtle_hunter_interfaces/lib/libturtle_hunter_interfaces__rosidl_typesupport_fastrtps_c.so" to ""
[8.982s] -- Up-to-date: /home/bojan/ros2_project_04/install/turtle_hunter_interfaces/include/turtle_hunter_interfaces/turtle_hunter_interfaces
[8.982s] -- Up-to-date: /home/bojan/ros2_project_04/install/turtle_hunter_interfaces/include/turtle_hunter_interfaces/turtle_hunter_interfaces/msg
[8.982s] -- Up-to-date: /home/bojan/ros2_project_04/install/turtle_hunter_interfaces/include/turtle_hunter_interfaces/turtle_hunter_interfaces/msg/rosidl_typesupport_introspection_c__visibility_control.h
[8.982s] -- Up-to-date: /home/bojan/ros2_project_04/install/turtle_hunter_interfaces/include/turtle_hunter_interfaces/turtle_hunter_interfaces/msg/detail
[8.982s] -- Installing: /home/bojan/ros2_project_04/install/turtle_hunter_interfaces/include/turtle_hunter_interfaces/turtle_hunter_interfaces/msg/detail/turtle_array__type_support.c
[8.982s] -- Installing: /home/bojan/ros2_project_04/install/turtle_hunter_interfaces/include/turtle_hunter_interfaces/turtle_hunter_interfaces/msg/detail/turtle__type_support.c
[8.982s] -- Installing: /home/bojan/ros2_project_04/install/turtle_hunter_interfaces/include/turtle_hunter_interfaces/turtle_hunter_interfaces/msg/detail/turtle__rosidl_typesupport_introspection_c.h
[8.983s] -- Installing: /home/bojan/ros2_project_04/install/turtle_hunter_interfaces/include/turtle_hunter_interfaces/turtle_hunter_interfaces/msg/detail/turtle_array__rosidl_typesupport_introspection_c.h
[8.983s] -- Up-to-date: /home/bojan/ros2_project_04/install/turtle_hunter_interfaces/include/turtle_hunter_interfaces/turtle_hunter_interfaces/srv
[8.983s] -- Up-to-date: /home/bojan/ros2_project_04/install/turtle_hunter_interfaces/include/turtle_hunter_interfaces/turtle_hunter_interfaces/srv/detail
[8.983s] -- Installing: /home/bojan/ros2_project_04/install/turtle_hunter_interfaces/include/turtle_hunter_interfaces/turtle_hunter_interfaces/srv/detail/catch_turtle__rosidl_typesupport_introspection_c.h
[8.983s] -- Installing: /home/bojan/ros2_project_04/install/turtle_hunter_interfaces/include/turtle_hunter_interfaces/turtle_hunter_interfaces/srv/detail/catch_turtle__type_support.c
[8.983s] -- Installing: /home/bojan/ros2_project_04/install/turtle_hunter_interfaces/lib/libturtle_hunter_interfaces__rosidl_typesupport_introspection_c.so
[8.983s] -- Set runtime path of "/home/bojan/ros2_project_04/install/turtle_hunter_interfaces/lib/libturtle_hunter_interfaces__rosidl_typesupport_introspection_c.so" to ""
[8.984s] -- Installing: /home/bojan/ros2_project_04/install/turtle_hunter_interfaces/lib/libturtle_hunter_interfaces__rosidl_typesupport_c.so
[8.984s] -- Set runtime path of "/home/bojan/ros2_project_04/install/turtle_hunter_interfaces/lib/libturtle_hunter_interfaces__rosidl_typesupport_c.so" to ""
[8.984s] -- Up-to-date: /home/bojan/ros2_project_04/install/turtle_hunter_interfaces/include/turtle_hunter_interfaces/turtle_hunter_interfaces
[8.984s] -- Up-to-date: /home/bojan/ros2_project_04/install/turtle_hunter_interfaces/include/turtle_hunter_interfaces/turtle_hunter_interfaces/msg
[8.988s] -- Installing: /home/bojan/ros2_project_04/install/turtle_hunter_interfaces/include/turtle_hunter_interfaces/turtle_hunter_interfaces/msg/turtle_array.hpp
[8.988s] -- Installing: /home/bojan/ros2_project_04/install/turtle_hunter_interfaces/include/turtle_hunter_interfaces/turtle_hunter_interfaces/msg/turtle.hpp
[8.988s] -- Up-to-date: /home/bojan/ros2_project_04/install/turtle_hunter_interfaces/include/turtle_hunter_interfaces/turtle_hunter_interfaces/msg/detail
[8.988s] -- Installing: /home/bojan/ros2_project_04/install/turtle_hunter_interfaces/include/turtle_hunter_interfaces/turtle_hunter_interfaces/msg/detail/turtle__struct.hpp
[8.989s] -- Installing: /home/bojan/ros2_project_04/install/turtle_hunter_interfaces/include/turtle_hunter_interfaces/turtle_hunter_interfaces/msg/detail/turtle__builder.hpp
[8.989s] -- Installing: /home/bojan/ros2_project_04/install/turtle_hunter_interfaces/include/turtle_hunter_interfaces/turtle_hunter_interfaces/msg/detail/turtle__traits.hpp
[8.990s] -- Installing: /home/bojan/ros2_project_04/install/turtle_hunter_interfaces/include/turtle_hunter_interfaces/turtle_hunter_interfaces/msg/detail/turtle_array__struct.hpp
[8.990s] -- Installing: /home/bojan/ros2_project_04/install/turtle_hunter_interfaces/include/turtle_hunter_interfaces/turtle_hunter_interfaces/msg/detail/turtle_array__builder.hpp
[8.990s] -- Installing: /home/bojan/ros2_project_04/install/turtle_hunter_interfaces/include/turtle_hunter_interfaces/turtle_hunter_interfaces/msg/detail/turtle_array__traits.hpp
[8.990s] -- Up-to-date: /home/bojan/ros2_project_04/install/turtle_hunter_interfaces/include/turtle_hunter_interfaces/turtle_hunter_interfaces/srv
[8.990s] -- Installing: /home/bojan/ros2_project_04/install/turtle_hunter_interfaces/include/turtle_hunter_interfaces/turtle_hunter_interfaces/srv/catch_turtle.hpp
[8.990s] -- Up-to-date: /home/bojan/ros2_project_04/install/turtle_hunter_interfaces/include/turtle_hunter_interfaces/turtle_hunter_interfaces/srv/detail
[8.991s] -- Installing: /home/bojan/ros2_project_04/install/turtle_hunter_interfaces/include/turtle_hunter_interfaces/turtle_hunter_interfaces/srv/detail/catch_turtle__struct.hpp
[8.991s] -- Installing: /home/bojan/ros2_project_04/install/turtle_hunter_interfaces/include/turtle_hunter_interfaces/turtle_hunter_interfaces/srv/detail/catch_turtle__builder.hpp
[8.991s] -- Installing: /home/bojan/ros2_project_04/install/turtle_hunter_interfaces/include/turtle_hunter_interfaces/turtle_hunter_interfaces/srv/detail/catch_turtle__traits.hpp
[8.991s] -- Up-to-date: /home/bojan/ros2_project_04/install/turtle_hunter_interfaces/include/turtle_hunter_interfaces/turtle_hunter_interfaces
[8.992s] -- Up-to-date: /home/bojan/ros2_project_04/install/turtle_hunter_interfaces/include/turtle_hunter_interfaces/turtle_hunter_interfaces/msg
[8.992s] -- Up-to-date: /home/bojan/ros2_project_04/install/turtle_hunter_interfaces/include/turtle_hunter_interfaces/turtle_hunter_interfaces/msg/rosidl_typesupport_fastrtps_cpp__visibility_control.h
[8.992s] -- Up-to-date: /home/bojan/ros2_project_04/install/turtle_hunter_interfaces/include/turtle_hunter_interfaces/turtle_hunter_interfaces/msg/detail
[8.992s] -- Up-to-date: /home/bojan/ros2_project_04/install/turtle_hunter_interfaces/include/turtle_hunter_interfaces/turtle_hunter_interfaces/msg/detail/dds_fastrtps
[8.992s] -- Installing: /home/bojan/ros2_project_04/install/turtle_hunter_interfaces/include/turtle_hunter_interfaces/turtle_hunter_interfaces/msg/detail/turtle_array__rosidl_typesupport_fastrtps_cpp.hpp
[8.992s] -- Installing: /home/bojan/ros2_project_04/install/turtle_hunter_interfaces/include/turtle_hunter_interfaces/turtle_hunter_interfaces/msg/detail/turtle__rosidl_typesupport_fastrtps_cpp.hpp
[8.992s] -- Up-to-date: /home/bojan/ros2_project_04/install/turtle_hunter_interfaces/include/turtle_hunter_interfaces/turtle_hunter_interfaces/srv
[8.992s] -- Up-to-date: /home/bojan/ros2_project_04/install/turtle_hunter_interfaces/include/turtle_hunter_interfaces/turtle_hunter_interfaces/srv/detail
[8.993s] -- Installing: /home/bojan/ros2_project_04/install/turtle_hunter_interfaces/include/turtle_hunter_interfaces/turtle_hunter_interfaces/srv/detail/catch_turtle__rosidl_typesupport_fastrtps_cpp.hpp
[8.993s] -- Installing: /home/bojan/ros2_project_04/install/turtle_hunter_interfaces/include/turtle_hunter_interfaces/turtle_hunter_interfaces/srv/detail/dds_fastrtps
[8.993s] -- Installing: /home/bojan/ros2_project_04/install/turtle_hunter_interfaces/lib/libturtle_hunter_interfaces__rosidl_typesupport_fastrtps_cpp.so
[8.993s] -- Set runtime path of "/home/bojan/ros2_project_04/install/turtle_hunter_interfaces/lib/libturtle_hunter_interfaces__rosidl_typesupport_fastrtps_cpp.so" to ""
[8.993s] -- Up-to-date: /home/bojan/ros2_project_04/install/turtle_hunter_interfaces/include/turtle_hunter_interfaces/turtle_hunter_interfaces
[8.994s] -- Up-to-date: /home/bojan/ros2_project_04/install/turtle_hunter_interfaces/include/turtle_hunter_interfaces/turtle_hunter_interfaces/msg
[8.994s] -- Up-to-date: /home/bojan/ros2_project_04/install/turtle_hunter_interfaces/include/turtle_hunter_interfaces/turtle_hunter_interfaces/msg/detail
[8.994s] -- Installing: /home/bojan/ros2_project_04/install/turtle_hunter_interfaces/include/turtle_hunter_interfaces/turtle_hunter_interfaces/msg/detail/turtle__type_support.cpp
[8.998s] -- Installing: /home/bojan/ros2_project_04/install/turtle_hunter_interfaces/include/turtle_hunter_interfaces/turtle_hunter_interfaces/msg/detail/turtle_array__type_support.cpp
[8.998s] -- Installing: /home/bojan/ros2_project_04/install/turtle_hunter_interfaces/include/turtle_hunter_interfaces/turtle_hunter_interfaces/msg/detail/turtle_array__rosidl_typesupport_introspection_cpp.hpp
[8.998s] -- Installing: /home/bojan/ros2_project_04/install/turtle_hunter_interfaces/include/turtle_hunter_interfaces/turtle_hunter_interfaces/msg/detail/turtle__rosidl_typesupport_introspection_cpp.hpp
[8.998s] -- Up-to-date: /home/bojan/ros2_project_04/install/turtle_hunter_interfaces/include/turtle_hunter_interfaces/turtle_hunter_interfaces/srv
[8.999s] -- Up-to-date: /home/bojan/ros2_project_04/install/turtle_hunter_interfaces/include/turtle_hunter_interfaces/turtle_hunter_interfaces/srv/detail
[8.999s] -- Installing: /home/bojan/ros2_project_04/install/turtle_hunter_interfaces/include/turtle_hunter_interfaces/turtle_hunter_interfaces/srv/detail/catch_turtle__rosidl_typesupport_introspection_cpp.hpp
[8.999s] -- Installing: /home/bojan/ros2_project_04/install/turtle_hunter_interfaces/include/turtle_hunter_interfaces/turtle_hunter_interfaces/srv/detail/catch_turtle__type_support.cpp
[8.999s] -- Installing: /home/bojan/ros2_project_04/install/turtle_hunter_interfaces/lib/libturtle_hunter_interfaces__rosidl_typesupport_introspection_cpp.so
[8.999s] -- Set runtime path of "/home/bojan/ros2_project_04/install/turtle_hunter_interfaces/lib/libturtle_hunter_interfaces__rosidl_typesupport_introspection_cpp.so" to ""
[8.999s] -- Installing: /home/bojan/ros2_project_04/install/turtle_hunter_interfaces/lib/libturtle_hunter_interfaces__rosidl_typesupport_cpp.so
[8.999s] -- Set runtime path of "/home/bojan/ros2_project_04/install/turtle_hunter_interfaces/lib/libturtle_hunter_interfaces__rosidl_typesupport_cpp.so" to ""
[8.999s] -- Up-to-date: /home/bojan/ros2_project_04/install/turtle_hunter_interfaces/share/turtle_hunter_interfaces/environment/pythonpath.sh
[8.999s] -- Installing: /home/bojan/ros2_project_04/install/turtle_hunter_interfaces/share/turtle_hunter_interfaces/environment/pythonpath.dsv
[8.999s] -- Up-to-date: /home/bojan/ros2_project_04/install/turtle_hunter_interfaces/local/lib/python3.10/dist-packages/turtle_hunter_interfaces-0.0.0-py3.10.egg-info
[9.000s] -- Installing: /home/bojan/ros2_project_04/install/turtle_hunter_interfaces/local/lib/python3.10/dist-packages/turtle_hunter_interfaces-0.0.0-py3.10.egg-info/PKG-INFO
[9.000s] -- Installing: /home/bojan/ros2_project_04/install/turtle_hunter_interfaces/local/lib/python3.10/dist-packages/turtle_hunter_interfaces-0.0.0-py3.10.egg-info/SOURCES.txt
[9.000s] -- Installing: /home/bojan/ros2_project_04/install/turtle_hunter_interfaces/local/lib/python3.10/dist-packages/turtle_hunter_interfaces-0.0.0-py3.10.egg-info/top_level.txt
[9.000s] -- Installing: /home/bojan/ros2_project_04/install/turtle_hunter_interfaces/local/lib/python3.10/dist-packages/turtle_hunter_interfaces-0.0.0-py3.10.egg-info/dependency_links.txt
[9.000s] -- Up-to-date: /home/bojan/ros2_project_04/install/turtle_hunter_interfaces/local/lib/python3.10/dist-packages/turtle_hunter_interfaces
[9.000s] -- Installing: /home/bojan/ros2_project_04/install/turtle_hunter_interfaces/local/lib/python3.10/dist-packages/turtle_hunter_interfaces/turtle_hunter_interfaces_s__rosidl_typesupport_c.cpython-310-x86_64-linux-gnu.so
[9.001s] -- Installing: /home/bojan/ros2_project_04/install/turtle_hunter_interfaces/local/lib/python3.10/dist-packages/turtle_hunter_interfaces/_turtle_hunter_interfaces_s.ep.rosidl_typesupport_c.c
[9.001s] -- Installing: /home/bojan/ros2_project_04/install/turtle_hunter_interfaces/local/lib/python3.10/dist-packages/turtle_hunter_interfaces/__init__.py
[9.001s] -- Installing: /home/bojan/ros2_project_04/install/turtle_hunter_interfaces/local/lib/python3.10/dist-packages/turtle_hunter_interfaces/_turtle_hunter_interfaces_s.ep.rosidl_typesupport_fastrtps_c.c
[9.001s] -- Installing: /home/bojan/ros2_project_04/install/turtle_hunter_interfaces/local/lib/python3.10/dist-packages/turtle_hunter_interfaces/_turtle_hunter_interfaces_s.ep.rosidl_typesupport_introspection_c.c
[9.001s] -- Installing: /home/bojan/ros2_project_04/install/turtle_hunter_interfaces/local/lib/python3.10/dist-packages/turtle_hunter_interfaces/libturtle_hunter_interfaces__rosidl_generator_py.so
[9.001s] -- Up-to-date: /home/bojan/ros2_project_04/install/turtle_hunter_interfaces/local/lib/python3.10/dist-packages/turtle_hunter_interfaces/msg
[9.001s] -- Installing: /home/bojan/ros2_project_04/install/turtle_hunter_interfaces/local/lib/python3.10/dist-packages/turtle_hunter_interfaces/msg/_turtle_s.c
[9.002s] -- Installing: /home/bojan/ros2_project_04/install/turtle_hunter_interfaces/local/lib/python3.10/dist-packages/turtle_hunter_interfaces/msg/__init__.py
[9.002s] -- Installing: /home/bojan/ros2_project_04/install/turtle_hunter_interfaces/local/lib/python3.10/dist-packages/turtle_hunter_interfaces/msg/_turtle.py
[9.002s] -- Installing: /home/bojan/ros2_project_04/install/turtle_hunter_interfaces/local/lib/python3.10/dist-packages/turtle_hunter_interfaces/msg/_turtle_array_s.c
[9.003s] -- Installing: /home/bojan/ros2_project_04/install/turtle_hunter_interfaces/local/lib/python3.10/dist-packages/turtle_hunter_interfaces/msg/_turtle_array.py
[9.003s] -- Installing: /home/bojan/ros2_project_04/install/turtle_hunter_interfaces/local/lib/python3.10/dist-packages/turtle_hunter_interfaces/srv
[9.003s] -- Installing: /home/bojan/ros2_project_04/install/turtle_hunter_interfaces/local/lib/python3.10/dist-packages/turtle_hunter_interfaces/srv/__init__.py
[9.003s] -- Installing: /home/bojan/ros2_project_04/install/turtle_hunter_interfaces/local/lib/python3.10/dist-packages/turtle_hunter_interfaces/srv/_catch_turtle.py
[9.003s] -- Installing: /home/bojan/ros2_project_04/install/turtle_hunter_interfaces/local/lib/python3.10/dist-packages/turtle_hunter_interfaces/srv/_catch_turtle_s.c
[9.003s] -- Installing: /home/bojan/ros2_project_04/install/turtle_hunter_interfaces/local/lib/python3.10/dist-packages/turtle_hunter_interfaces/turtle_hunter_interfaces_s__rosidl_typesupport_fastrtps_c.cpython-310-x86_64-linux-gnu.so
[9.003s] -- Installing: /home/bojan/ros2_project_04/install/turtle_hunter_interfaces/local/lib/python3.10/dist-packages/turtle_hunter_interfaces/turtle_hunter_interfaces_s__rosidl_typesupport_introspection_c.cpython-310-x86_64-linux-gnu.so
[9.073s] Listing '/home/bojan/ros2_project_04/install/turtle_hunter_interfaces/local/lib/python3.10/dist-packages/turtle_hunter_interfaces'...
[9.073s] Compiling '/home/bojan/ros2_project_04/install/turtle_hunter_interfaces/local/lib/python3.10/dist-packages/turtle_hunter_interfaces/__init__.py'...
[9.073s] Listing '/home/bojan/ros2_project_04/install/turtle_hunter_interfaces/local/lib/python3.10/dist-packages/turtle_hunter_interfaces/msg'...
[9.073s] Compiling '/home/bojan/ros2_project_04/install/turtle_hunter_interfaces/local/lib/python3.10/dist-packages/turtle_hunter_interfaces/msg/__init__.py'...
[9.073s] Compiling '/home/bojan/ros2_project_04/install/turtle_hunter_interfaces/local/lib/python3.10/dist-packages/turtle_hunter_interfaces/msg/_turtle.py'...
[9.073s] Compiling '/home/bojan/ros2_project_04/install/turtle_hunter_interfaces/local/lib/python3.10/dist-packages/turtle_hunter_interfaces/msg/_turtle_array.py'...
[9.073s] Listing '/home/bojan/ros2_project_04/install/turtle_hunter_interfaces/local/lib/python3.10/dist-packages/turtle_hunter_interfaces/srv'...
[9.074s] Compiling '/home/bojan/ros2_project_04/install/turtle_hunter_interfaces/local/lib/python3.10/dist-packages/turtle_hunter_interfaces/srv/__init__.py'...
[9.074s] Compiling '/home/bojan/ros2_project_04/install/turtle_hunter_interfaces/local/lib/python3.10/dist-packages/turtle_hunter_interfaces/srv/_catch_turtle.py'...
[9.089s] -- Installing: /home/bojan/ros2_project_04/install/turtle_hunter_interfaces/local/lib/python3.10/dist-packages/turtle_hunter_interfaces/turtle_hunter_interfaces_s__rosidl_typesupport_fastrtps_c.cpython-310-x86_64-linux-gnu.so
[9.089s] -- Set runtime path of "/home/bojan/ros2_project_04/install/turtle_hunter_interfaces/local/lib/python3.10/dist-packages/turtle_hunter_interfaces/turtle_hunter_interfaces_s__rosidl_typesupport_fastrtps_c.cpython-310-x86_64-linux-gnu.so" to ""
[9.090s] -- Installing: /home/bojan/ros2_project_04/install/turtle_hunter_interfaces/local/lib/python3.10/dist-packages/turtle_hunter_interfaces/turtle_hunter_interfaces_s__rosidl_typesupport_introspection_c.cpython-310-x86_64-linux-gnu.so
[9.090s] -- Set runtime path of "/home/bojan/ros2_project_04/install/turtle_hunter_interfaces/local/lib/python3.10/dist-packages/turtle_hunter_interfaces/turtle_hunter_interfaces_s__rosidl_typesupport_introspection_c.cpython-310-x86_64-linux-gnu.so" to ""
[9.090s] -- Installing: /home/bojan/ros2_project_04/install/turtle_hunter_interfaces/local/lib/python3.10/dist-packages/turtle_hunter_interfaces/turtle_hunter_interfaces_s__rosidl_typesupport_c.cpython-310-x86_64-linux-gnu.so
[9.090s] -- Set runtime path of "/home/bojan/ros2_project_04/install/turtle_hunter_interfaces/local/lib/python3.10/dist-packages/turtle_hunter_interfaces/turtle_hunter_interfaces_s__rosidl_typesupport_c.cpython-310-x86_64-linux-gnu.so" to ""
[9.091s] -- Installing: /home/bojan/ros2_project_04/install/turtle_hunter_interfaces/lib/libturtle_hunter_interfaces__rosidl_generator_py.so
[9.091s] -- Set runtime path of "/home/bojan/ros2_project_04/install/turtle_hunter_interfaces/lib/libturtle_hunter_interfaces__rosidl_generator_py.so" to ""
[9.091s] -- Up-to-date: /home/bojan/ros2_project_04/install/turtle_hunter_interfaces/share/turtle_hunter_interfaces/msg/Turtle.idl
[9.091s] -- Up-to-date: /home/bojan/ros2_project_04/install/turtle_hunter_interfaces/share/turtle_hunter_interfaces/msg/TurtleArray.idl
[9.091s] -- Installing: /home/bojan/ros2_project_04/install/turtle_hunter_interfaces/share/turtle_hunter_interfaces/srv/CatchTurtle.idl
[9.092s] -- Up-to-date: /home/bojan/ros2_project_04/install/turtle_hunter_interfaces/share/turtle_hunter_interfaces/msg/Turtle.msg
[9.092s] -- Up-to-date: /home/bojan/ros2_project_04/install/turtle_hunter_interfaces/share/turtle_hunter_interfaces/msg/TurtleArray.msg
[9.092s] -- Installing: /home/bojan/ros2_project_04/install/turtle_hunter_interfaces/share/turtle_hunter_interfaces/srv/CatchTurtle.srv
[9.092s] -- Installing: /home/bojan/ros2_project_04/install/turtle_hunter_interfaces/share/turtle_hunter_interfaces/srv/CatchTurtle_Request.msg
[9.093s] -- Installing: /home/bojan/ros2_project_04/install/turtle_hunter_interfaces/share/turtle_hunter_interfaces/srv/CatchTurtle_Response.msg
[9.093s] -- Up-to-date: /home/bojan/ros2_project_04/install/turtle_hunter_interfaces/share/ament_index/resource_index/package_run_dependencies/turtle_hunter_interfaces
[9.093s] -- Installing: /home/bojan/ros2_project_04/install/turtle_hunter_interfaces/share/ament_index/resource_index/parent_prefix_path/turtle_hunter_interfaces
[9.093s] -- Up-to-date: /home/bojan/ros2_project_04/install/turtle_hunter_interfaces/share/turtle_hunter_interfaces/environment/ament_prefix_path.sh
[9.094s] -- Installing: /home/bojan/ros2_project_04/install/turtle_hunter_interfaces/share/turtle_hunter_interfaces/environment/ament_prefix_path.dsv
[9.094s] -- Up-to-date: /home/bojan/ros2_project_04/install/turtle_hunter_interfaces/share/turtle_hunter_interfaces/environment/path.sh
[9.099s] -- Installing: /home/bojan/ros2_project_04/install/turtle_hunter_interfaces/share/turtle_hunter_interfaces/environment/path.dsv
[9.099s] -- Up-to-date: /home/bojan/ros2_project_04/install/turtle_hunter_interfaces/share/turtle_hunter_interfaces/local_setup.bash
[9.099s] -- Up-to-date: /home/bojan/ros2_project_04/install/turtle_hunter_interfaces/share/turtle_hunter_interfaces/local_setup.sh
[9.099s] -- Up-to-date: /home/bojan/ros2_project_04/install/turtle_hunter_interfaces/share/turtle_hunter_interfaces/local_setup.zsh
[9.100s] -- Installing: /home/bojan/ros2_project_04/install/turtle_hunter_interfaces/share/turtle_hunter_interfaces/local_setup.dsv
[9.100s] -- Installing: /home/bojan/ros2_project_04/install/turtle_hunter_interfaces/share/turtle_hunter_interfaces/package.dsv
[9.100s] -- Up-to-date: /home/bojan/ros2_project_04/install/turtle_hunter_interfaces/share/ament_index/resource_index/packages/turtle_hunter_interfaces
[9.100s] -- Up-to-date: /home/bojan/ros2_project_04/install/turtle_hunter_interfaces/share/turtle_hunter_interfaces/cmake/export_turtle_hunter_interfaces__rosidl_generator_cExport.cmake
[9.100s] -- Up-to-date: /home/bojan/ros2_project_04/install/turtle_hunter_interfaces/share/turtle_hunter_interfaces/cmake/export_turtle_hunter_interfaces__rosidl_generator_cExport-noconfig.cmake
[9.101s] -- Up-to-date: /home/bojan/ros2_project_04/install/turtle_hunter_interfaces/share/turtle_hunter_interfaces/cmake/export_turtle_hunter_interfaces__rosidl_typesupport_fastrtps_cExport.cmake
[9.101s] -- Up-to-date: /home/bojan/ros2_project_04/install/turtle_hunter_interfaces/share/turtle_hunter_interfaces/cmake/export_turtle_hunter_interfaces__rosidl_typesupport_fastrtps_cExport-noconfig.cmake
[9.101s] -- Up-to-date: /home/bojan/ros2_project_04/install/turtle_hunter_interfaces/share/turtle_hunter_interfaces/cmake/turtle_hunter_interfaces__rosidl_typesupport_introspection_cExport.cmake
[9.101s] -- Up-to-date: /home/bojan/ros2_project_04/install/turtle_hunter_interfaces/share/turtle_hunter_interfaces/cmake/turtle_hunter_interfaces__rosidl_typesupport_introspection_cExport-noconfig.cmake
[9.101s] -- Up-to-date: /home/bojan/ros2_project_04/install/turtle_hunter_interfaces/share/turtle_hunter_interfaces/cmake/turtle_hunter_interfaces__rosidl_typesupport_cExport.cmake
[9.101s] -- Up-to-date: /home/bojan/ros2_project_04/install/turtle_hunter_interfaces/share/turtle_hunter_interfaces/cmake/turtle_hunter_interfaces__rosidl_typesupport_cExport-noconfig.cmake
[9.101s] -- Up-to-date: /home/bojan/ros2_project_04/install/turtle_hunter_interfaces/share/turtle_hunter_interfaces/cmake/export_turtle_hunter_interfaces__rosidl_generator_cppExport.cmake
[9.101s] -- Up-to-date: /home/bojan/ros2_project_04/install/turtle_hunter_interfaces/share/turtle_hunter_interfaces/cmake/export_turtle_hunter_interfaces__rosidl_typesupport_fastrtps_cppExport.cmake
[9.102s] -- Up-to-date: /home/bojan/ros2_project_04/install/turtle_hunter_interfaces/share/turtle_hunter_interfaces/cmake/export_turtle_hunter_interfaces__rosidl_typesupport_fastrtps_cppExport-noconfig.cmake
[9.102s] -- Up-to-date: /home/bojan/ros2_project_04/install/turtle_hunter_interfaces/share/turtle_hunter_interfaces/cmake/turtle_hunter_interfaces__rosidl_typesupport_introspection_cppExport.cmake
[9.102s] -- Up-to-date: /home/bojan/ros2_project_04/install/turtle_hunter_interfaces/share/turtle_hunter_interfaces/cmake/turtle_hunter_interfaces__rosidl_typesupport_introspection_cppExport-noconfig.cmake
[9.102s] -- Up-to-date: /home/bojan/ros2_project_04/install/turtle_hunter_interfaces/share/turtle_hunter_interfaces/cmake/turtle_hunter_interfaces__rosidl_typesupport_cppExport.cmake
[9.102s] -- Up-to-date: /home/bojan/ros2_project_04/install/turtle_hunter_interfaces/share/turtle_hunter_interfaces/cmake/turtle_hunter_interfaces__rosidl_typesupport_cppExport-noconfig.cmake
[9.102s] -- Up-to-date: /home/bojan/ros2_project_04/install/turtle_hunter_interfaces/share/turtle_hunter_interfaces/cmake/export_turtle_hunter_interfaces__rosidl_generator_pyExport.cmake
[9.102s] -- Up-to-date: /home/bojan/ros2_project_04/install/turtle_hunter_interfaces/share/turtle_hunter_interfaces/cmake/export_turtle_hunter_interfaces__rosidl_generator_pyExport-noconfig.cmake
[9.102s] -- Installing: /home/bojan/ros2_project_04/install/turtle_hunter_interfaces/share/turtle_hunter_interfaces/cmake/rosidl_cmake-extras.cmake
[9.102s] -- Up-to-date: /home/bojan/ros2_project_04/install/turtle_hunter_interfaces/share/turtle_hunter_interfaces/cmake/ament_cmake_export_include_directories-extras.cmake
[9.102s] -- Up-to-date: /home/bojan/ros2_project_04/install/turtle_hunter_interfaces/share/turtle_hunter_interfaces/cmake/ament_cmake_export_libraries-extras.cmake
[9.102s] -- Up-to-date: /home/bojan/ros2_project_04/install/turtle_hunter_interfaces/share/turtle_hunter_interfaces/cmake/ament_cmake_export_targets-extras.cmake
[9.102s] -- Up-to-date: /home/bojan/ros2_project_04/install/turtle_hunter_interfaces/share/turtle_hunter_interfaces/cmake/rosidl_cmake_export_typesupport_targets-extras.cmake
[9.103s] -- Up-to-date: /home/bojan/ros2_project_04/install/turtle_hunter_interfaces/share/turtle_hunter_interfaces/cmake/ament_cmake_export_dependencies-extras.cmake
[9.103s] -- Up-to-date: /home/bojan/ros2_project_04/install/turtle_hunter_interfaces/share/turtle_hunter_interfaces/cmake/rosidl_cmake_export_typesupport_libraries-extras.cmake
[9.103s] -- Up-to-date: /home/bojan/ros2_project_04/install/turtle_hunter_interfaces/share/turtle_hunter_interfaces/cmake/turtle_hunter_interfacesConfig.cmake
[9.103s] -- Up-to-date: /home/bojan/ros2_project_04/install/turtle_hunter_interfaces/share/turtle_hunter_interfaces/cmake/turtle_hunter_interfacesConfig-version.cmake
[9.103s] -- Up-to-date: /home/bojan/ros2_project_04/install/turtle_hunter_interfaces/share/turtle_hunter_interfaces/package.xml
[9.109s] Invoked command in '/home/bojan/ros2_project_04/build/turtle_hunter_interfaces' returned '0': CMAKE_PREFIX_PATH=${CMAKE_PREFIX_PATH}:/home/bojan/ros2_project_04/install/turtle_hunter:/home/bojan/ros2_project_03/install/robot_media:/home/bojan/ros2_project_01/install/robot_pkg_py:/home/bojan/ros2_project_01/install/num_pkg_py:/opt/ros/humble WSLENV=ELECTRON_RUN_AS_NODE/w: /usr/bin/cmake --install /home/bojan/ros2_project_04/build/turtle_hunter_interfaces
