[0.730s] DEBUG:colcon:Command line arguments: ['/usr/bin/colcon', 'build', '--packages-select', 'turtle_hunter_interfaces']
[0.730s] DEBUG:colcon:Parsed command line arguments: Namespace(log_base=None, log_level=None, verb_name='build', build_base='build', install_base='install', merge_install=False, symlink_install=False, test_result_base=None, continue_on_error=False, executor='parallel', parallel_workers=16, event_handlers=None, ignore_user_meta=False, metas=['./colcon.meta'], base_paths=['.'], packages_ignore=None, packages_ignore_regex=None, paths=None, packages_up_to=None, packages_up_to_regex=None, packages_above=None, packages_above_and_dependencies=None, packages_above_depth=None, packages_select_by_dep=None, packages_skip_by_dep=None, packages_skip_up_to=None, packages_select_build_failed=False, packages_skip_build_finished=False, packages_select_test_failures=False, packages_skip_test_passed=False, packages_select=['turtle_hunter_interfaces'], packages_skip=None, packages_select_regex=None, packages_skip_regex=None, packages_start=None, packages_end=None, allow_overriding=[], cmake_args=None, cmake_target=None, cmake_target_skip_unavailable=False, cmake_clean_cache=False, cmake_clean_first=False, cmake_force_configure=False, ament_cmake_args=None, catkin_cmake_args=None, catkin_skip_building_tests=False, verb_parser=<colcon_defaults.argument_parser.defaults.DefaultArgumentsDecorator object at 0x7f935d381120>, verb_extension=<colcon_core.verb.build.BuildVerb object at 0x7f935dcf4a60>, main=<bound method BuildVerb.main of <colcon_core.verb.build.BuildVerb object at 0x7f935dcf4a60>>)
[0.781s] Level 1:colcon.colcon_core.package_discovery:discover_packages(colcon_meta) check parameters
[0.781s] Level 1:colcon.colcon_core.package_discovery:discover_packages(recursive) check parameters
[0.781s] Level 1:colcon.colcon_core.package_discovery:discover_packages(ignore) check parameters
[0.781s] Level 1:colcon.colcon_core.package_discovery:discover_packages(path) check parameters
[0.781s] Level 1:colcon.colcon_core.package_discovery:discover_packages(colcon_meta) discover
[0.781s] Level 1:colcon.colcon_core.package_discovery:discover_packages(recursive) discover
[0.781s] INFO:colcon.colcon_core.package_discovery:Crawling recursively for packages in '/home/bojan/ros2_project_04'
[0.781s] Level 1:colcon.colcon_core.package_identification:_identify(.) by extensions ['ignore', 'ignore_ament_install']
[0.781s] Level 1:colcon.colcon_core.package_identification:_identify(.) by extension 'ignore'
[0.781s] Level 1:colcon.colcon_core.package_identification:_identify(.) by extension 'ignore_ament_install'
[0.781s] Level 1:colcon.colcon_core.package_identification:_identify(.) by extensions ['colcon_pkg']
[0.781s] Level 1:colcon.colcon_core.package_identification:_identify(.) by extension 'colcon_pkg'
[0.781s] Level 1:colcon.colcon_core.package_identification:_identify(.) by extensions ['colcon_meta']
[0.782s] Level 1:colcon.colcon_core.package_identification:_identify(.) by extension 'colcon_meta'
[0.782s] Level 1:colcon.colcon_core.package_identification:_identify(.) by extensions ['ros']
[0.782s] Level 1:colcon.colcon_core.package_identification:_identify(.) by extension 'ros'
[0.802s] Level 1:colcon.colcon_core.package_identification:_identify(.) by extensions ['cmake', 'python']
[0.803s] Level 1:colcon.colcon_core.package_identification:_identify(.) by extension 'cmake'
[0.803s] Level 1:colcon.colcon_core.package_identification:_identify(.) by extension 'python'
[0.803s] Level 1:colcon.colcon_core.package_identification:_identify(.) by extensions ['python_setup_py']
[0.803s] Level 1:colcon.colcon_core.package_identification:_identify(.) by extension 'python_setup_py'
[0.803s] Level 1:colcon.colcon_core.package_identification:_identify(build) by extensions ['ignore', 'ignore_ament_install']
[0.803s] Level 1:colcon.colcon_core.package_identification:_identify(build) by extension 'ignore'
[0.803s] Level 1:colcon.colcon_core.package_identification:_identify(build) ignored
[0.804s] Level 1:colcon.colcon_core.package_identification:_identify(install) by extensions ['ignore', 'ignore_ament_install']
[0.804s] Level 1:colcon.colcon_core.package_identification:_identify(install) by extension 'ignore'
[0.804s] Level 1:colcon.colcon_core.package_identification:_identify(install) ignored
[0.804s] Level 1:colcon.colcon_core.package_identification:_identify(log) by extensions ['ignore', 'ignore_ament_install']
[0.804s] Level 1:colcon.colcon_core.package_identification:_identify(log) by extension 'ignore'
[0.804s] Level 1:colcon.colcon_core.package_identification:_identify(log) ignored
[0.808s] Level 1:colcon.colcon_core.package_identification:_identify(src) by extensions ['ignore', 'ignore_ament_install']
[0.809s] Level 1:colcon.colcon_core.package_identification:_identify(src) by extension 'ignore'
[0.809s] Level 1:colcon.colcon_core.package_identification:_identify(src) by extension 'ignore_ament_install'
[0.809s] Level 1:colcon.colcon_core.package_identification:_identify(src) by extensions ['colcon_pkg']
[0.809s] Level 1:colcon.colcon_core.package_identification:_identify(src) by extension 'colcon_pkg'
[0.809s] Level 1:colcon.colcon_core.package_identification:_identify(src) by extensions ['colcon_meta']
[0.809s] Level 1:colcon.colcon_core.package_identification:_identify(src) by extension 'colcon_meta'
[0.809s] Level 1:colcon.colcon_core.package_identification:_identify(src) by extensions ['ros']
[0.809s] Level 1:colcon.colcon_core.package_identification:_identify(src) by extension 'ros'
[0.810s] Level 1:colcon.colcon_core.package_identification:_identify(src) by extensions ['cmake', 'python']
[0.810s] Level 1:colcon.colcon_core.package_identification:_identify(src) by extension 'cmake'
[0.810s] Level 1:colcon.colcon_core.package_identification:_identify(src) by extension 'python'
[0.810s] Level 1:colcon.colcon_core.package_identification:_identify(src) by extensions ['python_setup_py']
[0.810s] Level 1:colcon.colcon_core.package_identification:_identify(src) by extension 'python_setup_py'
[0.810s] Level 1:colcon.colcon_core.package_identification:_identify(src/turtle_hunter) by extensions ['ignore', 'ignore_ament_install']
[0.810s] Level 1:colcon.colcon_core.package_identification:_identify(src/turtle_hunter) by extension 'ignore'
[0.810s] Level 1:colcon.colcon_core.package_identification:_identify(src/turtle_hunter) by extension 'ignore_ament_install'
[0.810s] Level 1:colcon.colcon_core.package_identification:_identify(src/turtle_hunter) by extensions ['colcon_pkg']
[0.810s] Level 1:colcon.colcon_core.package_identification:_identify(src/turtle_hunter) by extension 'colcon_pkg'
[0.810s] Level 1:colcon.colcon_core.package_identification:_identify(src/turtle_hunter) by extensions ['colcon_meta']
[0.810s] Level 1:colcon.colcon_core.package_identification:_identify(src/turtle_hunter) by extension 'colcon_meta'
[0.810s] Level 1:colcon.colcon_core.package_identification:_identify(src/turtle_hunter) by extensions ['ros']
[0.810s] Level 1:colcon.colcon_core.package_identification:_identify(src/turtle_hunter) by extension 'ros'
[0.813s] DEBUG:colcon.colcon_core.package_identification:Package 'src/turtle_hunter' with type 'ros.ament_python' and name 'turtle_hunter'
[0.813s] Level 1:colcon.colcon_core.package_identification:_identify(src/turtle_hunter_interfaces) by extensions ['ignore', 'ignore_ament_install']
[0.813s] Level 1:colcon.colcon_core.package_identification:_identify(src/turtle_hunter_interfaces) by extension 'ignore'
[0.813s] Level 1:colcon.colcon_core.package_identification:_identify(src/turtle_hunter_interfaces) by extension 'ignore_ament_install'
[0.814s] Level 1:colcon.colcon_core.package_identification:_identify(src/turtle_hunter_interfaces) by extensions ['colcon_pkg']
[0.814s] Level 1:colcon.colcon_core.package_identification:_identify(src/turtle_hunter_interfaces) by extension 'colcon_pkg'
[0.814s] Level 1:colcon.colcon_core.package_identification:_identify(src/turtle_hunter_interfaces) by extensions ['colcon_meta']
[0.814s] Level 1:colcon.colcon_core.package_identification:_identify(src/turtle_hunter_interfaces) by extension 'colcon_meta'
[0.814s] Level 1:colcon.colcon_core.package_identification:_identify(src/turtle_hunter_interfaces) by extensions ['ros']
[0.814s] Level 1:colcon.colcon_core.package_identification:_identify(src/turtle_hunter_interfaces) by extension 'ros'
[0.818s] DEBUG:colcon.colcon_core.package_identification:Package 'src/turtle_hunter_interfaces' with type 'ros.ament_cmake' and name 'turtle_hunter_interfaces'
[0.818s] Level 1:colcon.colcon_core.package_discovery:discover_packages(recursive) using defaults
[0.818s] Level 1:colcon.colcon_core.package_discovery:discover_packages(ignore) discover
[0.818s] Level 1:colcon.colcon_core.package_discovery:discover_packages(ignore) using defaults
[0.818s] Level 1:colcon.colcon_core.package_discovery:discover_packages(path) discover
[0.818s] Level 1:colcon.colcon_core.package_discovery:discover_packages(path) using defaults
[0.863s] INFO:colcon.colcon_core.package_selection:Skipping not selected package 'turtle_hunter' in 'src/turtle_hunter'
[0.863s] Level 1:colcon.colcon_core.package_discovery:discover_packages(prefix_path) check parameters
[0.863s] Level 1:colcon.colcon_core.package_discovery:discover_packages(prefix_path) discover
[0.870s] DEBUG:colcon.colcon_installed_package_information.package_discovery:Found 2 installed packages in /home/bojan/ros2_project_04/install
[0.871s] DEBUG:colcon.colcon_installed_package_information.package_discovery:Found 2 installed packages in /home/bojan/ros2_project_03/install
[0.872s] DEBUG:colcon.colcon_installed_package_information.package_discovery:Found 3 installed packages in /home/bojan/ros2_project_02/install
[0.873s] DEBUG:colcon.colcon_installed_package_information.package_discovery:Found 5 installed packages in /home/bojan/ros2_project_01/install
[0.874s] DEBUG:colcon.colcon_installed_package_information.package_discovery:Found 270 installed packages in /opt/ros/humble
[0.879s] Level 1:colcon.colcon_core.package_discovery:discover_packages(prefix_path) using defaults
[0.971s] Level 5:colcon.colcon_core.verb:set package 'turtle_hunter_interfaces' build argument 'cmake_args' from command line to 'None'
[0.971s] Level 5:colcon.colcon_core.verb:set package 'turtle_hunter_interfaces' build argument 'cmake_target' from command line to 'None'
[0.971s] Level 5:colcon.colcon_core.verb:set package 'turtle_hunter_interfaces' build argument 'cmake_target_skip_unavailable' from command line to 'False'
[0.971s] Level 5:colcon.colcon_core.verb:set package 'turtle_hunter_interfaces' build argument 'cmake_clean_cache' from command line to 'False'
[0.971s] Level 5:colcon.colcon_core.verb:set package 'turtle_hunter_interfaces' build argument 'cmake_clean_first' from command line to 'False'
[0.971s] Level 5:colcon.colcon_core.verb:set package 'turtle_hunter_interfaces' build argument 'cmake_force_configure' from command line to 'False'
[0.971s] Level 5:colcon.colcon_core.verb:set package 'turtle_hunter_interfaces' build argument 'ament_cmake_args' from command line to 'None'
[0.971s] Level 5:colcon.colcon_core.verb:set package 'turtle_hunter_interfaces' build argument 'catkin_cmake_args' from command line to 'None'
[0.971s] Level 5:colcon.colcon_core.verb:set package 'turtle_hunter_interfaces' build argument 'catkin_skip_building_tests' from command line to 'False'
[0.971s] DEBUG:colcon.colcon_core.verb:Building package 'turtle_hunter_interfaces' with the following arguments: {'ament_cmake_args': None, 'build_base': '/home/bojan/ros2_project_04/build/turtle_hunter_interfaces', 'catkin_cmake_args': None, 'catkin_skip_building_tests': False, 'cmake_args': None, 'cmake_clean_cache': False, 'cmake_clean_first': False, 'cmake_force_configure': False, 'cmake_target': None, 'cmake_target_skip_unavailable': False, 'install_base': '/home/bojan/ros2_project_04/install/turtle_hunter_interfaces', 'merge_install': False, 'path': '/home/bojan/ros2_project_04/src/turtle_hunter_interfaces', 'symlink_install': False, 'test_result_base': None}
[0.972s] INFO:colcon.colcon_core.executor:Executing jobs using 'parallel' executor
[0.981s] DEBUG:colcon.colcon_parallel_executor.executor.parallel:run_until_complete
[0.982s] INFO:colcon.colcon_ros.task.ament_cmake.build:Building ROS package in '/home/bojan/ros2_project_04/src/turtle_hunter_interfaces' with build type 'ament_cmake'
[0.982s] INFO:colcon.colcon_cmake.task.cmake.build:Building CMake package in '/home/bojan/ros2_project_04/src/turtle_hunter_interfaces'
[0.999s] INFO:colcon.colcon_core.plugin_system:Skipping extension 'colcon_core.shell.bat': Not used on non-Windows systems
[0.999s] INFO:colcon.colcon_core.shell:Skip shell extension 'powershell' for command environment: Not usable outside of PowerShell
[0.999s] DEBUG:colcon.colcon_core.shell:Skip shell extension 'dsv' for command environment
[1.040s] DEBUG:colcon.colcon_core.event_handler.log_command:Invoking command in '/home/bojan/ros2_project_04/build/turtle_hunter_interfaces': CMAKE_PREFIX_PATH=${CMAKE_PREFIX_PATH}:/home/bojan/ros2_project_04/install/turtle_hunter:/home/bojan/ros2_project_03/install/robot_media:/home/bojan/ros2_project_01/install/robot_pkg_py:/home/bojan/ros2_project_01/install/num_pkg_py:/opt/ros/humble WSLENV=ELECTRON_RUN_AS_NODE/w: /usr/bin/cmake --build /home/bojan/ros2_project_04/build/turtle_hunter_interfaces -- -j16 -l16
[1.753s] DEBUG:colcon.colcon_core.event_handler.log_command:Invoked command in '/home/bojan/ros2_project_04/build/turtle_hunter_interfaces' returned '0': CMAKE_PREFIX_PATH=${CMAKE_PREFIX_PATH}:/home/bojan/ros2_project_04/install/turtle_hunter:/home/bojan/ros2_project_03/install/robot_media:/home/bojan/ros2_project_01/install/robot_pkg_py:/home/bojan/ros2_project_01/install/num_pkg_py:/opt/ros/humble WSLENV=ELECTRON_RUN_AS_NODE/w: /usr/bin/cmake --build /home/bojan/ros2_project_04/build/turtle_hunter_interfaces -- -j16 -l16
[1.939s] DEBUG:colcon.colcon_core.event_handler.log_command:Invoking command in '/home/bojan/ros2_project_04/build/turtle_hunter_interfaces': CMAKE_PREFIX_PATH=${CMAKE_PREFIX_PATH}:/home/bojan/ros2_project_04/install/turtle_hunter:/home/bojan/ros2_project_03/install/robot_media:/home/bojan/ros2_project_01/install/robot_pkg_py:/home/bojan/ros2_project_01/install/num_pkg_py:/opt/ros/humble WSLENV=ELECTRON_RUN_AS_NODE/w: /usr/bin/cmake --install /home/bojan/ros2_project_04/build/turtle_hunter_interfaces
[2.092s] Level 1:colcon.colcon_core.environment:create_environment_scripts_only(turtle_hunter_interfaces)
[2.098s] DEBUG:colcon.colcon_core.event_handler.log_command:Invoked command in '/home/bojan/ros2_project_04/build/turtle_hunter_interfaces' returned '0': CMAKE_PREFIX_PATH=${CMAKE_PREFIX_PATH}:/home/bojan/ros2_project_04/install/turtle_hunter:/home/bojan/ros2_project_03/install/robot_media:/home/bojan/ros2_project_01/install/robot_pkg_py:/home/bojan/ros2_project_01/install/num_pkg_py:/opt/ros/humble WSLENV=ELECTRON_RUN_AS_NODE/w: /usr/bin/cmake --install /home/bojan/ros2_project_04/build/turtle_hunter_interfaces
[2.118s] Level 1:colcon.colcon_core.environment:checking '/home/bojan/ros2_project_04/install/turtle_hunter_interfaces' for CMake module files
[2.119s] Level 1:colcon.colcon_core.environment:checking '/home/bojan/ros2_project_04/install/turtle_hunter_interfaces' for CMake config files
[2.120s] Level 1:colcon.colcon_core.shell:create_environment_hook('turtle_hunter_interfaces', 'cmake_prefix_path')
[2.122s] INFO:colcon.colcon_core.shell:Creating environment hook '/home/bojan/ros2_project_04/install/turtle_hunter_interfaces/share/turtle_hunter_interfaces/hook/cmake_prefix_path.ps1'
[2.123s] INFO:colcon.colcon_core.shell:Creating environment descriptor '/home/bojan/ros2_project_04/install/turtle_hunter_interfaces/share/turtle_hunter_interfaces/hook/cmake_prefix_path.dsv'
[2.123s] INFO:colcon.colcon_core.shell:Creating environment hook '/home/bojan/ros2_project_04/install/turtle_hunter_interfaces/share/turtle_hunter_interfaces/hook/cmake_prefix_path.sh'
[2.124s] Level 1:colcon.colcon_core.environment:checking '/home/bojan/ros2_project_04/install/turtle_hunter_interfaces/lib'
[2.128s] Level 1:colcon.colcon_core.shell:create_environment_hook('turtle_hunter_interfaces', 'ld_library_path_lib')
[2.129s] INFO:colcon.colcon_core.shell:Creating environment hook '/home/bojan/ros2_project_04/install/turtle_hunter_interfaces/share/turtle_hunter_interfaces/hook/ld_library_path_lib.ps1'
[2.130s] INFO:colcon.colcon_core.shell:Creating environment descriptor '/home/bojan/ros2_project_04/install/turtle_hunter_interfaces/share/turtle_hunter_interfaces/hook/ld_library_path_lib.dsv'
[2.130s] INFO:colcon.colcon_core.shell:Creating environment hook '/home/bojan/ros2_project_04/install/turtle_hunter_interfaces/share/turtle_hunter_interfaces/hook/ld_library_path_lib.sh'
[2.131s] Level 1:colcon.colcon_core.environment:checking '/home/bojan/ros2_project_04/install/turtle_hunter_interfaces/bin'
[2.131s] Level 1:colcon.colcon_core.environment:checking '/home/bojan/ros2_project_04/install/turtle_hunter_interfaces/lib/pkgconfig/turtle_hunter_interfaces.pc'
[2.131s] Level 1:colcon.colcon_core.environment:checking '/home/bojan/ros2_project_04/install/turtle_hunter_interfaces/lib/python3.10/site-packages'
[2.131s] Level 1:colcon.colcon_core.environment:checking '/home/bojan/ros2_project_04/install/turtle_hunter_interfaces/bin'
[2.133s] INFO:colcon.colcon_core.shell:Creating package script '/home/bojan/ros2_project_04/install/turtle_hunter_interfaces/share/turtle_hunter_interfaces/package.ps1'
[2.133s] INFO:colcon.colcon_core.shell:Creating package descriptor '/home/bojan/ros2_project_04/install/turtle_hunter_interfaces/share/turtle_hunter_interfaces/package.dsv'
[2.134s] INFO:colcon.colcon_core.shell:Creating package script '/home/bojan/ros2_project_04/install/turtle_hunter_interfaces/share/turtle_hunter_interfaces/package.sh'
[2.139s] INFO:colcon.colcon_core.shell:Creating package script '/home/bojan/ros2_project_04/install/turtle_hunter_interfaces/share/turtle_hunter_interfaces/package.bash'
[2.139s] INFO:colcon.colcon_core.shell:Creating package script '/home/bojan/ros2_project_04/install/turtle_hunter_interfaces/share/turtle_hunter_interfaces/package.zsh'
[2.140s] Level 1:colcon.colcon_core.environment:create_file_with_runtime_dependencies(/home/bojan/ros2_project_04/install/turtle_hunter_interfaces/share/colcon-core/packages/turtle_hunter_interfaces)
[2.333s] Level 1:colcon.colcon_core.environment:create_environment_scripts_only(turtle_hunter_interfaces)
[2.339s] Level 1:colcon.colcon_core.environment:checking '/home/bojan/ros2_project_04/install/turtle_hunter_interfaces' for CMake module files
[2.340s] Level 1:colcon.colcon_core.environment:checking '/home/bojan/ros2_project_04/install/turtle_hunter_interfaces' for CMake config files
[2.340s] Level 1:colcon.colcon_core.shell:create_environment_hook('turtle_hunter_interfaces', 'cmake_prefix_path')
[2.342s] INFO:colcon.colcon_core.shell:Creating environment hook '/home/bojan/ros2_project_04/install/turtle_hunter_interfaces/share/turtle_hunter_interfaces/hook/cmake_prefix_path.ps1'
[2.342s] INFO:colcon.colcon_core.shell:Creating environment descriptor '/home/bojan/ros2_project_04/install/turtle_hunter_interfaces/share/turtle_hunter_interfaces/hook/cmake_prefix_path.dsv'
[2.343s] INFO:colcon.colcon_core.shell:Creating environment hook '/home/bojan/ros2_project_04/install/turtle_hunter_interfaces/share/turtle_hunter_interfaces/hook/cmake_prefix_path.sh'
[2.344s] Level 1:colcon.colcon_core.environment:checking '/home/bojan/ros2_project_04/install/turtle_hunter_interfaces/lib'
[2.344s] Level 1:colcon.colcon_core.shell:create_environment_hook('turtle_hunter_interfaces', 'ld_library_path_lib')
[2.349s] INFO:colcon.colcon_core.shell:Creating environment hook '/home/bojan/ros2_project_04/install/turtle_hunter_interfaces/share/turtle_hunter_interfaces/hook/ld_library_path_lib.ps1'
[2.350s] INFO:colcon.colcon_core.shell:Creating environment descriptor '/home/bojan/ros2_project_04/install/turtle_hunter_interfaces/share/turtle_hunter_interfaces/hook/ld_library_path_lib.dsv'
[2.351s] INFO:colcon.colcon_core.shell:Creating environment hook '/home/bojan/ros2_project_04/install/turtle_hunter_interfaces/share/turtle_hunter_interfaces/hook/ld_library_path_lib.sh'
[2.351s] Level 1:colcon.colcon_core.environment:checking '/home/bojan/ros2_project_04/install/turtle_hunter_interfaces/bin'
[2.351s] Level 1:colcon.colcon_core.environment:checking '/home/bojan/ros2_project_04/install/turtle_hunter_interfaces/lib/pkgconfig/turtle_hunter_interfaces.pc'
[2.352s] Level 1:colcon.colcon_core.environment:checking '/home/bojan/ros2_project_04/install/turtle_hunter_interfaces/lib/python3.10/site-packages'
[2.352s] Level 1:colcon.colcon_core.environment:checking '/home/bojan/ros2_project_04/install/turtle_hunter_interfaces/bin'
[2.358s] INFO:colcon.colcon_core.shell:Creating package script '/home/bojan/ros2_project_04/install/turtle_hunter_interfaces/share/turtle_hunter_interfaces/package.ps1'
[2.359s] INFO:colcon.colcon_core.shell:Creating package descriptor '/home/bojan/ros2_project_04/install/turtle_hunter_interfaces/share/turtle_hunter_interfaces/package.dsv'
[2.360s] INFO:colcon.colcon_core.shell:Creating package script '/home/bojan/ros2_project_04/install/turtle_hunter_interfaces/share/turtle_hunter_interfaces/package.sh'
[2.361s] INFO:colcon.colcon_core.shell:Creating package script '/home/bojan/ros2_project_04/install/turtle_hunter_interfaces/share/turtle_hunter_interfaces/package.bash'
[2.361s] INFO:colcon.colcon_core.shell:Creating package script '/home/bojan/ros2_project_04/install/turtle_hunter_interfaces/share/turtle_hunter_interfaces/package.zsh'
[2.362s] Level 1:colcon.colcon_core.environment:create_file_with_runtime_dependencies(/home/bojan/ros2_project_04/install/turtle_hunter_interfaces/share/colcon-core/packages/turtle_hunter_interfaces)
[2.362s] DEBUG:colcon.colcon_parallel_executor.executor.parallel:closing loop
[2.363s] DEBUG:colcon.colcon_parallel_executor.executor.parallel:loop closed
[2.363s] DEBUG:colcon.colcon_parallel_executor.executor.parallel:run_until_complete finished with '0'
[2.363s] DEBUG:colcon.colcon_core.event_reactor:joining thread
[2.488s] INFO:colcon.colcon_core.plugin_system:Skipping extension 'colcon_notification.desktop_notification.notify_send': Could not find 'notify-send'
[2.488s] INFO:colcon.colcon_core.plugin_system:Skipping extension 'colcon_notification.desktop_notification.terminal_notifier': Not used on non-Darwin systems
[2.488s] INFO:colcon.colcon_core.plugin_system:Skipping extension 'colcon_notification.desktop_notification.win32': Not used on non-Windows systems
[2.489s] INFO:colcon.colcon_notification.desktop_notification:Sending desktop notification using 'notify2'
[2.489s] DEBUG:colcon.colcon_notification.desktop_notification.notify2:Failed to initialize notify2: org.freedesktop.DBus.Error.FileNotFound: Failed to connect to socket /run/user/1000/bus: No such file or directory
[2.489s] DEBUG:colcon.colcon_core.event_reactor:joined thread
[2.491s] INFO:colcon.colcon_core.shell:Creating prefix script '/home/bojan/ros2_project_04/install/local_setup.ps1'
[2.492s] INFO:colcon.colcon_core.shell:Creating prefix util module '/home/bojan/ros2_project_04/install/_local_setup_util_ps1.py'
[2.494s] INFO:colcon.colcon_core.shell:Creating prefix chain script '/home/bojan/ros2_project_04/install/setup.ps1'
[2.499s] INFO:colcon.colcon_core.shell:Creating prefix script '/home/bojan/ros2_project_04/install/local_setup.sh'
[2.500s] INFO:colcon.colcon_core.shell:Creating prefix util module '/home/bojan/ros2_project_04/install/_local_setup_util_sh.py'
[2.501s] INFO:colcon.colcon_core.shell:Creating prefix chain script '/home/bojan/ros2_project_04/install/setup.sh'
[2.503s] INFO:colcon.colcon_core.shell:Creating prefix script '/home/bojan/ros2_project_04/install/local_setup.bash'
[2.504s] INFO:colcon.colcon_core.shell:Creating prefix chain script '/home/bojan/ros2_project_04/install/setup.bash'
[2.509s] INFO:colcon.colcon_core.shell:Creating prefix script '/home/bojan/ros2_project_04/install/local_setup.zsh'
[2.509s] INFO:colcon.colcon_core.shell:Creating prefix chain script '/home/bojan/ros2_project_04/install/setup.zsh'
