running develop
/usr/lib/python3/dist-packages/setuptools/command/easy_install.py:158: EasyInstallDeprecationWarning: easy_install command is deprecated. Use build and pip and other standards-based tools.
  warnings.warn(
/usr/lib/python3/dist-packages/setuptools/command/install.py:34: SetuptoolsDeprecationWarning: setup.py install is deprecated. Use build and pip and other standards-based tools.
  warnings.warn(
/usr/lib/python3/dist-packages/pkg_resources/__init__.py:116: PkgResourcesDeprecationWarning: 1.1build1 is an invalid version and will not be supported in a future release
  warnings.warn(
running egg_info
writing turtle_hunter.egg-info/PKG-INFO
writing dependency_links to turtle_hunter.egg-info/dependency_links.txt
writing entry points to turtle_hunter.egg-info/entry_points.txt
writing requirements to turtle_hunter.egg-info/requires.txt
writing top-level names to turtle_hunter.egg-info/top_level.txt
reading manifest file 'turtle_hunter.egg-info/SOURCES.txt'
writing manifest file 'turtle_hunter.egg-info/SOURCES.txt'
running build_ext
Creating /home/bojan/ros2_project_04/install/turtle_hunter/lib/python3.10/site-packages/turtle-hunter.egg-link (link to .)
Installing turtle_controller script to /home/bojan/ros2_project_04/install/turtle_hunter/lib/turtle_hunter
Installing turtle_spawner script to /home/bojan/ros2_project_04/install/turtle_hunter/lib/turtle_hunter

Installed /home/bojan/ros2_project_04/build/turtle_hunter
running install_data
copying package.xml -> /home/bojan/ros2_project_04/install/turtle_hunter/share/turtle_hunter
