[1.482s] Invoking command in '/home/bojan/ros2_project_04/build/turtle_hunter': PYTHONPATH=/home/bojan/ros2_project_04/build/turtle_hunter/prefix_override:/home/bojan/ros2_project_04/install/turtle_hunter/lib/python3.10/site-packages:${PYTHONPATH} WSLENV=ELECTRON_RUN_AS_NODE/w: /usr/bin/python3 setup.py develop --editable --build-directory /home/bojan/ros2_project_04/build/turtle_hunter/build --no-deps install_data
[2.054s] running develop
[2.060s] /usr/lib/python3/dist-packages/setuptools/command/easy_install.py:158: EasyInstallDeprecationWarning: easy_install command is deprecated. Use build and pip and other standards-based tools.
[2.060s]   warnings.warn(
[2.062s] /usr/lib/python3/dist-packages/setuptools/command/install.py:34: SetuptoolsDeprecationWarning: setup.py install is deprecated. Use build and pip and other standards-based tools.
[2.062s]   warnings.warn(
[2.170s] /usr/lib/python3/dist-packages/pkg_resources/__init__.py:116: PkgResourcesDeprecationWarning: 1.1build1 is an invalid version and will not be supported in a future release
[2.170s]   warnings.warn(
[2.340s] running egg_info
[2.340s] writing turtle_hunter.egg-info/PKG-INFO
[2.340s] writing dependency_links to turtle_hunter.egg-info/dependency_links.txt
[2.340s] writing entry points to turtle_hunter.egg-info/entry_points.txt
[2.340s] writing requirements to turtle_hunter.egg-info/requires.txt
[2.340s] writing top-level names to turtle_hunter.egg-info/top_level.txt
[2.340s] reading manifest file 'turtle_hunter.egg-info/SOURCES.txt'
[2.342s] writing manifest file 'turtle_hunter.egg-info/SOURCES.txt'
[2.342s] running build_ext
[2.343s] Creating /home/bojan/ros2_project_04/install/turtle_hunter/lib/python3.10/site-packages/turtle-hunter.egg-link (link to .)
[2.343s] Installing turtle_controller script to /home/bojan/ros2_project_04/install/turtle_hunter/lib/turtle_hunter
[2.350s] Installing turtle_spawner script to /home/bojan/ros2_project_04/install/turtle_hunter/lib/turtle_hunter
[2.350s] 
[2.350s] Installed /home/bojan/ros2_project_04/build/turtle_hunter
[2.350s] running install_data
[2.500s] Invoked command in '/home/bojan/ros2_project_04/build/turtle_hunter' returned '0': PYTHONPATH=/home/bojan/ros2_project_04/build/turtle_hunter/prefix_override:/home/bojan/ros2_project_04/install/turtle_hunter/lib/python3.10/site-packages:${PYTHONPATH} WSLENV=ELECTRON_RUN_AS_NODE/w: /usr/bin/python3 setup.py develop --editable --build-directory /home/bojan/ros2_project_04/build/turtle_hunter/build --no-deps install_data
